#! /usr/local/bin/vvp
:ivl_version "10.1 (stable)" "(v10_1_1)";
:ivl_delay_selection "TYPICAL";
:vpi_time_precision - 10;
:vpi_module "system";
:vpi_module "vhdl_sys";
:vpi_module "v2005_math";
:vpi_module "va_math";
S_0x230b090 .scope module, "testbench" "testbench" 2 4;
 .timescale -9 -10;
v0x23f7310_0 .net "busA", 15 0, v0x23f2cc0_0;  1 drivers
v0x23f7480_0 .net "busB", 15 0, v0x23f2da0_0;  1 drivers
v0x23f75d0_0 .var "clk", 0 0;
v0x23f7670_0 .var "dataIn", 15 0;
v0x23f7710_0 .var/i "pc", 31 0;
v0x23f77f0_0 .var "reset", 0 0;
v0x23f7890_0 .net "rw", 0 0, L_0x242b7b0;  1 drivers
S_0x230a6a0 .scope module, "mARC" "Processor" 2 14, 3 4 0, S_0x230b090;
 .timescale 0 0;
    .port_info 0 /INPUT 16 "dataIn"
    .port_info 1 /OUTPUT 16 "busA"
    .port_info 2 /OUTPUT 16 "busB"
    .port_info 3 /OUTPUT 1 "rw"
    .port_info 4 /INPUT 1 "reset"
    .port_info 5 /INPUT 1 "clk"
v0x23f69f0_0 .net "busA", 15 0, v0x23f2cc0_0;  alias, 1 drivers
v0x23f6ad0_0 .net "busB", 15 0, v0x23f2da0_0;  alias, 1 drivers
v0x23f6b90_0 .net "clk", 0 0, v0x23f75d0_0;  1 drivers
v0x23f6c30_0 .net "ctrlword", 19 0, L_0x2429bd0;  1 drivers
v0x23f6cd0_0 .net "dataIn", 15 0, v0x23f7670_0;  1 drivers
v0x23f6de0_0 .net "instruction", 15 0, v0x23f32b0_0;  1 drivers
v0x23f6f30_0 .net "reset", 0 0, v0x23f77f0_0;  1 drivers
v0x23f6fd0_0 .net "rw", 0 0, L_0x242b7b0;  alias, 1 drivers
v0x23f7070_0 .net "status", 4 0, v0x23f5bc0_0;  1 drivers
S_0x23aff50 .scope module, "control_unit" "ControlUnit" 3 34, 4 8 0, S_0x230a6a0;
 .timescale 0 0;
    .port_info 0 /INPUT 1 "clk"
    .port_info 1 /INPUT 1 "reset"
    .port_info 2 /INPUT 16 "instruction"
    .port_info 3 /INPUT 5 "status"
    .port_info 4 /OUTPUT 20 "ctrlword"
    .port_info 5 /OUTPUT 1 "rw_mem"
v0x23f1a70_0 .net "clk", 0 0, v0x23f75d0_0;  alias, 1 drivers
v0x23f1b30_0 .net "ctrlword", 19 0, L_0x2429bd0;  alias, 1 drivers
v0x23f1c00_0 .net "instruction", 15 0, v0x23f32b0_0;  alias, 1 drivers
v0x23f1d00_0 .net "nextstate", 12 0, L_0x23fb8d0;  1 drivers
v0x23f1df0_0 .net "reset", 0 0, v0x23f77f0_0;  alias, 1 drivers
v0x23f1ee0_0 .net "rw_mem", 0 0, L_0x242b7b0;  alias, 1 drivers
v0x23f1f80_0 .net "state", 12 0, v0x23f1900_0;  1 drivers
v0x23f2020_0 .net "status", 4 0, v0x23f5bc0_0;  alias, 1 drivers
L_0x23fc5b0 .part v0x23f32b0_0, 15, 1;
L_0x23fc650 .part v0x23f32b0_0, 11, 4;
S_0x231f270 .scope module, "nsl_unit" "NextStateLogic" 4 27, 5 1 0, S_0x23aff50;
 .timescale 0 0;
    .port_info 0 /INPUT 1 "opc1"
    .port_info 1 /INPUT 4 "opc2"
    .port_info 2 /INPUT 13 "state"
    .port_info 3 /OUTPUT 13 "nextstate"
L_0x23f8210 .functor NOT 1, L_0x23fc5b0, C4<0>, C4<0>, C4<0>;
L_0x23f82e0 .functor AND 1, L_0x23f8140, L_0x23f8210, C4<1>, C4<1>;
L_0x23f8520 .functor XOR 1, L_0x23f8380, L_0x23f8450, C4<0>, C4<0>;
L_0x23f85e0 .functor NOT 1, L_0x23f8520, C4<0>, C4<0>, C4<0>;
L_0x23f8740 .functor NOT 1, L_0x23f86a0, C4<0>, C4<0>, C4<0>;
L_0x23f8930 .functor AND 1, L_0x23f8740, L_0x23f8800, C4<1>, C4<1>;
L_0x23f8b50 .functor NOT 1, L_0x23f8a60, C4<0>, C4<0>, C4<0>;
L_0x23f8c10 .functor AND 1, L_0x23f8930, L_0x23f8b50, C4<1>, C4<1>;
L_0x23f8d70 .functor OR 1, L_0x23f85e0, L_0x23f8c10, C4<0>, C4<0>;
L_0x23f8f20 .functor NOT 1, L_0x23f8e80, C4<0>, C4<0>, C4<0>;
L_0x23f90e0 .functor NOT 1, L_0x23f8fe0, C4<0>, C4<0>, C4<0>;
L_0x23f9150 .functor AND 1, L_0x23f8f20, L_0x23f90e0, C4<1>, C4<1>;
L_0x23f9280 .functor OR 1, L_0x23f8d70, L_0x23f9150, C4<0>, C4<0>;
L_0x23f9390 .functor AND 1, L_0x23f82e0, L_0x23f9280, C4<1>, C4<1>;
L_0x23f79d0 .functor NOT 1, L_0x23fc5b0, C4<0>, C4<0>, C4<0>;
L_0x23f97c0 .functor AND 1, L_0x23f95c0, L_0x23f79d0, C4<1>, C4<1>;
L_0x23f88a0 .functor NOT 1, L_0x23f9960, C4<0>, C4<0>, C4<0>;
L_0x23f9b60 .functor AND 1, L_0x23f97c0, L_0x23f88a0, C4<1>, C4<1>;
L_0x23f9210 .functor AND 1, L_0x23f9b60, L_0x23f9d10, C4<1>, C4<1>;
L_0x23f9ea0 .functor AND 1, L_0x23f9210, L_0x23f9e00, C4<1>, C4<1>;
L_0x23fa190 .functor NOT 1, L_0x23fc5b0, C4<0>, C4<0>, C4<0>;
L_0x23fa200 .functor AND 1, L_0x23fa0f0, L_0x23fa190, C4<1>, C4<1>;
L_0x23fa060 .functor AND 1, L_0x23fa200, L_0x23f9fb0, C4<1>, C4<1>;
L_0x23fa5b0 .functor NOT 1, L_0x23fa510, C4<0>, C4<0>, C4<0>;
L_0x23fa310 .functor AND 1, L_0x23fa060, L_0x23fa5b0, C4<1>, C4<1>;
L_0x23fa3d0 .functor NOT 1, L_0x23fa790, C4<0>, C4<0>, C4<0>;
L_0x23fa670 .functor AND 1, L_0x23fa310, L_0x23fa3d0, C4<1>, C4<1>;
L_0x23fab00 .functor AND 1, L_0x23fa670, L_0x23faa60, C4<1>, C4<1>;
L_0x23fad00 .functor AND 1, L_0x23fa830, L_0x23fadc0, C4<1>, C4<1>;
L_0x23f9a00 .functor NOT 1, L_0x23faf80, C4<0>, C4<0>, C4<0>;
L_0x23fac10 .functor AND 1, L_0x23fad00, L_0x23f9a00, C4<1>, C4<1>;
L_0x23fae60 .functor AND 1, L_0x23fac10, L_0x23fb330, C4<1>, C4<1>;
L_0x23fb3d0 .functor AND 1, L_0x23fb610, L_0x23fc5b0, C4<1>, C4<1>;
L_0x23f9700 .functor OR 1, L_0x23fb6b0, L_0x23f9660, C4<0>, C4<0>;
L_0x23fb500 .functor OR 1, L_0x23f9700, L_0x23fbce0, C4<0>, C4<0>;
L_0x23fbfa0 .functor OR 1, L_0x23fb500, L_0x23fc1d0, C4<0>, C4<0>;
L_0x23fc150 .functor OR 1, L_0x23fbfa0, L_0x23fc0b0, C4<0>, C4<0>;
v0x2304780_0 .net *"_s100", 0 0, L_0x23fa310;  1 drivers
v0x23cd440_0 .net *"_s103", 0 0, L_0x23fa790;  1 drivers
v0x23cd520_0 .net *"_s104", 0 0, L_0x23fa3d0;  1 drivers
v0x23cd610_0 .net *"_s106", 0 0, L_0x23fa670;  1 drivers
v0x23cd6f0_0 .net *"_s109", 0 0, L_0x23faa60;  1 drivers
v0x23cd820_0 .net *"_s11", 0 0, L_0x23f8140;  1 drivers
v0x23cd900_0 .net *"_s110", 0 0, L_0x23fab00;  1 drivers
v0x23cd9e0_0 .net *"_s115", 0 0, L_0x23fa930;  1 drivers
v0x23cdac0_0 .net *"_s119", 0 0, L_0x23fa830;  1 drivers
v0x23cdc30_0 .net *"_s12", 0 0, L_0x23f8210;  1 drivers
v0x23cdd10_0 .net *"_s121", 0 0, L_0x23fadc0;  1 drivers
v0x23cddf0_0 .net *"_s122", 0 0, L_0x23fad00;  1 drivers
v0x23cded0_0 .net *"_s125", 0 0, L_0x23faf80;  1 drivers
v0x23cdfb0_0 .net *"_s126", 0 0, L_0x23f9a00;  1 drivers
v0x23ce090_0 .net *"_s128", 0 0, L_0x23fac10;  1 drivers
v0x23ce170_0 .net *"_s131", 0 0, L_0x23fb330;  1 drivers
v0x23ce250_0 .net *"_s132", 0 0, L_0x23fae60;  1 drivers
v0x23ce400_0 .net *"_s137", 0 0, L_0x23fb230;  1 drivers
v0x23ce4a0_0 .net *"_s14", 0 0, L_0x23f82e0;  1 drivers
v0x23ce580_0 .net *"_s141", 0 0, L_0x23fb610;  1 drivers
v0x23ce660_0 .net *"_s142", 0 0, L_0x23fb3d0;  1 drivers
v0x23ce740_0 .net *"_s147", 0 0, L_0x23fb830;  1 drivers
v0x23ce820_0 .net *"_s152", 0 0, L_0x23fb6b0;  1 drivers
v0x23ce900_0 .net *"_s154", 0 0, L_0x23f9660;  1 drivers
v0x23ce9e0_0 .net *"_s155", 0 0, L_0x23f9700;  1 drivers
v0x23ceac0_0 .net *"_s158", 0 0, L_0x23fbce0;  1 drivers
v0x23ceba0_0 .net *"_s159", 0 0, L_0x23fb500;  1 drivers
v0x23cec80_0 .net *"_s162", 0 0, L_0x23fc1d0;  1 drivers
v0x23ced60_0 .net *"_s163", 0 0, L_0x23fbfa0;  1 drivers
v0x23cee40_0 .net *"_s166", 0 0, L_0x23fc0b0;  1 drivers
v0x23cef20_0 .net *"_s167", 0 0, L_0x23fc150;  1 drivers
v0x23cf000_0 .net *"_s17", 0 0, L_0x23f8380;  1 drivers
v0x23cf0e0_0 .net *"_s19", 0 0, L_0x23f8450;  1 drivers
v0x23ce330_0 .net *"_s20", 0 0, L_0x23f8520;  1 drivers
v0x23cf3b0_0 .net *"_s22", 0 0, L_0x23f85e0;  1 drivers
v0x23cf490_0 .net *"_s25", 0 0, L_0x23f86a0;  1 drivers
v0x23cf570_0 .net *"_s26", 0 0, L_0x23f8740;  1 drivers
v0x23cf650_0 .net *"_s29", 0 0, L_0x23f8800;  1 drivers
v0x23cf730_0 .net *"_s3", 0 0, L_0x23f7fd0;  1 drivers
v0x23cf810_0 .net *"_s30", 0 0, L_0x23f8930;  1 drivers
v0x23cf8f0_0 .net *"_s33", 0 0, L_0x23f8a60;  1 drivers
v0x23cf9d0_0 .net *"_s34", 0 0, L_0x23f8b50;  1 drivers
v0x23cfab0_0 .net *"_s36", 0 0, L_0x23f8c10;  1 drivers
v0x23cfb90_0 .net *"_s38", 0 0, L_0x23f8d70;  1 drivers
v0x23cfc70_0 .net *"_s41", 0 0, L_0x23f8e80;  1 drivers
v0x23cfd50_0 .net *"_s42", 0 0, L_0x23f8f20;  1 drivers
v0x23cfe30_0 .net *"_s45", 0 0, L_0x23f8fe0;  1 drivers
v0x23cff10_0 .net *"_s46", 0 0, L_0x23f90e0;  1 drivers
v0x23cfff0_0 .net *"_s48", 0 0, L_0x23f9150;  1 drivers
v0x23d00d0_0 .net *"_s50", 0 0, L_0x23f9280;  1 drivers
v0x23d01b0_0 .net *"_s52", 0 0, L_0x23f9390;  1 drivers
v0x23d0290_0 .net *"_s57", 0 0, L_0x23f9520;  1 drivers
v0x23d0370_0 .net *"_s61", 0 0, L_0x23f95c0;  1 drivers
v0x23d0450_0 .net *"_s62", 0 0, L_0x23f79d0;  1 drivers
v0x23d0530_0 .net *"_s64", 0 0, L_0x23f97c0;  1 drivers
v0x23d0610_0 .net *"_s67", 0 0, L_0x23f9960;  1 drivers
v0x23d06f0_0 .net *"_s68", 0 0, L_0x23f88a0;  1 drivers
v0x23d07d0_0 .net *"_s7", 0 0, L_0x23f8070;  1 drivers
v0x23d08b0_0 .net *"_s70", 0 0, L_0x23f9b60;  1 drivers
v0x23d0990_0 .net *"_s73", 0 0, L_0x23f9d10;  1 drivers
v0x23d0a70_0 .net *"_s74", 0 0, L_0x23f9210;  1 drivers
v0x23d0b50_0 .net *"_s77", 0 0, L_0x23f9e00;  1 drivers
v0x23d0c30_0 .net *"_s78", 0 0, L_0x23f9ea0;  1 drivers
v0x23d0d10_0 .net *"_s83", 0 0, L_0x23f9c70;  1 drivers
v0x23d0df0_0 .net *"_s87", 0 0, L_0x23fa0f0;  1 drivers
v0x23cf180_0 .net *"_s88", 0 0, L_0x23fa190;  1 drivers
v0x23cf260_0 .net *"_s90", 0 0, L_0x23fa200;  1 drivers
v0x23d12a0_0 .net *"_s93", 0 0, L_0x23f9fb0;  1 drivers
v0x23d1340_0 .net *"_s94", 0 0, L_0x23fa060;  1 drivers
v0x23d1400_0 .net *"_s97", 0 0, L_0x23fa510;  1 drivers
v0x23d14e0_0 .net *"_s98", 0 0, L_0x23fa5b0;  1 drivers
v0x23d15c0_0 .net "nextstate", 12 0, L_0x23fb8d0;  alias, 1 drivers
v0x23d16a0_0 .net "opc1", 0 0, L_0x23fc5b0;  1 drivers
v0x23d1760_0 .net "opc2", 3 0, L_0x23fc650;  1 drivers
v0x23d1840_0 .net "state", 12 0, v0x23f1900_0;  alias, 1 drivers
L_0x23f7fd0 .part v0x23f1900_0, 12, 1;
L_0x23f8070 .part v0x23f1900_0, 0, 1;
L_0x23f8140 .part v0x23f1900_0, 1, 1;
L_0x23f8380 .part L_0x23fc650, 3, 1;
L_0x23f8450 .part L_0x23fc650, 2, 1;
L_0x23f86a0 .part L_0x23fc650, 3, 1;
L_0x23f8800 .part L_0x23fc650, 2, 1;
L_0x23f8a60 .part L_0x23fc650, 1, 1;
L_0x23f8e80 .part L_0x23fc650, 1, 1;
L_0x23f8fe0 .part L_0x23fc650, 0, 1;
L_0x23f9520 .part v0x23f1900_0, 2, 1;
L_0x23f95c0 .part v0x23f1900_0, 1, 1;
L_0x23f9960 .part L_0x23fc650, 3, 1;
L_0x23f9d10 .part L_0x23fc650, 2, 1;
L_0x23f9e00 .part L_0x23fc650, 1, 1;
L_0x23f9c70 .part v0x23f1900_0, 4, 1;
L_0x23fa0f0 .part v0x23f1900_0, 1, 1;
L_0x23f9fb0 .part L_0x23fc650, 3, 1;
L_0x23fa510 .part L_0x23fc650, 2, 1;
L_0x23fa790 .part L_0x23fc650, 1, 1;
L_0x23faa60 .part L_0x23fc650, 0, 1;
L_0x23fa930 .part v0x23f1900_0, 6, 1;
L_0x23fa830 .part v0x23f1900_0, 1, 1;
L_0x23fadc0 .part L_0x23fc650, 3, 1;
L_0x23faf80 .part L_0x23fc650, 2, 1;
L_0x23fb330 .part L_0x23fc650, 1, 1;
L_0x23fb230 .part v0x23f1900_0, 8, 1;
L_0x23fb610 .part v0x23f1900_0, 1, 1;
L_0x23fb830 .part v0x23f1900_0, 10, 1;
LS_0x23fb8d0_0_0 .concat8 [ 1 1 1 1], L_0x23f7fd0, L_0x23f8070, L_0x23f9390, L_0x23f9520;
LS_0x23fb8d0_0_4 .concat8 [ 1 1 1 1], L_0x23f9ea0, L_0x23f9c70, L_0x23fab00, L_0x23fa930;
LS_0x23fb8d0_0_8 .concat8 [ 1 1 1 1], L_0x23fae60, L_0x23fb230, L_0x23fb3d0, L_0x23fb830;
LS_0x23fb8d0_0_12 .concat8 [ 1 0 0 0], L_0x23fc150;
L_0x23fb8d0 .concat8 [ 4 4 4 1], LS_0x23fb8d0_0_0, LS_0x23fb8d0_0_4, LS_0x23fb8d0_0_8, LS_0x23fb8d0_0_12;
L_0x23fb6b0 .part v0x23f1900_0, 3, 1;
L_0x23f9660 .part v0x23f1900_0, 5, 1;
L_0x23fbce0 .part v0x23f1900_0, 7, 1;
L_0x23fc1d0 .part v0x23f1900_0, 9, 1;
L_0x23fc0b0 .part v0x23f1900_0, 11, 1;
S_0x23d19d0 .scope module, "ol_unit" "OutputLogic" 4 41, 6 1 0, S_0x23aff50;
 .timescale 0 0;
    .port_info 0 /INPUT 13 "state"
    .port_info 1 /INPUT 5 "status"
    .port_info 2 /INPUT 16 "ir"
    .port_info 3 /OUTPUT 20 "ctrlword"
    .port_info 4 /OUTPUT 1 "rw_mem"
L_0x23fc8d0 .functor AND 1, L_0x23fc790, L_0x23fc830, C4<1>, C4<1>;
L_0x23fc9e0 .functor OR 1, L_0x23fc6f0, L_0x23fc8d0, C4<0>, C4<0>;
L_0x23fcb90 .functor OR 1, L_0x23fc9e0, L_0x23fcaf0, C4<0>, C4<0>;
L_0x23f6ea0 .functor OR 1, L_0x23fcd40, L_0x23fcef0, C4<0>, C4<0>;
L_0x23fd120 .functor OR 1, L_0x23f6ea0, L_0x23fd030, C4<0>, C4<0>;
L_0x23fd230 .functor AND 1, L_0x23fcca0, L_0x23fd120, C4<1>, C4<1>;
L_0x23fd340 .functor OR 1, L_0x23fcb90, L_0x23fd230, C4<0>, C4<0>;
L_0x23fd4f0 .functor OR 1, L_0x23fd340, L_0x23fd450, C4<0>, C4<0>;
L_0x23fd6f0 .functor OR 1, L_0x23fd4f0, L_0x23fd650, C4<0>, C4<0>;
L_0x23fd850 .functor OR 1, L_0x23fd6f0, L_0x23fd7b0, C4<0>, C4<0>;
L_0x23fda70 .functor OR 1, L_0x23fd850, L_0x23fd960, C4<0>, C4<0>;
L_0x23fdbd0 .functor OR 1, L_0x23fda70, L_0x23fdb30, C4<0>, C4<0>;
L_0x23fda00 .functor NOT 1, L_0x23fde70, C4<0>, C4<0>, C4<0>;
L_0x23fe000 .functor OR 1, L_0x23fe090, L_0x23fe130, C4<0>, C4<0>;
L_0x23fdce0 .functor OR 1, L_0x23fe000, L_0x23fe310, C4<0>, C4<0>;
L_0x23fe450 .functor AND 1, L_0x23fdf60, L_0x23fdce0, C4<1>, C4<1>;
L_0x23fe5f0 .functor OR 1, L_0x23fda00, L_0x23fe450, C4<0>, C4<0>;
L_0x23fe700 .functor AND 1, L_0x23fdd50, L_0x23fe5f0, C4<1>, C4<1>;
L_0x23fe560 .functor OR 1, L_0x23fdbd0, L_0x23fe700, C4<0>, C4<0>;
L_0x23fddf0 .functor NOT 1, L_0x23fbd90, C4<0>, C4<0>, C4<0>;
L_0x23fe9f0 .functor AND 1, L_0x23fddf0, L_0x23fe810, C4<1>, C4<1>;
L_0x23fbe30 .functor OR 1, L_0x23fe9f0, L_0x23fef00, C4<0>, C4<0>;
L_0x23fbef0 .functor AND 1, L_0x23fe1d0, L_0x23fbe30, C4<1>, C4<1>;
L_0x23ff360 .functor OR 1, L_0x23fe950, L_0x23fbef0, C4<0>, C4<0>;
L_0x23ff5e0 .functor AND 1, L_0x23ff200, L_0x23ff540, C4<1>, C4<1>;
L_0x23ff6f0 .functor OR 1, L_0x23ff360, L_0x23ff5e0, C4<0>, C4<0>;
L_0x23fcde0 .functor AND 1, L_0x23ff470, L_0x23ff8e0, C4<1>, C4<1>;
L_0x23ffac0 .functor OR 1, L_0x23ff6f0, L_0x23fcde0, C4<0>, C4<0>;
L_0x23ffcc0 .functor OR 1, L_0x23ffac0, L_0x23ff800, C4<0>, C4<0>;
L_0x23ff980 .functor OR 1, L_0x23ffcc0, L_0x23ffdd0, C4<0>, C4<0>;
L_0x24000c0 .functor OR 1, L_0x23ff980, L_0x23ffbd0, C4<0>, C4<0>;
L_0x2400330 .functor NOT 1, L_0x23ffe70, C4<0>, C4<0>, C4<0>;
L_0x23fffc0 .functor AND 1, L_0x2400180, L_0x2400330, C4<1>, C4<1>;
L_0x2400500 .functor OR 1, L_0x24000c0, L_0x23fffc0, C4<0>, C4<0>;
L_0x2400440 .functor OR 1, L_0x2400500, L_0x24003a0, C4<0>, C4<0>;
L_0x24002c0 .functor OR 1, L_0x2400440, L_0x2400850, C4<0>, C4<0>;
L_0x24006b0 .functor OR 1, L_0x24002c0, L_0x2400610, C4<0>, C4<0>;
L_0x24007c0 .functor NOT 1, L_0x2400c90, C4<0>, C4<0>, C4<0>;
L_0x2400dd0 .functor OR 1, L_0x2400fb0, L_0x2400d30, C4<0>, C4<0>;
L_0x2401050 .functor OR 1, L_0x2400dd0, L_0x24011f0, C4<0>, C4<0>;
L_0x2400e40 .functor AND 1, L_0x2400b10, L_0x2401050, C4<1>, C4<1>;
L_0x2401540 .functor OR 1, L_0x24007c0, L_0x2400e40, C4<0>, C4<0>;
L_0x24013f0 .functor AND 1, L_0x2400bf0, L_0x2401540, C4<1>, C4<1>;
L_0x2401760 .functor OR 1, L_0x24006b0, L_0x24013f0, C4<0>, C4<0>;
L_0x2401330 .functor NOT 1, L_0x2401290, C4<0>, C4<0>, C4<0>;
L_0x24019e0 .functor AND 1, L_0x2401330, L_0x2401b50, C4<1>, C4<1>;
L_0x2401910 .functor OR 1, L_0x24019e0, L_0x2401870, C4<0>, C4<0>;
L_0x2401ef0 .functor AND 1, L_0x24016a0, L_0x2401910, C4<1>, C4<1>;
L_0x2401d70 .functor OR 1, L_0x2401600, L_0x2401ef0, C4<0>, C4<0>;
L_0x2401e80 .functor AND 1, L_0x2402190, L_0x2401bf0, C4<1>, C4<1>;
L_0x2402000 .functor OR 1, L_0x2401d70, L_0x2401e80, C4<0>, C4<0>;
L_0x24022d0 .functor AND 1, L_0x2402560, L_0x2402230, C4<1>, C4<1>;
L_0x2402390 .functor OR 1, L_0x2402000, L_0x24022d0, C4<0>, C4<0>;
L_0x2402600 .functor OR 1, L_0x2402390, L_0x24024a0, C4<0>, C4<0>;
L_0x24027b0 .functor OR 1, L_0x2402600, L_0x2402710, C4<0>, C4<0>;
L_0x2402960 .functor AND 1, L_0x2402cc0, L_0x24028c0, C4<1>, C4<1>;
L_0x2402a70 .functor OR 1, L_0x24027b0, L_0x2402960, C4<0>, C4<0>;
L_0x2402c20 .functor OR 1, L_0x2402a70, L_0x2402b80, C4<0>, C4<0>;
L_0x2402ea0 .functor OR 1, L_0x2402c20, L_0x2402e00, C4<0>, C4<0>;
L_0x24030f0 .functor NOT 1, L_0x2403050, C4<0>, C4<0>, C4<0>;
L_0x2403580 .functor OR 1, L_0x2403440, L_0x24034e0, C4<0>, C4<0>;
L_0x2403340 .functor OR 1, L_0x2403580, L_0x24032a0, C4<0>, C4<0>;
L_0x2403640 .functor AND 1, L_0x24031b0, L_0x2403340, C4<1>, C4<1>;
L_0x2403750 .functor OR 1, L_0x24030f0, L_0x2403640, C4<0>, C4<0>;
L_0x2403cd0 .functor AND 1, L_0x2402fb0, L_0x2403750, C4<1>, C4<1>;
L_0x2403de0 .functor OR 1, L_0x2402ea0, L_0x2403cd0, C4<0>, C4<0>;
L_0x2403c00 .functor NOT 1, L_0x2403b60, C4<0>, C4<0>, C4<0>;
L_0x2403910 .functor AND 1, L_0x2403c00, L_0x2403870, C4<1>, C4<1>;
L_0x24041c0 .functor OR 1, L_0x2403910, L_0x2404120, C4<0>, C4<0>;
L_0x2404280 .functor AND 1, L_0x2403ac0, L_0x24041c0, C4<1>, C4<1>;
L_0x23ff130 .functor AND 1, L_0x23feff0, L_0x23ff090, C4<1>, C4<1>;
L_0x24047d0 .functor OR 1, L_0x2404280, L_0x23ff130, C4<0>, C4<0>;
L_0x24048e0 .functor AND 1, L_0x2404ba0, L_0x2403ef0, C4<1>, C4<1>;
L_0x2404030 .functor OR 1, L_0x24047d0, L_0x24048e0, C4<0>, C4<0>;
L_0x24049f0 .functor OR 1, L_0x2404030, L_0x2404950, C4<0>, C4<0>;
L_0x2404c40 .functor OR 1, L_0x24049f0, L_0x2404b00, C4<0>, C4<0>;
L_0x2404df0 .functor OR 1, L_0x2404c40, L_0x2404d50, C4<0>, C4<0>;
L_0x2405310 .functor NOT 1, L_0x2405270, C4<0>, C4<0>, C4<0>;
L_0x2404f20 .functor AND 1, L_0x24051d0, L_0x2405310, C4<1>, C4<1>;
L_0x2405030 .functor OR 1, L_0x2404df0, L_0x2404f20, C4<0>, C4<0>;
L_0x2405470 .functor OR 1, L_0x2405030, L_0x24053d0, C4<0>, C4<0>;
L_0x2405580 .functor OR 1, L_0x2405470, L_0x2405af0, C4<0>, C4<0>;
L_0x2405a60 .functor AND 1, L_0x2405690, L_0x2405730, C4<1>, C4<1>;
L_0x2405cd0 .functor OR 1, L_0x2405a60, L_0x2405c30, C4<0>, C4<0>;
L_0x23fee40 .functor OR 1, L_0x23fed00, L_0x23feda0, C4<0>, C4<0>;
L_0x2405910 .functor OR 1, L_0x23fee40, L_0x2405870, C4<0>, C4<0>;
L_0x23fea60 .functor NOT 1, L_0x2405910, C4<0>, C4<0>, C4<0>;
L_0x23feb20 .functor AND 1, L_0x24060c0, L_0x23fea60, C4<1>, C4<1>;
L_0x23fec30 .functor OR 1, L_0x2405cd0, L_0x23feb20, C4<0>, C4<0>;
L_0x2405ed0 .functor OR 1, L_0x23fec30, L_0x2405e30, C4<0>, C4<0>;
L_0x2406970 .functor OR 1, L_0x2405ed0, L_0x2405fe0, C4<0>, C4<0>;
L_0x2406df0 .functor OR 1, L_0x2406970, L_0x2406a80, C4<0>, C4<0>;
L_0x2406fa0 .functor OR 1, L_0x2406df0, L_0x2406f00, C4<0>, C4<0>;
L_0x2406b20 .functor OR 1, L_0x2406fa0, L_0x24070b0, C4<0>, C4<0>;
L_0x2406cd0 .functor OR 1, L_0x2406b20, L_0x2406c30, C4<0>, C4<0>;
L_0x2407290 .functor AND 1, L_0x2407150, L_0x24071f0, C4<1>, C4<1>;
L_0x2407750 .functor OR 1, L_0x2407290, L_0x24076b0, C4<0>, C4<0>;
L_0x24079a0 .functor AND 1, L_0x2407860, L_0x2407900, C4<1>, C4<1>;
L_0x24073a0 .functor OR 1, L_0x2407750, L_0x24079a0, C4<0>, C4<0>;
L_0x24075f0 .functor AND 1, L_0x24074b0, L_0x2407550, C4<1>, C4<1>;
L_0x2407ab0 .functor OR 1, L_0x24073a0, L_0x24075f0, C4<0>, C4<0>;
L_0x7f0cac149018 .functor BUFT 1, C4<00000000000000000000000000001010>, C4<0>, C4<0>, C4<0>;
L_0x2407f20 .functor OR 32, L_0x7f0cac149018, L_0x2407de0, C4<00000000000000000000000000000000>, C4<00000000000000000000000000000000>;
L_0x2408550 .functor OR 32, L_0x2407f20, L_0x2408410, C4<00000000000000000000000000000000>, C4<00000000000000000000000000000000>;
L_0x2407d00 .functor NOT 1, L_0x2408660, C4<0>, C4<0>, C4<0>;
L_0x2408030 .functor AND 1, L_0x2407bc0, L_0x2407d00, C4<1>, C4<1>;
L_0x2408140 .functor OR 1, L_0x2407ab0, L_0x2408030, C4<0>, C4<0>;
L_0x24082f0 .functor OR 1, L_0x2408140, L_0x2408250, C4<0>, C4<0>;
L_0x2418760 .functor OR 1, L_0x24082f0, L_0x2418f00, C4<0>, C4<0>;
L_0x2418910 .functor OR 1, L_0x2418760, L_0x2418870, C4<0>, C4<0>;
L_0x2418a20 .functor OR 1, L_0x2418910, L_0x2418b00, C4<0>, C4<0>;
L_0x2419320 .functor NOT 1, L_0x2418ce0, C4<0>, C4<0>, C4<0>;
L_0x24193e0 .functor AND 1, L_0x2418c40, L_0x2419320, C4<1>, C4<1>;
L_0x24194f0 .functor OR 1, L_0x2418a20, L_0x24193e0, C4<0>, C4<0>;
L_0x2418d80 .functor NOT 1, L_0x24196a0, C4<0>, C4<0>, C4<0>;
L_0x2419040 .functor AND 1, L_0x2418d80, L_0x2418fa0, C4<1>, C4<1>;
L_0x2419ae0 .functor OR 1, L_0x2419040, L_0x2419150, C4<0>, C4<0>;
L_0x2419bf0 .functor AND 1, L_0x2419600, L_0x2419ae0, C4<1>, C4<1>;
L_0x24191f0 .functor AND 1, L_0x2419d00, L_0x2419da0, C4<1>, C4<1>;
L_0x2419740 .functor OR 1, L_0x2419bf0, L_0x24191f0, C4<0>, C4<0>;
L_0x241a200 .functor AND 1, L_0x2419850, L_0x24198f0, C4<1>, C4<1>;
L_0x241a310 .functor OR 1, L_0x2419740, L_0x241a200, C4<0>, C4<0>;
L_0x2419990 .functor AND 1, L_0x241a420, L_0x241a4c0, C4<1>, C4<1>;
L_0x2419e40 .functor OR 1, L_0x241a310, L_0x2419990, C4<0>, C4<0>;
L_0x2419ff0 .functor OR 1, L_0x2419e40, L_0x2419f50, C4<0>, C4<0>;
L_0x241a940 .functor OR 1, L_0x2419ff0, L_0x241a100, C4<0>, C4<0>;
L_0x241af80 .functor NOT 1, L_0x241aaf0, C4<0>, C4<0>, C4<0>;
L_0x241a600 .functor AND 1, L_0x241af80, L_0x241a560, C4<1>, C4<1>;
L_0x241a850 .functor AND 1, L_0x241a710, L_0x241a7b0, C4<1>, C4<1>;
L_0x241abe0 .functor OR 1, L_0x241a600, L_0x241a850, C4<0>, C4<0>;
L_0x241acf0 .functor AND 1, L_0x241aa50, L_0x241abe0, C4<1>, C4<1>;
L_0x241aea0 .functor OR 1, L_0x241acf0, L_0x241ae00, C4<0>, C4<0>;
L_0x241b190 .functor AND 1, L_0x241b050, L_0x241b0f0, C4<1>, C4<1>;
L_0x241b6d0 .functor OR 1, L_0x241aea0, L_0x241b190, C4<0>, C4<0>;
L_0x241b920 .functor AND 1, L_0x241b7e0, L_0x241b880, C4<1>, C4<1>;
L_0x241ba30 .functor OR 1, L_0x241b6d0, L_0x241b920, C4<0>, C4<0>;
L_0x241b2a0 .functor OR 1, L_0x241ba30, L_0x241bb40, C4<0>, C4<0>;
L_0x241b450 .functor OR 1, L_0x241b2a0, L_0x241b3b0, C4<0>, C4<0>;
L_0x241b600 .functor OR 1, L_0x241b450, L_0x241b560, C4<0>, C4<0>;
L_0x241c120 .functor OR 1, L_0x241b600, L_0x241bc30, C4<0>, C4<0>;
L_0x241c7d0 .functor OR 1, L_0x241c230, L_0x241c2d0, C4<0>, C4<0>;
L_0x241bd70 .functor OR 1, L_0x241c7d0, L_0x241bcd0, C4<0>, C4<0>;
L_0x241bf20 .functor OR 1, L_0x241bd70, L_0x241be80, C4<0>, C4<0>;
L_0x241c370 .functor OR 1, L_0x241bf20, L_0x241c030, C4<0>, C4<0>;
L_0x241c430 .functor NOT 1, L_0x241c370, C4<0>, C4<0>, C4<0>;
L_0x241c630 .functor OR 1, L_0x241c4f0, L_0x241c590, C4<0>, C4<0>;
L_0x241ca20 .functor AND 1, L_0x241c8e0, L_0x241c980, C4<1>, C4<1>;
L_0x241c740 .functor OR 1, L_0x241c630, L_0x241ca20, C4<0>, C4<0>;
L_0x241d110 .functor OR 1, L_0x241c740, L_0x241d070, C4<0>, C4<0>;
L_0x241d360 .functor AND 1, L_0x241d220, L_0x241d2c0, C4<1>, C4<1>;
L_0x241d470 .functor OR 1, L_0x241d110, L_0x241d360, C4<0>, C4<0>;
L_0x241cbd0 .functor OR 1, L_0x241d470, L_0x241cb30, C4<0>, C4<0>;
L_0x241cd80 .functor OR 1, L_0x241cbd0, L_0x241cce0, C4<0>, C4<0>;
L_0x241da50 .functor AND 1, L_0x241ce90, L_0x241cf30, C4<1>, C4<1>;
L_0x241db60 .functor OR 1, L_0x241cd80, L_0x241da50, C4<0>, C4<0>;
L_0x241dd10 .functor OR 1, L_0x241db60, L_0x241dc70, C4<0>, C4<0>;
L_0x241dec0 .functor OR 1, L_0x241dd10, L_0x241de20, C4<0>, C4<0>;
L_0x241d620 .functor AND 1, L_0x241e070, L_0x241d580, C4<1>, C4<1>;
L_0x241d730 .functor OR 1, L_0x241dfd0, L_0x241d620, C4<0>, C4<0>;
L_0x241d980 .functor AND 1, L_0x241d840, L_0x241d8e0, C4<1>, C4<1>;
L_0x2404340 .functor OR 1, L_0x241d730, L_0x241d980, C4<0>, C4<0>;
L_0x2404590 .functor AND 1, L_0x2404450, L_0x24044f0, C4<1>, C4<1>;
L_0x24046a0 .functor OR 1, L_0x2404340, L_0x2404590, C4<0>, C4<0>;
L_0x241e250 .functor OR 1, L_0x24046a0, L_0x241e1b0, C4<0>, C4<0>;
L_0x241e400 .functor OR 1, L_0x241e250, L_0x241e360, C4<0>, C4<0>;
L_0x241f400 .functor OR 1, L_0x241e510, L_0x241f360, C4<0>, C4<0>;
L_0x241f650 .functor AND 1, L_0x241f510, L_0x241f5b0, C4<1>, C4<1>;
L_0x241fca0 .functor OR 1, L_0x241f400, L_0x241f650, C4<0>, C4<0>;
L_0x241eed0 .functor OR 1, L_0x241fca0, L_0x241ee30, C4<0>, C4<0>;
L_0x241f120 .functor AND 1, L_0x241efe0, L_0x241f080, C4<1>, C4<1>;
L_0x241f230 .functor OR 1, L_0x241eed0, L_0x241f120, C4<0>, C4<0>;
L_0x241f800 .functor OR 1, L_0x241f230, L_0x241f760, C4<0>, C4<0>;
L_0x241f9b0 .functor OR 1, L_0x241f800, L_0x241f910, C4<0>, C4<0>;
L_0x241fc00 .functor AND 1, L_0x241fac0, L_0x241fb60, C4<1>, C4<1>;
L_0x2420390 .functor OR 1, L_0x241f9b0, L_0x241fc00, C4<0>, C4<0>;
L_0x2420540 .functor OR 1, L_0x2420390, L_0x24204a0, C4<0>, C4<0>;
L_0x241fe10 .functor AND 1, L_0x2420c80, L_0x241fd70, C4<1>, C4<1>;
L_0x241fed0 .functor OR 1, L_0x2420650, L_0x241fe10, C4<0>, C4<0>;
L_0x241ffe0 .functor NOT 1, L_0x241fed0, C4<0>, C4<0>, C4<0>;
L_0x2420280 .functor NOT 1, L_0x24201e0, C4<0>, C4<0>, C4<0>;
L_0x2406760 .functor AND 1, L_0x2420140, L_0x2420280, C4<1>, C4<1>;
L_0x2406870 .functor OR 1, L_0x24200a0, L_0x2406760, C4<0>, C4<0>;
L_0x2420880 .functor NOT 1, L_0x24207e0, C4<0>, C4<0>, C4<0>;
L_0x2420940 .functor AND 1, L_0x2420740, L_0x2420880, C4<1>, C4<1>;
L_0x2420af0 .functor AND 1, L_0x2420940, L_0x2420a50, C4<1>, C4<1>;
L_0x2420c00 .functor NOT 1, L_0x2421990, C4<0>, C4<0>, C4<0>;
L_0x2421b20 .functor NOT 1, L_0x2421a80, C4<0>, C4<0>, C4<0>;
L_0x2421c10 .functor AND 1, L_0x2420c00, L_0x2421b20, C4<1>, C4<1>;
L_0x2421dc0 .functor NOT 1, L_0x2421d20, C4<0>, C4<0>, C4<0>;
L_0x24213a0 .functor AND 1, L_0x2421c10, L_0x2421dc0, C4<1>, C4<1>;
L_0x2421550 .functor NOT 1, L_0x24214b0, C4<0>, C4<0>, C4<0>;
L_0x24216e0 .functor NOT 1, L_0x2421640, C4<0>, C4<0>, C4<0>;
L_0x24217d0 .functor AND 1, L_0x2421550, L_0x24216e0, C4<1>, C4<1>;
L_0x2406200 .functor AND 1, L_0x24217d0, L_0x2406160, C4<1>, C4<1>;
L_0x2406310 .functor OR 1, L_0x24213a0, L_0x2406200, C4<0>, C4<0>;
L_0x24064c0 .functor NOT 1, L_0x2406420, C4<0>, C4<0>, C4<0>;
L_0x2406620 .functor NOT 1, L_0x2406580, C4<0>, C4<0>, C4<0>;
L_0x2420d70 .functor AND 1, L_0x24064c0, L_0x2406620, C4<1>, C4<1>;
L_0x2420f20 .functor AND 1, L_0x2420d70, L_0x2420e80, C4<1>, C4<1>;
L_0x24210d0 .functor NOT 1, L_0x2421030, C4<0>, C4<0>, C4<0>;
L_0x2421190 .functor AND 1, L_0x2420f20, L_0x24210d0, C4<1>, C4<1>;
L_0x24212a0 .functor OR 1, L_0x2406310, L_0x2421190, C4<0>, C4<0>;
L_0x2423670 .functor NOT 1, L_0x24235d0, C4<0>, C4<0>, C4<0>;
L_0x2423d90 .functor AND 1, L_0x2423530, L_0x2423670, C4<1>, C4<1>;
L_0x2423f40 .functor AND 1, L_0x2423d90, L_0x2423ea0, C4<1>, C4<1>;
L_0x2422f30 .functor AND 1, L_0x2423f40, L_0x2422e90, C4<1>, C4<1>;
L_0x2423040 .functor OR 1, L_0x24212a0, L_0x2422f30, C4<0>, C4<0>;
L_0x24231f0 .functor NOT 1, L_0x2423150, C4<0>, C4<0>, C4<0>;
L_0x24233f0 .functor XOR 1, L_0x24232b0, L_0x2423350, C4<0>, C4<0>;
L_0x2400a30 .functor NOT 1, L_0x24233f0, C4<0>, C4<0>, C4<0>;
L_0x2424260 .functor AND 1, L_0x24231f0, L_0x2400a30, C4<1>, C4<1>;
L_0x2424410 .functor AND 1, L_0x2424260, L_0x2424370, C4<1>, C4<1>;
L_0x24245c0 .functor NOT 1, L_0x2424520, C4<0>, C4<0>, C4<0>;
L_0x2423780 .functor AND 1, L_0x2424410, L_0x24245c0, C4<1>, C4<1>;
L_0x2423930 .functor NOT 1, L_0x2423890, C4<0>, C4<0>, C4<0>;
L_0x24239f0 .functor AND 1, L_0x2423780, L_0x2423930, C4<1>, C4<1>;
L_0x2423b00 .functor OR 1, L_0x2423040, L_0x24239f0, C4<0>, C4<0>;
L_0x2424d60 .functor XOR 1, L_0x2423cb0, L_0x2424cc0, C4<0>, C4<0>;
L_0x2424e70 .functor OR 1, L_0x2423c10, L_0x2424d60, C4<0>, C4<0>;
L_0x2425020 .functor AND 1, L_0x2424e70, L_0x2424f80, C4<1>, C4<1>;
L_0x2424640 .functor NOT 1, L_0x2425130, C4<0>, C4<0>, C4<0>;
L_0x2424700 .functor AND 1, L_0x2425020, L_0x2424640, C4<1>, C4<1>;
L_0x24248b0 .functor AND 1, L_0x2424700, L_0x2424810, C4<1>, C4<1>;
L_0x24249c0 .functor OR 1, L_0x2423b00, L_0x24248b0, C4<0>, C4<0>;
L_0x2424c10 .functor XOR 1, L_0x2424ad0, L_0x2424b70, C4<0>, C4<0>;
L_0x2425920 .functor NOT 1, L_0x2424c10, C4<0>, C4<0>, C4<0>;
L_0x2425a80 .functor AND 1, L_0x2425920, L_0x24259e0, C4<1>, C4<1>;
L_0x2425c30 .functor AND 1, L_0x2425a80, L_0x2425b90, C4<1>, C4<1>;
L_0x24251d0 .functor NOT 1, L_0x2425d40, C4<0>, C4<0>, C4<0>;
L_0x2425290 .functor AND 1, L_0x2425c30, L_0x24251d0, C4<1>, C4<1>;
L_0x24253a0 .functor OR 1, L_0x24249c0, L_0x2425290, C4<0>, C4<0>;
L_0x24255f0 .functor XOR 1, L_0x24254b0, L_0x2425550, C4<0>, C4<0>;
L_0x24257a0 .functor AND 1, L_0x24255f0, L_0x2425700, C4<1>, C4<1>;
L_0x2426ca0 .functor AND 1, L_0x24257a0, L_0x2426510, C4<1>, C4<1>;
L_0x2425de0 .functor AND 1, L_0x2426ca0, L_0x2426db0, C4<1>, C4<1>;
L_0x2425ef0 .functor OR 1, L_0x24253a0, L_0x2425de0, C4<0>, C4<0>;
L_0x2426000 .functor AND 1, L_0x24218f0, L_0x2425ef0, C4<1>, C4<1>;
L_0x2426110 .functor OR 1, L_0x2420af0, L_0x2426000, C4<0>, C4<0>;
L_0x24262c0 .functor OR 1, L_0x2426110, L_0x2426220, C4<0>, C4<0>;
L_0x2426650 .functor AND 1, L_0x24263d0, L_0x24265b0, C4<1>, C4<1>;
L_0x2426710 .functor OR 1, L_0x24262c0, L_0x2426650, C4<0>, C4<0>;
L_0x2426960 .functor OR 1, L_0x2426820, L_0x24268c0, C4<0>, C4<0>;
L_0x2426bb0 .functor AND 1, L_0x2426a70, L_0x2426b10, C4<1>, C4<1>;
L_0x24277b0 .functor OR 1, L_0x2427670, L_0x2427710, C4<0>, C4<0>;
L_0x2427960 .functor OR 1, L_0x24277b0, L_0x24278c0, C4<0>, C4<0>;
L_0x2427a70 .functor AND 1, L_0x24275d0, L_0x2427960, C4<1>, C4<1>;
L_0x2427b80 .functor OR 1, L_0x2426bb0, L_0x2427a70, C4<0>, C4<0>;
L_0x2427dd0 .functor AND 1, L_0x2427c90, L_0x2427d30, C4<1>, C4<1>;
L_0x2427ee0 .functor OR 1, L_0x2427b80, L_0x2427dd0, C4<0>, C4<0>;
L_0x2426f90 .functor AND 1, L_0x2426e50, L_0x2426ef0, C4<1>, C4<1>;
L_0x2427140 .functor OR 1, L_0x2426f90, L_0x24270a0, C4<0>, C4<0>;
L_0x2427430 .functor OR 1, L_0x24272f0, L_0x2427390, C4<0>, C4<0>;
L_0x2428870 .functor OR 1, L_0x2427430, L_0x24287d0, C4<0>, C4<0>;
L_0x2429170 .functor AND 1, L_0x2427250, L_0x2428870, C4<1>, C4<1>;
L_0x2429280 .functor OR 1, L_0x2427140, L_0x2429170, C4<0>, C4<0>;
L_0x2428130 .functor AND 1, L_0x2427ff0, L_0x2428090, C4<1>, C4<1>;
L_0x24281f0 .functor OR 1, L_0x2429280, L_0x2428130, C4<0>, C4<0>;
L_0x24283a0 .functor OR 1, L_0x24281f0, L_0x2428300, C4<0>, C4<0>;
L_0x2428550 .functor OR 1, L_0x24283a0, L_0x24284b0, C4<0>, C4<0>;
L_0x2428980 .functor AND 1, L_0x2428660, L_0x2428700, C4<1>, C4<1>;
L_0x2428c70 .functor OR 1, L_0x2428b30, L_0x2428bd0, C4<0>, C4<0>;
L_0x2428e20 .functor OR 1, L_0x2428c70, L_0x2428d80, C4<0>, C4<0>;
L_0x2428f30 .functor AND 1, L_0x2428a90, L_0x2428e20, C4<1>, C4<1>;
L_0x2429040 .functor OR 1, L_0x2428980, L_0x2428f30, C4<0>, C4<0>;
L_0x24294e0 .functor AND 1, L_0x24293a0, L_0x2429440, C4<1>, C4<1>;
L_0x2429640 .functor AND 1, L_0x24294e0, L_0x24295a0, C4<1>, C4<1>;
L_0x2429890 .functor AND 1, L_0x2429750, L_0x24297f0, C4<1>, C4<1>;
L_0x24299a0 .functor OR 1, L_0x2429640, L_0x2429890, C4<0>, C4<0>;
L_0x242abd0 .functor AND 1, L_0x2429ab0, L_0x242ab30, C4<1>, C4<1>;
L_0x242ace0 .functor OR 1, L_0x24299a0, L_0x242abd0, C4<0>, C4<0>;
L_0x242b7b0 .functor AND 1, L_0x242ae40, L_0x242b710, C4<1>, C4<1>;
v0x23d1c40_0 .net *"_s10", 0 0, L_0x23fc9e0;  1 drivers
v0x23d1d20_0 .net *"_s1000", 0 0, L_0x2427dd0;  1 drivers
v0x23d1e00_0 .net *"_s1002", 0 0, L_0x2427ee0;  1 drivers
v0x23d1ef0_0 .net *"_s1007", 0 0, L_0x2426e50;  1 drivers
v0x23d1fd0_0 .net *"_s1009", 0 0, L_0x2426ef0;  1 drivers
v0x23d2100_0 .net *"_s101", 0 0, L_0x23ff200;  1 drivers
v0x23d21e0_0 .net *"_s1010", 0 0, L_0x2426f90;  1 drivers
v0x23d22c0_0 .net *"_s1013", 0 0, L_0x24270a0;  1 drivers
v0x23d23a0_0 .net *"_s1014", 0 0, L_0x2427140;  1 drivers
v0x23d2510_0 .net *"_s1017", 0 0, L_0x2427250;  1 drivers
v0x23d25f0_0 .net *"_s1019", 0 0, L_0x24272f0;  1 drivers
v0x23d26d0_0 .net *"_s1021", 0 0, L_0x2427390;  1 drivers
v0x23d27b0_0 .net *"_s1022", 0 0, L_0x2427430;  1 drivers
v0x23d2890_0 .net *"_s1025", 0 0, L_0x24287d0;  1 drivers
v0x23d2970_0 .net *"_s1026", 0 0, L_0x2428870;  1 drivers
v0x23d2a50_0 .net *"_s1028", 0 0, L_0x2429170;  1 drivers
v0x23d2b30_0 .net *"_s103", 0 0, L_0x23ff540;  1 drivers
v0x23d2ce0_0 .net *"_s1030", 0 0, L_0x2429280;  1 drivers
v0x23d2d80_0 .net *"_s1033", 0 0, L_0x2427ff0;  1 drivers
v0x23d2e60_0 .net *"_s1035", 0 0, L_0x2428090;  1 drivers
v0x23d2f40_0 .net *"_s1036", 0 0, L_0x2428130;  1 drivers
v0x23d3020_0 .net *"_s1038", 0 0, L_0x24281f0;  1 drivers
v0x23d3100_0 .net *"_s104", 0 0, L_0x23ff5e0;  1 drivers
v0x23d31e0_0 .net *"_s1041", 0 0, L_0x2428300;  1 drivers
v0x23d32c0_0 .net *"_s1042", 0 0, L_0x24283a0;  1 drivers
v0x23d33a0_0 .net *"_s1045", 0 0, L_0x24284b0;  1 drivers
v0x23d3480_0 .net *"_s1046", 0 0, L_0x2428550;  1 drivers
v0x23d3560_0 .net *"_s1051", 0 0, L_0x2428660;  1 drivers
v0x23d3640_0 .net *"_s1053", 0 0, L_0x2428700;  1 drivers
v0x23d3720_0 .net *"_s1054", 0 0, L_0x2428980;  1 drivers
v0x23d3800_0 .net *"_s1057", 0 0, L_0x2428a90;  1 drivers
v0x23d38e0_0 .net *"_s1059", 0 0, L_0x2428b30;  1 drivers
v0x23d39c0_0 .net *"_s106", 0 0, L_0x23ff6f0;  1 drivers
v0x23d2c10_0 .net *"_s1061", 0 0, L_0x2428bd0;  1 drivers
v0x23d3c90_0 .net *"_s1062", 0 0, L_0x2428c70;  1 drivers
v0x23d3d70_0 .net *"_s1065", 0 0, L_0x2428d80;  1 drivers
v0x23d3e50_0 .net *"_s1066", 0 0, L_0x2428e20;  1 drivers
v0x23d3f30_0 .net *"_s1068", 0 0, L_0x2428f30;  1 drivers
v0x23d4010_0 .net *"_s1070", 0 0, L_0x2429040;  1 drivers
v0x23d40f0_0 .net *"_s1076", 0 0, L_0x24293a0;  1 drivers
v0x23d41d0_0 .net *"_s1078", 0 0, L_0x2429440;  1 drivers
v0x23d42b0_0 .net *"_s1079", 0 0, L_0x24294e0;  1 drivers
v0x23d4390_0 .net *"_s1082", 0 0, L_0x24295a0;  1 drivers
v0x23d4470_0 .net *"_s1083", 0 0, L_0x2429640;  1 drivers
v0x23d4550_0 .net *"_s1086", 0 0, L_0x2429750;  1 drivers
v0x23d4630_0 .net *"_s1088", 0 0, L_0x24297f0;  1 drivers
v0x23d4710_0 .net *"_s1089", 0 0, L_0x2429890;  1 drivers
v0x23d47f0_0 .net *"_s109", 0 0, L_0x23ff470;  1 drivers
v0x23d48d0_0 .net *"_s1091", 0 0, L_0x24299a0;  1 drivers
v0x23d49b0_0 .net *"_s1094", 0 0, L_0x2429ab0;  1 drivers
v0x23d4a90_0 .net *"_s1096", 0 0, L_0x242ab30;  1 drivers
v0x23d4b70_0 .net *"_s1097", 0 0, L_0x242abd0;  1 drivers
v0x23d4c50_0 .net *"_s1099", 0 0, L_0x242ace0;  1 drivers
v0x23d4d30_0 .net *"_s1102", 0 0, L_0x242ae40;  1 drivers
v0x23d4e10_0 .net *"_s1104", 0 0, L_0x242b710;  1 drivers
v0x23d4ef0_0 .net *"_s111", 0 0, L_0x23ff8e0;  1 drivers
v0x23d4fd0_0 .net *"_s112", 0 0, L_0x23fcde0;  1 drivers
v0x23d50b0_0 .net *"_s114", 0 0, L_0x23ffac0;  1 drivers
v0x23d5190_0 .net *"_s117", 0 0, L_0x23ff800;  1 drivers
v0x23d5270_0 .net *"_s118", 0 0, L_0x23ffcc0;  1 drivers
v0x23d5350_0 .net *"_s121", 0 0, L_0x23ffdd0;  1 drivers
v0x23d5430_0 .net *"_s122", 0 0, L_0x23ff980;  1 drivers
v0x23d5510_0 .net *"_s125", 0 0, L_0x23ffbd0;  1 drivers
v0x23d55f0_0 .net *"_s126", 0 0, L_0x24000c0;  1 drivers
v0x23d56d0_0 .net *"_s129", 0 0, L_0x2400180;  1 drivers
v0x23d3a60_0 .net *"_s13", 0 0, L_0x23fcaf0;  1 drivers
v0x23d3b40_0 .net *"_s131", 0 0, L_0x23ffe70;  1 drivers
v0x23d5b80_0 .net *"_s132", 0 0, L_0x2400330;  1 drivers
v0x23d5c20_0 .net *"_s134", 0 0, L_0x23fffc0;  1 drivers
v0x23d5ce0_0 .net *"_s136", 0 0, L_0x2400500;  1 drivers
v0x23d5dc0_0 .net *"_s139", 0 0, L_0x24003a0;  1 drivers
v0x23d5ea0_0 .net *"_s14", 0 0, L_0x23fcb90;  1 drivers
v0x23d5f80_0 .net *"_s140", 0 0, L_0x2400440;  1 drivers
v0x23d6060_0 .net *"_s143", 0 0, L_0x2400850;  1 drivers
v0x23d6140_0 .net *"_s144", 0 0, L_0x24002c0;  1 drivers
v0x23d6220_0 .net *"_s147", 0 0, L_0x2400610;  1 drivers
v0x23d6300_0 .net *"_s148", 0 0, L_0x24006b0;  1 drivers
v0x23d63e0_0 .net *"_s151", 0 0, L_0x2400bf0;  1 drivers
v0x23d64c0_0 .net *"_s153", 0 0, L_0x2400c90;  1 drivers
v0x23d65a0_0 .net *"_s154", 0 0, L_0x24007c0;  1 drivers
v0x23d6680_0 .net *"_s157", 0 0, L_0x2400b10;  1 drivers
v0x23d6760_0 .net *"_s159", 0 0, L_0x2400fb0;  1 drivers
v0x23d6840_0 .net *"_s161", 0 0, L_0x2400d30;  1 drivers
v0x23d6920_0 .net *"_s162", 0 0, L_0x2400dd0;  1 drivers
v0x23d6a00_0 .net *"_s165", 0 0, L_0x24011f0;  1 drivers
v0x23d6ae0_0 .net *"_s166", 0 0, L_0x2401050;  1 drivers
v0x23d6bc0_0 .net *"_s168", 0 0, L_0x2400e40;  1 drivers
v0x23d6ca0_0 .net *"_s17", 0 0, L_0x23fcca0;  1 drivers
v0x23d6d80_0 .net *"_s170", 0 0, L_0x2401540;  1 drivers
v0x23d6e60_0 .net *"_s172", 0 0, L_0x24013f0;  1 drivers
v0x23d6f40_0 .net *"_s174", 0 0, L_0x2401760;  1 drivers
v0x23d7020_0 .net *"_s179", 0 0, L_0x2401600;  1 drivers
v0x23d7100_0 .net *"_s181", 0 0, L_0x24016a0;  1 drivers
v0x23d71e0_0 .net *"_s183", 0 0, L_0x2401290;  1 drivers
v0x23d72c0_0 .net *"_s184", 0 0, L_0x2401330;  1 drivers
v0x23d73a0_0 .net *"_s187", 0 0, L_0x2401b50;  1 drivers
v0x23d7480_0 .net *"_s188", 0 0, L_0x24019e0;  1 drivers
v0x23d7560_0 .net *"_s19", 0 0, L_0x23fcd40;  1 drivers
v0x23d7640_0 .net *"_s191", 0 0, L_0x2401870;  1 drivers
v0x23d7720_0 .net *"_s192", 0 0, L_0x2401910;  1 drivers
v0x23d7800_0 .net *"_s194", 0 0, L_0x2401ef0;  1 drivers
v0x23d78e0_0 .net *"_s196", 0 0, L_0x2401d70;  1 drivers
v0x23d79c0_0 .net *"_s199", 0 0, L_0x2402190;  1 drivers
v0x23d7aa0_0 .net *"_s201", 0 0, L_0x2401bf0;  1 drivers
v0x23d7b80_0 .net *"_s202", 0 0, L_0x2401e80;  1 drivers
v0x23d7c60_0 .net *"_s204", 0 0, L_0x2402000;  1 drivers
v0x23d7d40_0 .net *"_s207", 0 0, L_0x2402560;  1 drivers
v0x23d7e20_0 .net *"_s209", 0 0, L_0x2402230;  1 drivers
v0x23d7f00_0 .net *"_s21", 0 0, L_0x23fcef0;  1 drivers
v0x23d7fe0_0 .net *"_s210", 0 0, L_0x24022d0;  1 drivers
v0x23d80c0_0 .net *"_s212", 0 0, L_0x2402390;  1 drivers
v0x23d81a0_0 .net *"_s215", 0 0, L_0x24024a0;  1 drivers
v0x23d8280_0 .net *"_s216", 0 0, L_0x2402600;  1 drivers
v0x23d8360_0 .net *"_s219", 0 0, L_0x2402710;  1 drivers
v0x23d8440_0 .net *"_s22", 0 0, L_0x23f6ea0;  1 drivers
v0x23d8520_0 .net *"_s220", 0 0, L_0x24027b0;  1 drivers
v0x23d8600_0 .net *"_s223", 0 0, L_0x2402cc0;  1 drivers
v0x23d86e0_0 .net *"_s225", 0 0, L_0x24028c0;  1 drivers
v0x23d87c0_0 .net *"_s226", 0 0, L_0x2402960;  1 drivers
v0x23d88a0_0 .net *"_s228", 0 0, L_0x2402a70;  1 drivers
v0x23d8980_0 .net *"_s231", 0 0, L_0x2402b80;  1 drivers
v0x23d8a60_0 .net *"_s232", 0 0, L_0x2402c20;  1 drivers
v0x23d8b40_0 .net *"_s235", 0 0, L_0x2402e00;  1 drivers
v0x23d8c20_0 .net *"_s236", 0 0, L_0x2402ea0;  1 drivers
v0x23d8d00_0 .net *"_s239", 0 0, L_0x2402fb0;  1 drivers
v0x23d8de0_0 .net *"_s241", 0 0, L_0x2403050;  1 drivers
v0x23d8ec0_0 .net *"_s242", 0 0, L_0x24030f0;  1 drivers
v0x23d8fa0_0 .net *"_s245", 0 0, L_0x24031b0;  1 drivers
v0x23d9080_0 .net *"_s247", 0 0, L_0x2403440;  1 drivers
v0x23d57b0_0 .net *"_s249", 0 0, L_0x24034e0;  1 drivers
v0x23d5890_0 .net *"_s25", 0 0, L_0x23fd030;  1 drivers
v0x23d5970_0 .net *"_s250", 0 0, L_0x2403580;  1 drivers
v0x23d5a50_0 .net *"_s253", 0 0, L_0x24032a0;  1 drivers
v0x23d9930_0 .net *"_s254", 0 0, L_0x2403340;  1 drivers
v0x23d99d0_0 .net *"_s256", 0 0, L_0x2403640;  1 drivers
v0x23d9ab0_0 .net *"_s258", 0 0, L_0x2403750;  1 drivers
v0x23d9b90_0 .net *"_s26", 0 0, L_0x23fd120;  1 drivers
v0x23d9c70_0 .net *"_s260", 0 0, L_0x2403cd0;  1 drivers
v0x23d9d50_0 .net *"_s262", 0 0, L_0x2403de0;  1 drivers
v0x23d9e30_0 .net *"_s267", 0 0, L_0x2403ac0;  1 drivers
v0x23d9f10_0 .net *"_s269", 0 0, L_0x2403b60;  1 drivers
v0x23d9ff0_0 .net *"_s270", 0 0, L_0x2403c00;  1 drivers
v0x23da0d0_0 .net *"_s273", 0 0, L_0x2403870;  1 drivers
v0x23da1b0_0 .net *"_s274", 0 0, L_0x2403910;  1 drivers
v0x23da290_0 .net *"_s277", 0 0, L_0x2404120;  1 drivers
v0x23da370_0 .net *"_s278", 0 0, L_0x24041c0;  1 drivers
v0x23da450_0 .net *"_s28", 0 0, L_0x23fd230;  1 drivers
v0x23da530_0 .net *"_s280", 0 0, L_0x2404280;  1 drivers
v0x23da610_0 .net *"_s283", 0 0, L_0x23feff0;  1 drivers
v0x23da6f0_0 .net *"_s285", 0 0, L_0x23ff090;  1 drivers
v0x23da7d0_0 .net *"_s286", 0 0, L_0x23ff130;  1 drivers
v0x23da8b0_0 .net *"_s288", 0 0, L_0x24047d0;  1 drivers
v0x23da990_0 .net *"_s291", 0 0, L_0x2404ba0;  1 drivers
v0x23daa70_0 .net *"_s293", 0 0, L_0x2403ef0;  1 drivers
v0x23dab50_0 .net *"_s294", 0 0, L_0x24048e0;  1 drivers
v0x23dac30_0 .net *"_s296", 0 0, L_0x2404030;  1 drivers
v0x23dad10_0 .net *"_s299", 0 0, L_0x2404950;  1 drivers
v0x23dadf0_0 .net *"_s3", 0 0, L_0x23fc6f0;  1 drivers
v0x23daed0_0 .net *"_s30", 0 0, L_0x23fd340;  1 drivers
v0x23dafb0_0 .net *"_s300", 0 0, L_0x24049f0;  1 drivers
v0x23db090_0 .net *"_s303", 0 0, L_0x2404b00;  1 drivers
v0x23db170_0 .net *"_s304", 0 0, L_0x2404c40;  1 drivers
v0x23db250_0 .net *"_s307", 0 0, L_0x2404d50;  1 drivers
v0x23db330_0 .net *"_s308", 0 0, L_0x2404df0;  1 drivers
v0x23db410_0 .net *"_s311", 0 0, L_0x24051d0;  1 drivers
v0x23db4f0_0 .net *"_s313", 0 0, L_0x2405270;  1 drivers
v0x23db5d0_0 .net *"_s314", 0 0, L_0x2405310;  1 drivers
v0x23db6b0_0 .net *"_s316", 0 0, L_0x2404f20;  1 drivers
v0x23db790_0 .net *"_s318", 0 0, L_0x2405030;  1 drivers
v0x23db870_0 .net *"_s321", 0 0, L_0x24053d0;  1 drivers
v0x23db950_0 .net *"_s322", 0 0, L_0x2405470;  1 drivers
v0x23dba30_0 .net *"_s325", 0 0, L_0x2405af0;  1 drivers
v0x23dbb10_0 .net *"_s326", 0 0, L_0x2405580;  1 drivers
v0x23dbbf0_0 .net *"_s33", 0 0, L_0x23fd450;  1 drivers
v0x23dbcd0_0 .net *"_s331", 0 0, L_0x2405690;  1 drivers
v0x23dbdb0_0 .net *"_s333", 0 0, L_0x2405730;  1 drivers
v0x23dbe90_0 .net *"_s334", 0 0, L_0x2405a60;  1 drivers
v0x23dbf70_0 .net *"_s337", 0 0, L_0x2405c30;  1 drivers
v0x23dc050_0 .net *"_s338", 0 0, L_0x2405cd0;  1 drivers
v0x23dc130_0 .net *"_s34", 0 0, L_0x23fd4f0;  1 drivers
v0x23dc210_0 .net *"_s341", 0 0, L_0x24060c0;  1 drivers
v0x23dc2f0_0 .net *"_s343", 0 0, L_0x23fed00;  1 drivers
v0x23dc3d0_0 .net *"_s345", 0 0, L_0x23feda0;  1 drivers
v0x23dc4b0_0 .net *"_s346", 0 0, L_0x23fee40;  1 drivers
v0x23dc590_0 .net *"_s349", 0 0, L_0x2405870;  1 drivers
v0x23dc670_0 .net *"_s350", 0 0, L_0x2405910;  1 drivers
v0x23dc750_0 .net *"_s352", 0 0, L_0x23fea60;  1 drivers
v0x23dc830_0 .net *"_s354", 0 0, L_0x23feb20;  1 drivers
v0x23dc910_0 .net *"_s356", 0 0, L_0x23fec30;  1 drivers
v0x23dc9f0_0 .net *"_s359", 0 0, L_0x2405e30;  1 drivers
v0x23dcad0_0 .net *"_s360", 0 0, L_0x2405ed0;  1 drivers
v0x23dcbb0_0 .net *"_s363", 0 0, L_0x2405fe0;  1 drivers
v0x23dcc90_0 .net *"_s364", 0 0, L_0x2406970;  1 drivers
v0x23dcd70_0 .net *"_s367", 0 0, L_0x2406a80;  1 drivers
v0x23dce50_0 .net *"_s368", 0 0, L_0x2406df0;  1 drivers
v0x23dcf30_0 .net *"_s37", 0 0, L_0x23fd650;  1 drivers
v0x23dd010_0 .net *"_s371", 0 0, L_0x2406f00;  1 drivers
v0x23dd0f0_0 .net *"_s372", 0 0, L_0x2406fa0;  1 drivers
v0x23dd1d0_0 .net *"_s375", 0 0, L_0x24070b0;  1 drivers
v0x23dd2b0_0 .net *"_s376", 0 0, L_0x2406b20;  1 drivers
v0x23dd390_0 .net *"_s379", 0 0, L_0x2406c30;  1 drivers
v0x23dd470_0 .net *"_s38", 0 0, L_0x23fd6f0;  1 drivers
v0x23dd550_0 .net *"_s380", 0 0, L_0x2406cd0;  1 drivers
v0x23dd630_0 .net *"_s385", 0 0, L_0x2407150;  1 drivers
v0x23dd710_0 .net *"_s387", 0 0, L_0x24071f0;  1 drivers
v0x23dd7f0_0 .net *"_s388", 0 0, L_0x2407290;  1 drivers
v0x23dd8d0_0 .net *"_s391", 0 0, L_0x24076b0;  1 drivers
v0x23dd9b0_0 .net *"_s392", 0 0, L_0x2407750;  1 drivers
v0x23dda90_0 .net *"_s395", 0 0, L_0x2407860;  1 drivers
v0x23ddb70_0 .net *"_s397", 0 0, L_0x2407900;  1 drivers
v0x23ddc50_0 .net *"_s398", 0 0, L_0x24079a0;  1 drivers
v0x23ddd30_0 .net *"_s400", 0 0, L_0x24073a0;  1 drivers
v0x23dde10_0 .net *"_s403", 0 0, L_0x24074b0;  1 drivers
v0x23ddef0_0 .net *"_s405", 0 0, L_0x2407550;  1 drivers
v0x23ddfd0_0 .net *"_s406", 0 0, L_0x24075f0;  1 drivers
v0x23de0b0_0 .net *"_s408", 0 0, L_0x2407ab0;  1 drivers
v0x23de190_0 .net *"_s41", 0 0, L_0x23fd7b0;  1 drivers
v0x23de270_0 .net *"_s411", 0 0, L_0x2407bc0;  1 drivers
v0x23de350_0 .net/2u *"_s412", 31 0, L_0x7f0cac149018;  1 drivers
v0x23de430_0 .net *"_s415", 0 0, L_0x2407c60;  1 drivers
v0x23de510_0 .net *"_s416", 31 0, L_0x2407de0;  1 drivers
L_0x7f0cac149060 .functor BUFT 1, C4<0000000000000000000000000000000>, C4<0>, C4<0>, C4<0>;
v0x23de5f0_0 .net *"_s419", 30 0, L_0x7f0cac149060;  1 drivers
v0x23de6d0_0 .net *"_s42", 0 0, L_0x23fd850;  1 drivers
v0x23de7b0_0 .net *"_s420", 31 0, L_0x2407f20;  1 drivers
v0x23de890_0 .net *"_s423", 0 0, L_0x2408370;  1 drivers
v0x23de970_0 .net *"_s424", 31 0, L_0x2408410;  1 drivers
L_0x7f0cac1490a8 .functor BUFT 1, C4<0000000000000000000000000000000>, C4<0>, C4<0>, C4<0>;
v0x23dea50_0 .net *"_s427", 30 0, L_0x7f0cac1490a8;  1 drivers
v0x23deb30_0 .net *"_s428", 31 0, L_0x2408550;  1 drivers
v0x23dec10_0 .net *"_s431", 0 0, L_0x2408660;  1 drivers
v0x23decf0_0 .net *"_s432", 0 0, L_0x2407d00;  1 drivers
v0x23dedd0_0 .net *"_s434", 0 0, L_0x2408030;  1 drivers
v0x23deeb0_0 .net *"_s436", 0 0, L_0x2408140;  1 drivers
v0x23def90_0 .net *"_s439", 0 0, L_0x2408250;  1 drivers
v0x23df070_0 .net *"_s440", 0 0, L_0x24082f0;  1 drivers
v0x23df150_0 .net *"_s443", 0 0, L_0x2418f00;  1 drivers
v0x23df230_0 .net *"_s444", 0 0, L_0x2418760;  1 drivers
v0x23df310_0 .net *"_s447", 0 0, L_0x2418870;  1 drivers
v0x23df3f0_0 .net *"_s448", 0 0, L_0x2418910;  1 drivers
v0x23df4d0_0 .net *"_s45", 0 0, L_0x23fd960;  1 drivers
v0x23df5b0_0 .net *"_s451", 0 0, L_0x2418b00;  1 drivers
v0x23df690_0 .net *"_s452", 0 0, L_0x2418a20;  1 drivers
v0x23df770_0 .net *"_s455", 0 0, L_0x2418c40;  1 drivers
v0x23df850_0 .net *"_s457", 0 0, L_0x2418ce0;  1 drivers
v0x23df930_0 .net *"_s458", 0 0, L_0x2419320;  1 drivers
v0x23dfa10_0 .net *"_s46", 0 0, L_0x23fda70;  1 drivers
v0x23dfaf0_0 .net *"_s460", 0 0, L_0x24193e0;  1 drivers
v0x23dfbd0_0 .net *"_s462", 0 0, L_0x24194f0;  1 drivers
v0x23dfcb0_0 .net *"_s467", 0 0, L_0x2419600;  1 drivers
v0x23dfd90_0 .net *"_s469", 0 0, L_0x24196a0;  1 drivers
v0x23dfe70_0 .net *"_s470", 0 0, L_0x2418d80;  1 drivers
v0x23dff50_0 .net *"_s473", 0 0, L_0x2418fa0;  1 drivers
v0x23e0030_0 .net *"_s474", 0 0, L_0x2419040;  1 drivers
v0x23e0110_0 .net *"_s477", 0 0, L_0x2419150;  1 drivers
v0x23e01f0_0 .net *"_s478", 0 0, L_0x2419ae0;  1 drivers
v0x23e02d0_0 .net *"_s480", 0 0, L_0x2419bf0;  1 drivers
v0x23e03b0_0 .net *"_s483", 0 0, L_0x2419d00;  1 drivers
v0x23e0490_0 .net *"_s485", 0 0, L_0x2419da0;  1 drivers
v0x23d9160_0 .net *"_s486", 0 0, L_0x24191f0;  1 drivers
v0x23d9240_0 .net *"_s488", 0 0, L_0x2419740;  1 drivers
v0x23d9320_0 .net *"_s49", 0 0, L_0x23fdb30;  1 drivers
v0x23d9400_0 .net *"_s491", 0 0, L_0x2419850;  1 drivers
v0x23d94e0_0 .net *"_s493", 0 0, L_0x24198f0;  1 drivers
v0x23d95c0_0 .net *"_s494", 0 0, L_0x241a200;  1 drivers
v0x23d96a0_0 .net *"_s496", 0 0, L_0x241a310;  1 drivers
v0x23d9780_0 .net *"_s499", 0 0, L_0x241a420;  1 drivers
v0x23d9860_0 .net *"_s5", 0 0, L_0x23fc790;  1 drivers
v0x23e1560_0 .net *"_s50", 0 0, L_0x23fdbd0;  1 drivers
v0x23e1640_0 .net *"_s501", 0 0, L_0x241a4c0;  1 drivers
v0x23e1720_0 .net *"_s502", 0 0, L_0x2419990;  1 drivers
v0x23e1800_0 .net *"_s504", 0 0, L_0x2419e40;  1 drivers
v0x23e18e0_0 .net *"_s507", 0 0, L_0x2419f50;  1 drivers
v0x23e19c0_0 .net *"_s508", 0 0, L_0x2419ff0;  1 drivers
v0x23e1aa0_0 .net *"_s511", 0 0, L_0x241a100;  1 drivers
v0x23e1b80_0 .net *"_s512", 0 0, L_0x241a940;  1 drivers
v0x23e1c60_0 .net *"_s517", 0 0, L_0x241aa50;  1 drivers
v0x23e1d40_0 .net *"_s519", 0 0, L_0x241aaf0;  1 drivers
v0x23e1e20_0 .net *"_s520", 0 0, L_0x241af80;  1 drivers
v0x23e1f00_0 .net *"_s523", 0 0, L_0x241a560;  1 drivers
v0x23e1fe0_0 .net *"_s524", 0 0, L_0x241a600;  1 drivers
v0x23e20c0_0 .net *"_s527", 0 0, L_0x241a710;  1 drivers
v0x23e21a0_0 .net *"_s529", 0 0, L_0x241a7b0;  1 drivers
v0x23e2280_0 .net *"_s53", 0 0, L_0x23fdd50;  1 drivers
v0x23e2360_0 .net *"_s530", 0 0, L_0x241a850;  1 drivers
v0x23e2440_0 .net *"_s532", 0 0, L_0x241abe0;  1 drivers
v0x23e2520_0 .net *"_s534", 0 0, L_0x241acf0;  1 drivers
v0x23e2600_0 .net *"_s537", 0 0, L_0x241ae00;  1 drivers
v0x23e26e0_0 .net *"_s538", 0 0, L_0x241aea0;  1 drivers
v0x23e27c0_0 .net *"_s541", 0 0, L_0x241b050;  1 drivers
v0x23e28a0_0 .net *"_s543", 0 0, L_0x241b0f0;  1 drivers
v0x23e2980_0 .net *"_s544", 0 0, L_0x241b190;  1 drivers
v0x23e2a60_0 .net *"_s546", 0 0, L_0x241b6d0;  1 drivers
v0x23e2b40_0 .net *"_s549", 0 0, L_0x241b7e0;  1 drivers
v0x23e2c20_0 .net *"_s55", 0 0, L_0x23fde70;  1 drivers
v0x23e2d00_0 .net *"_s551", 0 0, L_0x241b880;  1 drivers
v0x23e2de0_0 .net *"_s552", 0 0, L_0x241b920;  1 drivers
v0x23e2ec0_0 .net *"_s554", 0 0, L_0x241ba30;  1 drivers
v0x23e2fa0_0 .net *"_s557", 0 0, L_0x241bb40;  1 drivers
v0x23e3080_0 .net *"_s558", 0 0, L_0x241b2a0;  1 drivers
v0x23e3160_0 .net *"_s56", 0 0, L_0x23fda00;  1 drivers
v0x23e3240_0 .net *"_s561", 0 0, L_0x241b3b0;  1 drivers
v0x23e3320_0 .net *"_s562", 0 0, L_0x241b450;  1 drivers
v0x23e3400_0 .net *"_s565", 0 0, L_0x241b560;  1 drivers
v0x23e34e0_0 .net *"_s566", 0 0, L_0x241b600;  1 drivers
v0x23e35c0_0 .net *"_s569", 0 0, L_0x241bc30;  1 drivers
v0x23e36a0_0 .net *"_s570", 0 0, L_0x241c120;  1 drivers
v0x23e3780_0 .net *"_s575", 0 0, L_0x241c230;  1 drivers
v0x23e3860_0 .net *"_s577", 0 0, L_0x241c2d0;  1 drivers
v0x23e3940_0 .net *"_s578", 0 0, L_0x241c7d0;  1 drivers
v0x23e3a20_0 .net *"_s581", 0 0, L_0x241bcd0;  1 drivers
v0x23e3b00_0 .net *"_s582", 0 0, L_0x241bd70;  1 drivers
v0x23e3be0_0 .net *"_s585", 0 0, L_0x241be80;  1 drivers
v0x23e3cc0_0 .net *"_s586", 0 0, L_0x241bf20;  1 drivers
v0x23e3da0_0 .net *"_s589", 0 0, L_0x241c030;  1 drivers
v0x23e3e80_0 .net *"_s59", 0 0, L_0x23fdf60;  1 drivers
v0x23e3f60_0 .net *"_s590", 0 0, L_0x241c370;  1 drivers
v0x23e4040_0 .net *"_s592", 0 0, L_0x241c430;  1 drivers
v0x23e4120_0 .net *"_s597", 0 0, L_0x241c4f0;  1 drivers
v0x23e4200_0 .net *"_s599", 0 0, L_0x241c590;  1 drivers
v0x23e42e0_0 .net *"_s600", 0 0, L_0x241c630;  1 drivers
v0x23e43c0_0 .net *"_s603", 0 0, L_0x241c8e0;  1 drivers
v0x23e44a0_0 .net *"_s605", 0 0, L_0x241c980;  1 drivers
v0x23e4580_0 .net *"_s606", 0 0, L_0x241ca20;  1 drivers
v0x23e4660_0 .net *"_s608", 0 0, L_0x241c740;  1 drivers
v0x23e4740_0 .net *"_s61", 0 0, L_0x23fe090;  1 drivers
v0x23e4820_0 .net *"_s611", 0 0, L_0x241d070;  1 drivers
v0x23e4900_0 .net *"_s612", 0 0, L_0x241d110;  1 drivers
v0x23e49e0_0 .net *"_s615", 0 0, L_0x241d220;  1 drivers
v0x23e4ac0_0 .net *"_s617", 0 0, L_0x241d2c0;  1 drivers
v0x23e4ba0_0 .net *"_s618", 0 0, L_0x241d360;  1 drivers
v0x23e4c80_0 .net *"_s620", 0 0, L_0x241d470;  1 drivers
v0x23e4d60_0 .net *"_s623", 0 0, L_0x241cb30;  1 drivers
v0x23e4e40_0 .net *"_s624", 0 0, L_0x241cbd0;  1 drivers
v0x23e4f20_0 .net *"_s627", 0 0, L_0x241cce0;  1 drivers
v0x23e5000_0 .net *"_s628", 0 0, L_0x241cd80;  1 drivers
v0x23e50e0_0 .net *"_s63", 0 0, L_0x23fe130;  1 drivers
v0x23e51c0_0 .net *"_s631", 0 0, L_0x241ce90;  1 drivers
v0x23e52a0_0 .net *"_s633", 0 0, L_0x241cf30;  1 drivers
v0x23e5380_0 .net *"_s634", 0 0, L_0x241da50;  1 drivers
v0x23e5460_0 .net *"_s636", 0 0, L_0x241db60;  1 drivers
v0x23e5540_0 .net *"_s639", 0 0, L_0x241dc70;  1 drivers
v0x23e5620_0 .net *"_s64", 0 0, L_0x23fe000;  1 drivers
v0x23e5700_0 .net *"_s640", 0 0, L_0x241dd10;  1 drivers
v0x23e57e0_0 .net *"_s643", 0 0, L_0x241de20;  1 drivers
v0x23e58c0_0 .net *"_s644", 0 0, L_0x241dec0;  1 drivers
v0x23e59a0_0 .net *"_s649", 0 0, L_0x241dfd0;  1 drivers
v0x23e5a80_0 .net *"_s651", 0 0, L_0x241e070;  1 drivers
v0x23e5b60_0 .net *"_s653", 0 0, L_0x241d580;  1 drivers
v0x23e5c40_0 .net *"_s654", 0 0, L_0x241d620;  1 drivers
v0x23e5d20_0 .net *"_s656", 0 0, L_0x241d730;  1 drivers
v0x23e5e00_0 .net *"_s659", 0 0, L_0x241d840;  1 drivers
v0x23e5ee0_0 .net *"_s661", 0 0, L_0x241d8e0;  1 drivers
v0x23e5fc0_0 .net *"_s662", 0 0, L_0x241d980;  1 drivers
v0x23e60a0_0 .net *"_s664", 0 0, L_0x2404340;  1 drivers
v0x23e6180_0 .net *"_s667", 0 0, L_0x2404450;  1 drivers
v0x23e6260_0 .net *"_s669", 0 0, L_0x24044f0;  1 drivers
v0x23e6340_0 .net *"_s67", 0 0, L_0x23fe310;  1 drivers
v0x23e6420_0 .net *"_s670", 0 0, L_0x2404590;  1 drivers
v0x23e6500_0 .net *"_s672", 0 0, L_0x24046a0;  1 drivers
v0x23e65e0_0 .net *"_s675", 0 0, L_0x241e1b0;  1 drivers
v0x23e66c0_0 .net *"_s676", 0 0, L_0x241e250;  1 drivers
v0x23e67a0_0 .net *"_s679", 0 0, L_0x241e360;  1 drivers
v0x23e6880_0 .net *"_s68", 0 0, L_0x23fdce0;  1 drivers
v0x23e6960_0 .net *"_s680", 0 0, L_0x241e400;  1 drivers
v0x23e6a40_0 .net *"_s685", 0 0, L_0x241e510;  1 drivers
v0x23e6b20_0 .net *"_s687", 0 0, L_0x241f360;  1 drivers
v0x23e6c00_0 .net *"_s688", 0 0, L_0x241f400;  1 drivers
v0x23e6ce0_0 .net *"_s691", 0 0, L_0x241f510;  1 drivers
v0x23e6dc0_0 .net *"_s693", 0 0, L_0x241f5b0;  1 drivers
v0x23e6ea0_0 .net *"_s694", 0 0, L_0x241f650;  1 drivers
v0x23e6f80_0 .net *"_s696", 0 0, L_0x241fca0;  1 drivers
v0x23e7060_0 .net *"_s699", 0 0, L_0x241ee30;  1 drivers
v0x23e7140_0 .net *"_s7", 0 0, L_0x23fc830;  1 drivers
v0x23e7220_0 .net *"_s70", 0 0, L_0x23fe450;  1 drivers
v0x23e7300_0 .net *"_s700", 0 0, L_0x241eed0;  1 drivers
v0x23e73e0_0 .net *"_s703", 0 0, L_0x241efe0;  1 drivers
v0x23e74c0_0 .net *"_s705", 0 0, L_0x241f080;  1 drivers
v0x23e75a0_0 .net *"_s706", 0 0, L_0x241f120;  1 drivers
v0x23e7680_0 .net *"_s708", 0 0, L_0x241f230;  1 drivers
v0x23e7760_0 .net *"_s711", 0 0, L_0x241f760;  1 drivers
v0x23e7840_0 .net *"_s712", 0 0, L_0x241f800;  1 drivers
v0x23e7920_0 .net *"_s715", 0 0, L_0x241f910;  1 drivers
v0x23e7a00_0 .net *"_s716", 0 0, L_0x241f9b0;  1 drivers
v0x23e7ae0_0 .net *"_s719", 0 0, L_0x241fac0;  1 drivers
v0x23e7bc0_0 .net *"_s72", 0 0, L_0x23fe5f0;  1 drivers
v0x23e7ca0_0 .net *"_s721", 0 0, L_0x241fb60;  1 drivers
v0x23e7d80_0 .net *"_s722", 0 0, L_0x241fc00;  1 drivers
v0x23e7e60_0 .net *"_s724", 0 0, L_0x2420390;  1 drivers
v0x23e7f40_0 .net *"_s727", 0 0, L_0x24204a0;  1 drivers
v0x23e8020_0 .net *"_s728", 0 0, L_0x2420540;  1 drivers
v0x23e8100_0 .net *"_s733", 0 0, L_0x2420650;  1 drivers
v0x23e81e0_0 .net *"_s735", 0 0, L_0x2420c80;  1 drivers
v0x23e82c0_0 .net *"_s737", 0 0, L_0x241fd70;  1 drivers
v0x23e83a0_0 .net *"_s738", 0 0, L_0x241fe10;  1 drivers
v0x23e8480_0 .net *"_s74", 0 0, L_0x23fe700;  1 drivers
v0x23e8560_0 .net *"_s740", 0 0, L_0x241fed0;  1 drivers
v0x23e8640_0 .net *"_s742", 0 0, L_0x241ffe0;  1 drivers
v0x23e8720_0 .net *"_s747", 0 0, L_0x24200a0;  1 drivers
v0x23e8800_0 .net *"_s749", 0 0, L_0x2420140;  1 drivers
v0x23e88e0_0 .net *"_s751", 0 0, L_0x24201e0;  1 drivers
v0x23e89c0_0 .net *"_s752", 0 0, L_0x2420280;  1 drivers
v0x23e8aa0_0 .net *"_s754", 0 0, L_0x2406760;  1 drivers
v0x23e8b80_0 .net *"_s756", 0 0, L_0x2406870;  1 drivers
v0x23e8c60_0 .net *"_s76", 0 0, L_0x23fe560;  1 drivers
v0x23e8d40_0 .net *"_s761", 0 0, L_0x2420740;  1 drivers
v0x23e8e20_0 .net *"_s763", 0 0, L_0x24207e0;  1 drivers
v0x23e8f00_0 .net *"_s764", 0 0, L_0x2420880;  1 drivers
v0x23e8fe0_0 .net *"_s766", 0 0, L_0x2420940;  1 drivers
v0x23e90c0_0 .net *"_s769", 0 0, L_0x2420a50;  1 drivers
v0x23e91a0_0 .net *"_s770", 0 0, L_0x2420af0;  1 drivers
v0x23e9280_0 .net *"_s773", 0 0, L_0x24218f0;  1 drivers
v0x23e9360_0 .net *"_s775", 0 0, L_0x2421990;  1 drivers
v0x23e9440_0 .net *"_s776", 0 0, L_0x2420c00;  1 drivers
v0x23e9520_0 .net *"_s779", 0 0, L_0x2421a80;  1 drivers
v0x23e9600_0 .net *"_s780", 0 0, L_0x2421b20;  1 drivers
v0x23e96e0_0 .net *"_s782", 0 0, L_0x2421c10;  1 drivers
v0x23e97c0_0 .net *"_s785", 0 0, L_0x2421d20;  1 drivers
v0x23e98a0_0 .net *"_s786", 0 0, L_0x2421dc0;  1 drivers
v0x23e9980_0 .net *"_s788", 0 0, L_0x24213a0;  1 drivers
v0x23e9a60_0 .net *"_s791", 0 0, L_0x24214b0;  1 drivers
v0x23e9b40_0 .net *"_s792", 0 0, L_0x2421550;  1 drivers
v0x23e9c20_0 .net *"_s795", 0 0, L_0x2421640;  1 drivers
v0x23e9d00_0 .net *"_s796", 0 0, L_0x24216e0;  1 drivers
v0x23e9de0_0 .net *"_s798", 0 0, L_0x24217d0;  1 drivers
v0x23e9ec0_0 .net *"_s8", 0 0, L_0x23fc8d0;  1 drivers
v0x23e9fa0_0 .net *"_s801", 0 0, L_0x2406160;  1 drivers
v0x23ea080_0 .net *"_s802", 0 0, L_0x2406200;  1 drivers
v0x23ea160_0 .net *"_s804", 0 0, L_0x2406310;  1 drivers
v0x23ea240_0 .net *"_s807", 0 0, L_0x2406420;  1 drivers
v0x23ea320_0 .net *"_s808", 0 0, L_0x24064c0;  1 drivers
v0x23ea400_0 .net *"_s81", 0 0, L_0x23fe950;  1 drivers
v0x23ea4e0_0 .net *"_s811", 0 0, L_0x2406580;  1 drivers
v0x23ea5c0_0 .net *"_s812", 0 0, L_0x2406620;  1 drivers
v0x23ea6a0_0 .net *"_s814", 0 0, L_0x2420d70;  1 drivers
v0x23ea780_0 .net *"_s817", 0 0, L_0x2420e80;  1 drivers
v0x23ea860_0 .net *"_s818", 0 0, L_0x2420f20;  1 drivers
v0x23ea940_0 .net *"_s821", 0 0, L_0x2421030;  1 drivers
v0x23eaa20_0 .net *"_s822", 0 0, L_0x24210d0;  1 drivers
v0x23eab00_0 .net *"_s824", 0 0, L_0x2421190;  1 drivers
v0x23eabe0_0 .net *"_s826", 0 0, L_0x24212a0;  1 drivers
v0x23eacc0_0 .net *"_s829", 0 0, L_0x2423530;  1 drivers
v0x23eada0_0 .net *"_s83", 0 0, L_0x23fe1d0;  1 drivers
v0x23eae80_0 .net *"_s831", 0 0, L_0x24235d0;  1 drivers
v0x23eaf60_0 .net *"_s832", 0 0, L_0x2423670;  1 drivers
v0x23eb040_0 .net *"_s834", 0 0, L_0x2423d90;  1 drivers
v0x23eb120_0 .net *"_s837", 0 0, L_0x2423ea0;  1 drivers
v0x23eb200_0 .net *"_s838", 0 0, L_0x2423f40;  1 drivers
v0x23eb2e0_0 .net *"_s841", 0 0, L_0x2422e90;  1 drivers
v0x23eb3c0_0 .net *"_s842", 0 0, L_0x2422f30;  1 drivers
v0x23eb4a0_0 .net *"_s844", 0 0, L_0x2423040;  1 drivers
v0x23eb580_0 .net *"_s847", 0 0, L_0x2423150;  1 drivers
v0x23eb660_0 .net *"_s848", 0 0, L_0x24231f0;  1 drivers
v0x23eb740_0 .net *"_s85", 0 0, L_0x23fbd90;  1 drivers
v0x23eb820_0 .net *"_s851", 0 0, L_0x24232b0;  1 drivers
v0x23eb900_0 .net *"_s853", 0 0, L_0x2423350;  1 drivers
v0x23eb9e0_0 .net *"_s854", 0 0, L_0x24233f0;  1 drivers
v0x23ebac0_0 .net *"_s856", 0 0, L_0x2400a30;  1 drivers
v0x23ebba0_0 .net *"_s858", 0 0, L_0x2424260;  1 drivers
v0x23ebc80_0 .net *"_s86", 0 0, L_0x23fddf0;  1 drivers
v0x23ebd60_0 .net *"_s861", 0 0, L_0x2424370;  1 drivers
v0x23ebe40_0 .net *"_s862", 0 0, L_0x2424410;  1 drivers
v0x23ebf20_0 .net *"_s865", 0 0, L_0x2424520;  1 drivers
v0x23ec000_0 .net *"_s866", 0 0, L_0x24245c0;  1 drivers
v0x23ec0e0_0 .net *"_s868", 0 0, L_0x2423780;  1 drivers
v0x23ec1c0_0 .net *"_s871", 0 0, L_0x2423890;  1 drivers
v0x23ec2a0_0 .net *"_s872", 0 0, L_0x2423930;  1 drivers
v0x23ec380_0 .net *"_s874", 0 0, L_0x24239f0;  1 drivers
v0x23ec460_0 .net *"_s876", 0 0, L_0x2423b00;  1 drivers
v0x23ec540_0 .net *"_s879", 0 0, L_0x2423c10;  1 drivers
v0x23ec620_0 .net *"_s881", 0 0, L_0x2423cb0;  1 drivers
v0x23ec700_0 .net *"_s883", 0 0, L_0x2424cc0;  1 drivers
v0x23ec7e0_0 .net *"_s884", 0 0, L_0x2424d60;  1 drivers
v0x23ec8c0_0 .net *"_s886", 0 0, L_0x2424e70;  1 drivers
v0x23ec9a0_0 .net *"_s889", 0 0, L_0x2424f80;  1 drivers
v0x23eca80_0 .net *"_s89", 0 0, L_0x23fe810;  1 drivers
v0x23ecb60_0 .net *"_s890", 0 0, L_0x2425020;  1 drivers
v0x23ecc40_0 .net *"_s893", 0 0, L_0x2425130;  1 drivers
v0x23ecd20_0 .net *"_s894", 0 0, L_0x2424640;  1 drivers
v0x23ece00_0 .net *"_s896", 0 0, L_0x2424700;  1 drivers
v0x23ecee0_0 .net *"_s899", 0 0, L_0x2424810;  1 drivers
v0x23ecfc0_0 .net *"_s90", 0 0, L_0x23fe9f0;  1 drivers
v0x23ed0a0_0 .net *"_s900", 0 0, L_0x24248b0;  1 drivers
v0x23ed180_0 .net *"_s902", 0 0, L_0x24249c0;  1 drivers
v0x23ed260_0 .net *"_s905", 0 0, L_0x2424ad0;  1 drivers
v0x23ed340_0 .net *"_s907", 0 0, L_0x2424b70;  1 drivers
v0x23ed420_0 .net *"_s908", 0 0, L_0x2424c10;  1 drivers
v0x23ed500_0 .net *"_s910", 0 0, L_0x2425920;  1 drivers
v0x23ed5e0_0 .net *"_s913", 0 0, L_0x24259e0;  1 drivers
v0x23ed6c0_0 .net *"_s914", 0 0, L_0x2425a80;  1 drivers
v0x23ed7a0_0 .net *"_s917", 0 0, L_0x2425b90;  1 drivers
v0x23ed880_0 .net *"_s918", 0 0, L_0x2425c30;  1 drivers
v0x23ed960_0 .net *"_s921", 0 0, L_0x2425d40;  1 drivers
v0x23eda40_0 .net *"_s922", 0 0, L_0x24251d0;  1 drivers
v0x23edb20_0 .net *"_s924", 0 0, L_0x2425290;  1 drivers
v0x23edc00_0 .net *"_s926", 0 0, L_0x24253a0;  1 drivers
v0x23edce0_0 .net *"_s929", 0 0, L_0x24254b0;  1 drivers
v0x23eddc0_0 .net *"_s93", 0 0, L_0x23fef00;  1 drivers
v0x23edea0_0 .net *"_s931", 0 0, L_0x2425550;  1 drivers
v0x23edf80_0 .net *"_s932", 0 0, L_0x24255f0;  1 drivers
v0x23ee060_0 .net *"_s935", 0 0, L_0x2425700;  1 drivers
v0x23ee140_0 .net *"_s936", 0 0, L_0x24257a0;  1 drivers
v0x23ee220_0 .net *"_s939", 0 0, L_0x2426510;  1 drivers
v0x23ee300_0 .net *"_s94", 0 0, L_0x23fbe30;  1 drivers
v0x23ee3e0_0 .net *"_s940", 0 0, L_0x2426ca0;  1 drivers
v0x23ee4c0_0 .net *"_s943", 0 0, L_0x2426db0;  1 drivers
v0x23ee5a0_0 .net *"_s944", 0 0, L_0x2425de0;  1 drivers
v0x23ee680_0 .net *"_s946", 0 0, L_0x2425ef0;  1 drivers
v0x23ee760_0 .net *"_s948", 0 0, L_0x2426000;  1 drivers
v0x23ee840_0 .net *"_s950", 0 0, L_0x2426110;  1 drivers
v0x23ee920_0 .net *"_s953", 0 0, L_0x2426220;  1 drivers
v0x23eea00_0 .net *"_s954", 0 0, L_0x24262c0;  1 drivers
v0x23eeae0_0 .net *"_s957", 0 0, L_0x24263d0;  1 drivers
v0x23eebc0_0 .net *"_s959", 0 0, L_0x24265b0;  1 drivers
v0x23eeca0_0 .net *"_s96", 0 0, L_0x23fbef0;  1 drivers
v0x23e0570_0 .net *"_s960", 0 0, L_0x2426650;  1 drivers
v0x23e0650_0 .net *"_s962", 0 0, L_0x2426710;  1 drivers
v0x23e0730_0 .net *"_s967", 0 0, L_0x2426820;  1 drivers
v0x23e0810_0 .net *"_s969", 0 0, L_0x24268c0;  1 drivers
v0x23e08f0_0 .net *"_s970", 0 0, L_0x2426960;  1 drivers
v0x23e09d0_0 .net *"_s975", 0 0, L_0x2426a70;  1 drivers
v0x23e0ab0_0 .net *"_s977", 0 0, L_0x2426b10;  1 drivers
v0x23e0b90_0 .net *"_s978", 0 0, L_0x2426bb0;  1 drivers
v0x23e0c70_0 .net *"_s98", 0 0, L_0x23ff360;  1 drivers
v0x23e0d50_0 .net *"_s981", 0 0, L_0x24275d0;  1 drivers
v0x23e0e30_0 .net *"_s983", 0 0, L_0x2427670;  1 drivers
v0x23e0f10_0 .net *"_s985", 0 0, L_0x2427710;  1 drivers
v0x23e0ff0_0 .net *"_s986", 0 0, L_0x24277b0;  1 drivers
v0x23e10d0_0 .net *"_s989", 0 0, L_0x24278c0;  1 drivers
v0x23e11b0_0 .net *"_s990", 0 0, L_0x2427960;  1 drivers
v0x23e1290_0 .net *"_s992", 0 0, L_0x2427a70;  1 drivers
v0x23e1370_0 .net *"_s994", 0 0, L_0x2427b80;  1 drivers
v0x23e1450_0 .net *"_s997", 0 0, L_0x2427c90;  1 drivers
v0x23f0d50_0 .net *"_s999", 0 0, L_0x2427d30;  1 drivers
v0x23f0e30_0 .net "ctrlword", 19 0, L_0x2429bd0;  alias, 1 drivers
v0x23f0f10_0 .net "ir", 15 0, v0x23f32b0_0;  alias, 1 drivers
v0x23f0ff0_0 .net "rw_mem", 0 0, L_0x242b7b0;  alias, 1 drivers
v0x23f10b0_0 .net "state", 12 0, v0x23f1900_0;  alias, 1 drivers
v0x23f11a0_0 .net "status", 4 0, v0x23f5bc0_0;  alias, 1 drivers
L_0x23fc6f0 .part v0x23f1900_0, 0, 1;
L_0x23fc790 .part v0x23f1900_0, 2, 1;
L_0x23fc830 .part v0x23f32b0_0, 4, 1;
L_0x23fcaf0 .part v0x23f1900_0, 5, 1;
L_0x23fcca0 .part v0x23f1900_0, 6, 1;
L_0x23fcd40 .part v0x23f32b0_0, 10, 1;
L_0x23fcef0 .part v0x23f32b0_0, 9, 1;
L_0x23fd030 .part v0x23f32b0_0, 8, 1;
L_0x23fd450 .part v0x23f1900_0, 7, 1;
L_0x23fd650 .part v0x23f1900_0, 8, 1;
L_0x23fd7b0 .part v0x23f1900_0, 9, 1;
L_0x23fd960 .part v0x23f1900_0, 10, 1;
L_0x23fdb30 .part v0x23f1900_0, 11, 1;
L_0x23fdd50 .part v0x23f1900_0, 12, 1;
L_0x23fde70 .part v0x23f5bc0_0, 4, 1;
L_0x23fdf60 .part v0x23f5bc0_0, 4, 1;
L_0x23fe090 .part v0x23f32b0_0, 10, 1;
L_0x23fe130 .part v0x23f32b0_0, 9, 1;
L_0x23fe310 .part v0x23f32b0_0, 8, 1;
L_0x23fe950 .part v0x23f1900_0, 0, 1;
L_0x23fe1d0 .part v0x23f1900_0, 2, 1;
L_0x23fbd90 .part v0x23f32b0_0, 4, 1;
L_0x23fe810 .part v0x23f32b0_0, 2, 1;
L_0x23fef00 .part v0x23f32b0_0, 4, 1;
L_0x23ff200 .part v0x23f1900_0, 3, 1;
L_0x23ff540 .part v0x23f32b0_0, 7, 1;
L_0x23ff470 .part v0x23f1900_0, 4, 1;
L_0x23ff8e0 .part v0x23f32b0_0, 7, 1;
L_0x23ff800 .part v0x23f1900_0, 5, 1;
L_0x23ffdd0 .part v0x23f1900_0, 6, 1;
L_0x23ffbd0 .part v0x23f1900_0, 7, 1;
L_0x2400180 .part v0x23f1900_0, 8, 1;
L_0x23ffe70 .part v0x23f32b0_0, 11, 1;
L_0x24003a0 .part v0x23f1900_0, 9, 1;
L_0x2400850 .part v0x23f1900_0, 10, 1;
L_0x2400610 .part v0x23f1900_0, 11, 1;
L_0x2400bf0 .part v0x23f1900_0, 12, 1;
L_0x2400c90 .part v0x23f5bc0_0, 4, 1;
L_0x2400b10 .part v0x23f5bc0_0, 4, 1;
L_0x2400fb0 .part v0x23f32b0_0, 10, 1;
L_0x2400d30 .part v0x23f32b0_0, 9, 1;
L_0x24011f0 .part v0x23f32b0_0, 8, 1;
L_0x2401600 .part v0x23f1900_0, 0, 1;
L_0x24016a0 .part v0x23f1900_0, 2, 1;
L_0x2401290 .part v0x23f32b0_0, 4, 1;
L_0x2401b50 .part v0x23f32b0_0, 1, 1;
L_0x2401870 .part v0x23f32b0_0, 4, 1;
L_0x2402190 .part v0x23f1900_0, 3, 1;
L_0x2401bf0 .part v0x23f32b0_0, 6, 1;
L_0x2402560 .part v0x23f1900_0, 4, 1;
L_0x2402230 .part v0x23f32b0_0, 6, 1;
L_0x24024a0 .part v0x23f1900_0, 6, 1;
L_0x2402710 .part v0x23f1900_0, 8, 1;
L_0x2402cc0 .part v0x23f1900_0, 9, 1;
L_0x24028c0 .part v0x23f32b0_0, 11, 1;
L_0x2402b80 .part v0x23f1900_0, 10, 1;
L_0x2402e00 .part v0x23f1900_0, 11, 1;
L_0x2402fb0 .part v0x23f1900_0, 12, 1;
L_0x2403050 .part v0x23f5bc0_0, 4, 1;
L_0x24031b0 .part v0x23f5bc0_0, 4, 1;
L_0x2403440 .part v0x23f32b0_0, 10, 1;
L_0x24034e0 .part v0x23f32b0_0, 9, 1;
L_0x24032a0 .part v0x23f32b0_0, 8, 1;
L_0x2403ac0 .part v0x23f1900_0, 2, 1;
L_0x2403b60 .part v0x23f32b0_0, 4, 1;
L_0x2403870 .part v0x23f32b0_0, 0, 1;
L_0x2404120 .part v0x23f32b0_0, 4, 1;
L_0x23feff0 .part v0x23f1900_0, 3, 1;
L_0x23ff090 .part v0x23f32b0_0, 5, 1;
L_0x2404ba0 .part v0x23f1900_0, 4, 1;
L_0x2403ef0 .part v0x23f32b0_0, 5, 1;
L_0x2404950 .part v0x23f1900_0, 5, 1;
L_0x2404b00 .part v0x23f1900_0, 6, 1;
L_0x2404d50 .part v0x23f1900_0, 7, 1;
L_0x24051d0 .part v0x23f1900_0, 8, 1;
L_0x2405270 .part v0x23f32b0_0, 11, 1;
L_0x24053d0 .part v0x23f1900_0, 9, 1;
L_0x2405af0 .part v0x23f1900_0, 11, 1;
L_0x2405690 .part v0x23f1900_0, 2, 1;
L_0x2405730 .part v0x23f32b0_0, 4, 1;
L_0x2405c30 .part v0x23f1900_0, 3, 1;
L_0x24060c0 .part v0x23f1900_0, 6, 1;
L_0x23fed00 .part v0x23f32b0_0, 10, 1;
L_0x23feda0 .part v0x23f32b0_0, 9, 1;
L_0x2405870 .part v0x23f32b0_0, 8, 1;
L_0x2405e30 .part v0x23f1900_0, 7, 1;
L_0x2405fe0 .part v0x23f1900_0, 8, 1;
L_0x2406a80 .part v0x23f1900_0, 9, 1;
L_0x2406f00 .part v0x23f1900_0, 10, 1;
L_0x24070b0 .part v0x23f1900_0, 11, 1;
L_0x2406c30 .part v0x23f1900_0, 12, 1;
L_0x2407150 .part v0x23f1900_0, 2, 1;
L_0x24071f0 .part v0x23f32b0_0, 2, 1;
L_0x24076b0 .part v0x23f1900_0, 3, 1;
L_0x2407860 .part v0x23f1900_0, 4, 1;
L_0x2407900 .part v0x23f32b0_0, 2, 1;
L_0x24074b0 .part v0x23f1900_0, 5, 1;
L_0x2407550 .part v0x23f32b0_0, 10, 1;
L_0x2407bc0 .part v0x23f1900_0, 6, 1;
L_0x2407c60 .part v0x23f32b0_0, 9, 1;
L_0x2407de0 .concat [ 1 31 0 0], L_0x2407c60, L_0x7f0cac149060;
L_0x2408370 .part v0x23f32b0_0, 8, 1;
L_0x2408410 .concat [ 1 31 0 0], L_0x2408370, L_0x7f0cac1490a8;
L_0x2408660 .part/v v0x23f32b0_0, L_0x2408550, 1;
L_0x2408250 .part v0x23f1900_0, 7, 1;
L_0x2418f00 .part v0x23f1900_0, 9, 1;
L_0x2418870 .part v0x23f1900_0, 10, 1;
L_0x2418b00 .part v0x23f1900_0, 11, 1;
L_0x2418c40 .part v0x23f1900_0, 12, 1;
L_0x2418ce0 .part v0x23f5bc0_0, 4, 1;
L_0x2419600 .part v0x23f1900_0, 2, 1;
L_0x24196a0 .part v0x23f32b0_0, 4, 1;
L_0x2418fa0 .part v0x23f32b0_0, 1, 1;
L_0x2419150 .part v0x23f32b0_0, 4, 1;
L_0x2419d00 .part v0x23f1900_0, 4, 1;
L_0x2419da0 .part v0x23f32b0_0, 1, 1;
L_0x2419850 .part v0x23f1900_0, 5, 1;
L_0x24198f0 .part v0x23f32b0_0, 9, 1;
L_0x241a420 .part v0x23f1900_0, 8, 1;
L_0x241a4c0 .part v0x23f32b0_0, 11, 1;
L_0x2419f50 .part v0x23f1900_0, 10, 1;
L_0x241a100 .part v0x23f1900_0, 11, 1;
L_0x241aa50 .part v0x23f1900_0, 2, 1;
L_0x241aaf0 .part v0x23f32b0_0, 4, 1;
L_0x241a560 .part v0x23f32b0_0, 0, 1;
L_0x241a710 .part v0x23f32b0_0, 4, 1;
L_0x241a7b0 .part v0x23f32b0_0, 3, 1;
L_0x241ae00 .part v0x23f1900_0, 3, 1;
L_0x241b050 .part v0x23f1900_0, 4, 1;
L_0x241b0f0 .part v0x23f32b0_0, 0, 1;
L_0x241b7e0 .part v0x23f1900_0, 5, 1;
L_0x241b880 .part v0x23f32b0_0, 8, 1;
L_0x241bb40 .part v0x23f1900_0, 7, 1;
L_0x241b3b0 .part v0x23f1900_0, 8, 1;
L_0x241b560 .part v0x23f1900_0, 9, 1;
L_0x241bc30 .part v0x23f1900_0, 11, 1;
L_0x241c230 .part v0x23f1900_0, 1, 1;
L_0x241c2d0 .part v0x23f1900_0, 3, 1;
L_0x241bcd0 .part v0x23f1900_0, 5, 1;
L_0x241be80 .part v0x23f1900_0, 9, 1;
L_0x241c030 .part v0x23f1900_0, 10, 1;
L_0x241c4f0 .part v0x23f1900_0, 0, 1;
L_0x241c590 .part v0x23f1900_0, 2, 1;
L_0x241c8e0 .part v0x23f1900_0, 3, 1;
L_0x241c980 .part v0x23f32b0_0, 10, 1;
L_0x241d070 .part v0x23f1900_0, 4, 1;
L_0x241d220 .part v0x23f1900_0, 5, 1;
L_0x241d2c0 .part v0x23f32b0_0, 10, 1;
L_0x241cb30 .part v0x23f1900_0, 6, 1;
L_0x241cce0 .part v0x23f1900_0, 8, 1;
L_0x241ce90 .part v0x23f1900_0, 9, 1;
L_0x241cf30 .part v0x23f32b0_0, 10, 1;
L_0x241dc70 .part v0x23f1900_0, 10, 1;
L_0x241de20 .part v0x23f1900_0, 12, 1;
L_0x241dfd0 .part v0x23f1900_0, 0, 1;
L_0x241e070 .part v0x23f1900_0, 3, 1;
L_0x241d580 .part v0x23f32b0_0, 9, 1;
L_0x241d840 .part v0x23f1900_0, 5, 1;
L_0x241d8e0 .part v0x23f32b0_0, 9, 1;
L_0x2404450 .part v0x23f1900_0, 9, 1;
L_0x24044f0 .part v0x23f32b0_0, 9, 1;
L_0x241e1b0 .part v0x23f1900_0, 10, 1;
L_0x241e360 .part v0x23f1900_0, 12, 1;
L_0x241e510 .part v0x23f1900_0, 0, 1;
L_0x241f360 .part v0x23f1900_0, 2, 1;
L_0x241f510 .part v0x23f1900_0, 3, 1;
L_0x241f5b0 .part v0x23f32b0_0, 8, 1;
L_0x241ee30 .part v0x23f1900_0, 4, 1;
L_0x241efe0 .part v0x23f1900_0, 5, 1;
L_0x241f080 .part v0x23f32b0_0, 8, 1;
L_0x241f760 .part v0x23f1900_0, 6, 1;
L_0x241f910 .part v0x23f1900_0, 8, 1;
L_0x241fac0 .part v0x23f1900_0, 9, 1;
L_0x241fb60 .part v0x23f32b0_0, 8, 1;
L_0x24204a0 .part v0x23f1900_0, 10, 1;
L_0x2420650 .part v0x23f1900_0, 1, 1;
L_0x2420c80 .part v0x23f1900_0, 5, 1;
L_0x241fd70 .part v0x23f32b0_0, 11, 1;
L_0x24200a0 .part v0x23f1900_0, 0, 1;
L_0x2420140 .part v0x23f1900_0, 5, 1;
L_0x24201e0 .part v0x23f32b0_0, 11, 1;
L_0x2420740 .part v0x23f1900_0, 3, 1;
L_0x24207e0 .part v0x23f32b0_0, 4, 1;
L_0x2420a50 .part v0x23f32b0_0, 3, 1;
L_0x24218f0 .part v0x23f1900_0, 7, 1;
L_0x2421990 .part v0x23f32b0_0, 10, 1;
L_0x2421a80 .part v0x23f32b0_0, 9, 1;
L_0x2421d20 .part v0x23f32b0_0, 8, 1;
L_0x24214b0 .part v0x23f32b0_0, 10, 1;
L_0x2421640 .part v0x23f32b0_0, 9, 1;
L_0x2406160 .part v0x23f32b0_0, 8, 1;
L_0x2406420 .part v0x23f5bc0_0, 0, 1;
L_0x2406580 .part v0x23f32b0_0, 10, 1;
L_0x2420e80 .part v0x23f32b0_0, 9, 1;
L_0x2421030 .part v0x23f32b0_0, 8, 1;
L_0x2423530 .part v0x23f5bc0_0, 0, 1;
L_0x24235d0 .part v0x23f32b0_0, 10, 1;
L_0x2423ea0 .part v0x23f32b0_0, 9, 1;
L_0x2422e90 .part v0x23f32b0_0, 8, 1;
L_0x2423150 .part v0x23f5bc0_0, 0, 1;
L_0x24232b0 .part v0x23f5bc0_0, 1, 1;
L_0x2423350 .part v0x23f5bc0_0, 2, 1;
L_0x2424370 .part v0x23f32b0_0, 10, 1;
L_0x2424520 .part v0x23f32b0_0, 9, 1;
L_0x2423890 .part v0x23f32b0_0, 8, 1;
L_0x2423c10 .part v0x23f5bc0_0, 0, 1;
L_0x2423cb0 .part v0x23f5bc0_0, 1, 1;
L_0x2424cc0 .part v0x23f5bc0_0, 2, 1;
L_0x2424f80 .part v0x23f32b0_0, 10, 1;
L_0x2425130 .part v0x23f32b0_0, 9, 1;
L_0x2424810 .part v0x23f32b0_0, 8, 1;
L_0x2424ad0 .part v0x23f5bc0_0, 1, 1;
L_0x2424b70 .part v0x23f5bc0_0, 2, 1;
L_0x24259e0 .part v0x23f32b0_0, 10, 1;
L_0x2425b90 .part v0x23f32b0_0, 9, 1;
L_0x2425d40 .part v0x23f32b0_0, 8, 1;
L_0x24254b0 .part v0x23f5bc0_0, 1, 1;
L_0x2425550 .part v0x23f5bc0_0, 2, 1;
L_0x2425700 .part v0x23f32b0_0, 10, 1;
L_0x2426510 .part v0x23f32b0_0, 9, 1;
L_0x2426db0 .part v0x23f32b0_0, 8, 1;
L_0x2426220 .part v0x23f1900_0, 11, 1;
L_0x24263d0 .part v0x23f1900_0, 12, 1;
L_0x24265b0 .part v0x23f5bc0_0, 4, 1;
L_0x2426820 .part v0x23f1900_0, 7, 1;
L_0x24268c0 .part v0x23f1900_0, 11, 1;
L_0x2426a70 .part v0x23f1900_0, 3, 1;
L_0x2426b10 .part v0x23f32b0_0, 14, 1;
L_0x24275d0 .part v0x23f1900_0, 6, 1;
L_0x2427670 .part v0x23f32b0_0, 10, 1;
L_0x2427710 .part v0x23f32b0_0, 9, 1;
L_0x24278c0 .part v0x23f32b0_0, 8, 1;
L_0x2427c90 .part v0x23f1900_0, 9, 1;
L_0x2427d30 .part v0x23f32b0_0, 11, 1;
L_0x2426e50 .part v0x23f1900_0, 3, 1;
L_0x2426ef0 .part v0x23f32b0_0, 13, 1;
L_0x24270a0 .part v0x23f1900_0, 4, 1;
L_0x2427250 .part v0x23f1900_0, 6, 1;
L_0x24272f0 .part v0x23f32b0_0, 10, 1;
L_0x2427390 .part v0x23f32b0_0, 9, 1;
L_0x24287d0 .part v0x23f32b0_0, 8, 1;
L_0x2427ff0 .part v0x23f1900_0, 9, 1;
L_0x2428090 .part v0x23f32b0_0, 11, 1;
L_0x2428300 .part v0x23f1900_0, 11, 1;
L_0x24284b0 .part v0x23f1900_0, 12, 1;
L_0x2428660 .part v0x23f1900_0, 3, 1;
L_0x2428700 .part v0x23f32b0_0, 12, 1;
L_0x2428a90 .part v0x23f1900_0, 6, 1;
L_0x2428b30 .part v0x23f32b0_0, 10, 1;
L_0x2428bd0 .part v0x23f32b0_0, 9, 1;
L_0x2428d80 .part v0x23f32b0_0, 8, 1;
LS_0x2429bd0_0_0 .concat8 [ 1 1 1 1], L_0x242ace0, L_0x2429040, L_0x2428550, L_0x2427ee0;
LS_0x2429bd0_0_4 .concat8 [ 1 1 1 1], L_0x2426960, L_0x2426710, L_0x2406870, L_0x241ffe0;
LS_0x2429bd0_0_8 .concat8 [ 1 1 1 1], L_0x2420540, L_0x241e400, L_0x241dec0, L_0x241c430;
LS_0x2429bd0_0_12 .concat8 [ 1 1 1 1], L_0x241c120, L_0x241a940, L_0x24194f0, L_0x2406cd0;
LS_0x2429bd0_0_16 .concat8 [ 1 1 1 1], L_0x2405580, L_0x2403de0, L_0x2401760, L_0x23fe560;
LS_0x2429bd0_1_0 .concat8 [ 4 4 4 4], LS_0x2429bd0_0_0, LS_0x2429bd0_0_4, LS_0x2429bd0_0_8, LS_0x2429bd0_0_12;
LS_0x2429bd0_1_4 .concat8 [ 4 0 0 0], LS_0x2429bd0_0_16;
L_0x2429bd0 .concat8 [ 16 4 0 0], LS_0x2429bd0_1_0, LS_0x2429bd0_1_4;
L_0x24293a0 .part v0x23f1900_0, 2, 1;
L_0x2429440 .part v0x23f32b0_0, 4, 1;
L_0x24295a0 .part v0x23f32b0_0, 3, 1;
L_0x2429750 .part v0x23f1900_0, 3, 1;
L_0x24297f0 .part v0x23f32b0_0, 11, 1;
L_0x2429ab0 .part v0x23f1900_0, 4, 1;
L_0x242ab30 .part v0x23f32b0_0, 4, 1;
L_0x242ae40 .part v0x23f1900_0, 5, 1;
L_0x242b710 .part v0x23f32b0_0, 11, 1;
S_0x23f1330 .scope module, "state_unit" "State" 4 34, 7 1 0, S_0x23aff50;
 .timescale 0 0;
    .port_info 0 /INPUT 13 "d"
    .port_info 1 /OUTPUT 13 "q"
    .port_info 2 /INPUT 1 "clk"
    .port_info 3 /INPUT 1 "preset"
v0x23f1660_0 .net "clk", 0 0, v0x23f75d0_0;  alias, 1 drivers
v0x23f1740_0 .net "d", 12 0, L_0x23fb8d0;  alias, 1 drivers
v0x23f1830_0 .net "preset", 0 0, v0x23f77f0_0;  alias, 1 drivers
v0x23f1900_0 .var "q", 12 0;
E_0x23f15a0 .event edge, v0x23f1830_0;
E_0x23f1600 .event posedge, v0x23f1660_0;
S_0x23f21b0 .scope module, "datapath_unit" "Datapath" 3 23, 8 17 0, S_0x230a6a0;
 .timescale 0 0;
    .port_info 0 /INPUT 1 "clk"
    .port_info 1 /INPUT 1 "reset"
    .port_info 2 /INPUT 20 "ctrlword"
    .port_info 3 /OUTPUT 16 "instruction"
    .port_info 4 /OUTPUT 5 "status"
    .port_info 5 /INPUT 16 "dataIn"
    .port_info 6 /OUTPUT 16 "busA"
    .port_info 7 /OUTPUT 16 "busB"
v0x23f5dd0_0 .net "busA", 15 0, v0x23f2cc0_0;  alias, 1 drivers
v0x23f5f00_0 .net "busB", 15 0, v0x23f2da0_0;  alias, 1 drivers
v0x23f6010_0 .net "clk", 0 0, v0x23f75d0_0;  alias, 1 drivers
v0x23f6140_0 .net "ctrlword", 19 0, L_0x2429bd0;  alias, 1 drivers
v0x23f61e0_0 .net "dataBus", 15 0, v0x23f5330_0;  1 drivers
v0x23f6340_0 .net "dataIn", 15 0, v0x23f7670_0;  alias, 1 drivers
v0x23f6400_0 .net "flags", 3 0, v0x23f4b70_0;  1 drivers
v0x23f64f0_0 .net "instruction", 15 0, v0x23f32b0_0;  alias, 1 drivers
v0x23f65b0_0 .net "reset", 0 0, v0x23f77f0_0;  alias, 1 drivers
v0x23f6770_0 .net "result", 15 0, v0x23f4a90_0;  1 drivers
v0x23f6830_0 .net "status", 4 0, v0x23f5bc0_0;  alias, 1 drivers
L_0x23f7930 .part L_0x2429bd0, 16, 4;
L_0x23f7a60 .part L_0x2429bd0, 12, 4;
L_0x23f7b00 .part L_0x2429bd0, 8, 4;
L_0x23f7ba0 .part L_0x2429bd0, 7, 1;
L_0x23f7c40 .part L_0x2429bd0, 0, 4;
L_0x23f7df0 .part L_0x2429bd0, 5, 1;
L_0x23f7e90 .part L_0x2429bd0, 4, 1;
L_0x23f7f30 .part L_0x2429bd0, 6, 1;
S_0x23f24c0 .scope module, "file_register_u" "FileRegister" 8 41, 9 4 0, S_0x23f21b0;
 .timescale 0 0;
    .port_info 0 /INPUT 1 "clk"
    .port_info 1 /INPUT 1 "reset"
    .port_info 2 /INPUT 4 "addrA"
    .port_info 3 /INPUT 4 "addrB"
    .port_info 4 /INPUT 4 "addrD"
    .port_info 5 /INPUT 1 "rw"
    .port_info 6 /INPUT 16 "data"
    .port_info 7 /OUTPUT 16 "busA"
    .port_info 8 /OUTPUT 16 "busB"
    .port_info 9 /OUTPUT 16 "ir"
P_0x23f2690 .param/l "width" 1 9 17, +C4<00000000000000000000000000010000>;
v0x23f29f0_0 .net "addrA", 3 0, L_0x23f7930;  1 drivers
v0x23f2af0_0 .net "addrB", 3 0, L_0x23f7a60;  1 drivers
v0x23f2bd0_0 .net "addrD", 3 0, L_0x23f7b00;  1 drivers
v0x23f2cc0_0 .var "busA", 15 0;
v0x23f2da0_0 .var "busB", 15 0;
v0x23f2ed0_0 .net "clk", 0 0, v0x23f75d0_0;  alias, 1 drivers
v0x23f2fc0_0 .var "const2", 15 0;
v0x23f3060_0 .net "data", 15 0, v0x23f5330_0;  alias, 1 drivers
v0x23f3140_0 .var "displacement", 15 0;
v0x23f32b0_0 .var "ir", 15 0;
v0x23f3370_0 .var "maskl", 15 0;
v0x23f3450_0 .var "nimm4", 15 0;
v0x23f3530_0 .var "pc", 15 0;
v0x23f3610_0 .var "pimm4", 15 0;
v0x23f36f0_0 .var "r0", 15 0;
v0x23f37d0_0 .var "r1", 15 0;
v0x23f38b0_0 .var "r2", 15 0;
v0x23f3a60_0 .var "r3", 15 0;
v0x23f3b00_0 .var "r4", 15 0;
v0x23f3be0_0 .var "r5", 15 0;
v0x23f3cc0_0 .var "r6", 15 0;
v0x23f3da0_0 .var "r7", 15 0;
v0x23f3e80_0 .net "reset", 0 0, v0x23f77f0_0;  alias, 1 drivers
v0x23f3f70_0 .net "rw", 0 0, L_0x23f7ba0;  1 drivers
v0x23f4030_0 .var "temp0", 15 0;
E_0x22e63d0/0 .event edge, v0x23f29f0_0, v0x23f36f0_0, v0x23f37d0_0, v0x23f38b0_0;
E_0x22e63d0/1 .event edge, v0x23f3a60_0, v0x23f3b00_0, v0x23f3be0_0, v0x23f3cc0_0;
E_0x22e63d0/2 .event edge, v0x23f3da0_0, v0x23f3140_0, v0x23f3370_0, v0x23f3610_0;
E_0x22e63d0/3 .event edge, v0x23f3450_0, v0x23f2fc0_0, v0x23f4030_0, v0x23f3530_0;
E_0x22e63d0/4 .event edge, v0x23f0f10_0, v0x23f2af0_0;
E_0x22e63d0 .event/or E_0x22e63d0/0, E_0x22e63d0/1, E_0x22e63d0/2, E_0x22e63d0/3, E_0x22e63d0/4;
E_0x23f2990 .event negedge, v0x23f1660_0;
S_0x23f42b0 .scope module, "functional_u" "FunctionalUnit" 8 55, 10 4 0, S_0x23f21b0;
 .timescale 0 0;
    .port_info 0 /INPUT 16 "a"
    .port_info 1 /INPUT 16 "b"
    .port_info 2 /INPUT 4 "opcode"
    .port_info 3 /OUTPUT 16 "result"
    .port_info 4 /OUTPUT 4 "status"
v0x23f4600_0 .net "a", 15 0, v0x23f2cc0_0;  alias, 1 drivers
v0x23f46e0_0 .net "b", 15 0, v0x23f2da0_0;  alias, 1 drivers
v0x23f47b0_0 .var "carry", 16 0;
v0x23f4880_0 .var/i "i", 31 0;
v0x23f4960_0 .net "opcode", 3 0, L_0x23f7c40;  1 drivers
v0x23f4a90_0 .var "result", 15 0;
v0x23f4b70_0 .var "status", 3 0;
E_0x23f4520/0 .event edge, v0x23f4960_0, v0x23f4a90_0, v0x23f4880_0, v0x23f2cc0_0;
E_0x23f4520/1 .event edge, v0x23f2da0_0, v0x23f47b0_0;
E_0x23f4520 .event/or E_0x23f4520/0, E_0x23f4520/1;
E_0x23f45a0 .event edge, v0x23f4960_0, v0x23f2cc0_0, v0x23f2da0_0;
S_0x23f4cf0 .scope module, "muxd" "Mux2x1" 8 75, 11 4 0, S_0x23f21b0;
 .timescale 0 0;
    .port_info 0 /INPUT 16 "a"
    .port_info 1 /INPUT 16 "b"
    .port_info 2 /INPUT 1 "sel"
    .port_info 3 /OUTPUT 16 "y"
P_0x23f4ec0 .param/l "width" 0 11 6, +C4<00000000000000000000000000010000>;
v0x23f5090_0 .net "a", 15 0, v0x23f4a90_0;  alias, 1 drivers
v0x23f51a0_0 .net "b", 15 0, v0x23f7670_0;  alias, 1 drivers
v0x23f5260_0 .net "sel", 0 0, L_0x23f7f30;  1 drivers
v0x23f5330_0 .var "y", 15 0;
E_0x23f4f90 .event edge, v0x23f5260_0, v0x23f4a90_0, v0x23f51a0_0;
S_0x23f54b0 .scope module, "psr_u" "ProcessorStatusRegister" 8 64, 12 5 0, S_0x23f21b0;
 .timescale 0 0;
    .port_info 0 /INPUT 1 "clk"
    .port_info 1 /INPUT 1 "reset"
    .port_info 2 /INPUT 1 "rw"
    .port_info 3 /INPUT 1 "displacement"
    .port_info 4 /INPUT 4 "flags"
    .port_info 5 /OUTPUT 5 "status"
v0x23f57e0_0 .net "clk", 0 0, v0x23f75d0_0;  alias, 1 drivers
v0x23f58a0_0 .net "displacement", 0 0, L_0x23f7e90;  1 drivers
v0x23f5960_0 .net "flags", 3 0, v0x23f4b70_0;  alias, 1 drivers
v0x23f5a30_0 .net "reset", 0 0, v0x23f77f0_0;  alias, 1 drivers
v0x23f5ad0_0 .net "rw", 0 0, L_0x23f7df0;  1 drivers
v0x23f5bc0_0 .var "status", 4 0;
E_0x23f5760/0 .event edge, v0x23f1830_0;
E_0x23f5760/1 .event negedge, v0x23f1660_0;
E_0x23f5760 .event/or E_0x23f5760/0, E_0x23f5760/1;
    .scope S_0x23f24c0;
T_0 ;
    %wait E_0x23f15a0;
    %load/vec4 v0x23f3e80_0;
    %flag_set/vec4 8;
    %jmp/0xz  T_0.0, 8;
    %pushi/vec4 0, 0, 16;
    %assign/vec4 v0x23f36f0_0, 0;
    %pushi/vec4 0, 0, 16;
    %assign/vec4 v0x23f37d0_0, 0;
    %pushi/vec4 0, 0, 16;
    %assign/vec4 v0x23f38b0_0, 0;
    %pushi/vec4 0, 0, 16;
    %assign/vec4 v0x23f3a60_0, 0;
    %pushi/vec4 0, 0, 16;
    %assign/vec4 v0x23f3b00_0, 0;
    %pushi/vec4 0, 0, 16;
    %assign/vec4 v0x23f3be0_0, 0;
    %pushi/vec4 0, 0, 16;
    %assign/vec4 v0x23f3cc0_0, 0;
    %pushi/vec4 0, 0, 16;
    %assign/vec4 v0x23f3da0_0, 0;
    %pushi/vec4 0, 0, 16;
    %assign/vec4 v0x23f3140_0, 0;
    %pushi/vec4 255, 0, 16;
    %assign/vec4 v0x23f3370_0, 0;
    %pushi/vec4 15, 0, 16;
    %assign/vec4 v0x23f3610_0, 0;
    %pushi/vec4 65528, 0, 16;
    %assign/vec4 v0x23f3450_0, 0;
    %pushi/vec4 2, 0, 16;
    %assign/vec4 v0x23f2fc0_0, 0;
    %pushi/vec4 0, 0, 16;
    %assign/vec4 v0x23f4030_0, 0;
    %pushi/vec4 0, 0, 16;
    %assign/vec4 v0x23f3530_0, 0;
    %pushi/vec4 0, 0, 16;
    %assign/vec4 v0x23f32b0_0, 0;
T_0.0 ;
    %jmp T_0;
    .thread T_0, $push;
    .scope S_0x23f24c0;
T_1 ;
    %wait E_0x23f2990;
    %load/vec4 v0x23f2bd0_0;
    %dup/vec4;
    %pushi/vec4 1, 0, 4;
    %cmp/u;
    %jmp/1 T_1.0, 6;
    %dup/vec4;
    %pushi/vec4 2, 0, 4;
    %cmp/u;
    %jmp/1 T_1.1, 6;
    %dup/vec4;
    %pushi/vec4 3, 0, 4;
    %cmp/u;
    %jmp/1 T_1.2, 6;
    %dup/vec4;
    %pushi/vec4 4, 0, 4;
    %cmp/u;
    %jmp/1 T_1.3, 6;
    %dup/vec4;
    %pushi/vec4 5, 0, 4;
    %cmp/u;
    %jmp/1 T_1.4, 6;
    %dup/vec4;
    %pushi/vec4 6, 0, 4;
    %cmp/u;
    %jmp/1 T_1.5, 6;
    %dup/vec4;
    %pushi/vec4 7, 0, 4;
    %cmp/u;
    %jmp/1 T_1.6, 6;
    %dup/vec4;
    %pushi/vec4 8, 0, 4;
    %cmp/u;
    %jmp/1 T_1.7, 6;
    %dup/vec4;
    %pushi/vec4 13, 0, 4;
    %cmp/u;
    %jmp/1 T_1.8, 6;
    %dup/vec4;
    %pushi/vec4 14, 0, 4;
    %cmp/u;
    %jmp/1 T_1.9, 6;
    %dup/vec4;
    %pushi/vec4 15, 0, 4;
    %cmp/u;
    %jmp/1 T_1.10, 6;
    %pushi/vec4 0, 0, 16;
    %assign/vec4 v0x23f36f0_0, 0;
    %pushi/vec4 255, 0, 16;
    %assign/vec4 v0x23f3370_0, 0;
    %pushi/vec4 15, 0, 16;
    %assign/vec4 v0x23f3610_0, 0;
    %pushi/vec4 65528, 0, 16;
    %assign/vec4 v0x23f3450_0, 0;
    %pushi/vec4 2, 0, 16;
    %assign/vec4 v0x23f2fc0_0, 0;
    %jmp T_1.12;
T_1.0 ;
    %load/vec4 v0x23f3f70_0;
    %flag_set/vec4 8;
    %jmp/0xz  T_1.13, 8;
    %load/vec4 v0x23f3060_0;
    %assign/vec4 v0x23f37d0_0, 0;
T_1.13 ;
    %jmp T_1.12;
T_1.1 ;
    %load/vec4 v0x23f3f70_0;
    %flag_set/vec4 8;
    %jmp/0xz  T_1.15, 8;
    %load/vec4 v0x23f3060_0;
    %assign/vec4 v0x23f38b0_0, 0;
T_1.15 ;
    %jmp T_1.12;
T_1.2 ;
    %load/vec4 v0x23f3f70_0;
    %flag_set/vec4 8;
    %jmp/0xz  T_1.17, 8;
    %load/vec4 v0x23f3060_0;
    %assign/vec4 v0x23f3a60_0, 0;
T_1.17 ;
    %jmp T_1.12;
T_1.3 ;
    %load/vec4 v0x23f3f70_0;
    %flag_set/vec4 8;
    %jmp/0xz  T_1.19, 8;
    %load/vec4 v0x23f3060_0;
    %assign/vec4 v0x23f3b00_0, 0;
T_1.19 ;
    %jmp T_1.12;
T_1.4 ;
    %load/vec4 v0x23f3f70_0;
    %flag_set/vec4 8;
    %jmp/0xz  T_1.21, 8;
    %load/vec4 v0x23f3060_0;
    %assign/vec4 v0x23f3be0_0, 0;
T_1.21 ;
    %jmp T_1.12;
T_1.5 ;
    %load/vec4 v0x23f3f70_0;
    %flag_set/vec4 8;
    %jmp/0xz  T_1.23, 8;
    %load/vec4 v0x23f3060_0;
    %assign/vec4 v0x23f3cc0_0, 0;
T_1.23 ;
    %jmp T_1.12;
T_1.6 ;
    %load/vec4 v0x23f3f70_0;
    %flag_set/vec4 8;
    %jmp/0xz  T_1.25, 8;
    %load/vec4 v0x23f3060_0;
    %assign/vec4 v0x23f3da0_0, 0;
T_1.25 ;
    %jmp T_1.12;
T_1.7 ;
    %load/vec4 v0x23f3f70_0;
    %flag_set/vec4 8;
    %jmp/0xz  T_1.27, 8;
    %load/vec4 v0x23f3060_0;
    %assign/vec4 v0x23f3140_0, 0;
T_1.27 ;
    %jmp T_1.12;
T_1.8 ;
    %load/vec4 v0x23f3f70_0;
    %flag_set/vec4 8;
    %jmp/0xz  T_1.29, 8;
    %load/vec4 v0x23f3060_0;
    %assign/vec4 v0x23f4030_0, 0;
T_1.29 ;
    %jmp T_1.12;
T_1.9 ;
    %load/vec4 v0x23f3f70_0;
    %flag_set/vec4 8;
    %jmp/0xz  T_1.31, 8;
    %load/vec4 v0x23f3060_0;
    %assign/vec4 v0x23f3530_0, 0;
T_1.31 ;
    %jmp T_1.12;
T_1.10 ;
    %load/vec4 v0x23f3f70_0;
    %flag_set/vec4 8;
    %jmp/0xz  T_1.33, 8;
    %load/vec4 v0x23f3060_0;
    %assign/vec4 v0x23f32b0_0, 0;
T_1.33 ;
    %jmp T_1.12;
T_1.12 ;
    %pop/vec4 1;
    %jmp T_1;
    .thread T_1;
    .scope S_0x23f24c0;
T_2 ;
    %wait E_0x22e63d0;
    %load/vec4 v0x23f29f0_0;
    %dup/vec4;
    %pushi/vec4 0, 0, 4;
    %cmp/u;
    %jmp/1 T_2.0, 6;
    %dup/vec4;
    %pushi/vec4 1, 0, 4;
    %cmp/u;
    %jmp/1 T_2.1, 6;
    %dup/vec4;
    %pushi/vec4 2, 0, 4;
    %cmp/u;
    %jmp/1 T_2.2, 6;
    %dup/vec4;
    %pushi/vec4 3, 0, 4;
    %cmp/u;
    %jmp/1 T_2.3, 6;
    %dup/vec4;
    %pushi/vec4 4, 0, 4;
    %cmp/u;
    %jmp/1 T_2.4, 6;
    %dup/vec4;
    %pushi/vec4 5, 0, 4;
    %cmp/u;
    %jmp/1 T_2.5, 6;
    %dup/vec4;
    %pushi/vec4 6, 0, 4;
    %cmp/u;
    %jmp/1 T_2.6, 6;
    %dup/vec4;
    %pushi/vec4 7, 0, 4;
    %cmp/u;
    %jmp/1 T_2.7, 6;
    %dup/vec4;
    %pushi/vec4 8, 0, 4;
    %cmp/u;
    %jmp/1 T_2.8, 6;
    %dup/vec4;
    %pushi/vec4 9, 0, 4;
    %cmp/u;
    %jmp/1 T_2.9, 6;
    %dup/vec4;
    %pushi/vec4 10, 0, 4;
    %cmp/u;
    %jmp/1 T_2.10, 6;
    %dup/vec4;
    %pushi/vec4 11, 0, 4;
    %cmp/u;
    %jmp/1 T_2.11, 6;
    %dup/vec4;
    %pushi/vec4 12, 0, 4;
    %cmp/u;
    %jmp/1 T_2.12, 6;
    %dup/vec4;
    %pushi/vec4 13, 0, 4;
    %cmp/u;
    %jmp/1 T_2.13, 6;
    %dup/vec4;
    %pushi/vec4 14, 0, 4;
    %cmp/u;
    %jmp/1 T_2.14, 6;
    %load/vec4 v0x23f32b0_0;
    %assign/vec4 v0x23f2cc0_0, 0;
    %jmp T_2.16;
T_2.0 ;
    %load/vec4 v0x23f36f0_0;
    %assign/vec4 v0x23f2cc0_0, 0;
    %jmp T_2.16;
T_2.1 ;
    %load/vec4 v0x23f37d0_0;
    %assign/vec4 v0x23f2cc0_0, 0;
    %jmp T_2.16;
T_2.2 ;
    %load/vec4 v0x23f38b0_0;
    %assign/vec4 v0x23f2cc0_0, 0;
    %jmp T_2.16;
T_2.3 ;
    %load/vec4 v0x23f3a60_0;
    %assign/vec4 v0x23f2cc0_0, 0;
    %jmp T_2.16;
T_2.4 ;
    %load/vec4 v0x23f3b00_0;
    %assign/vec4 v0x23f2cc0_0, 0;
    %jmp T_2.16;
T_2.5 ;
    %load/vec4 v0x23f3be0_0;
    %assign/vec4 v0x23f2cc0_0, 0;
    %jmp T_2.16;
T_2.6 ;
    %load/vec4 v0x23f3cc0_0;
    %assign/vec4 v0x23f2cc0_0, 0;
    %jmp T_2.16;
T_2.7 ;
    %load/vec4 v0x23f3da0_0;
    %assign/vec4 v0x23f2cc0_0, 0;
    %jmp T_2.16;
T_2.8 ;
    %load/vec4 v0x23f3140_0;
    %assign/vec4 v0x23f2cc0_0, 0;
    %jmp T_2.16;
T_2.9 ;
    %load/vec4 v0x23f3370_0;
    %assign/vec4 v0x23f2cc0_0, 0;
    %jmp T_2.16;
T_2.10 ;
    %load/vec4 v0x23f3610_0;
    %assign/vec4 v0x23f2cc0_0, 0;
    %jmp T_2.16;
T_2.11 ;
    %load/vec4 v0x23f3450_0;
    %assign/vec4 v0x23f2cc0_0, 0;
    %jmp T_2.16;
T_2.12 ;
    %load/vec4 v0x23f2fc0_0;
    %assign/vec4 v0x23f2cc0_0, 0;
    %jmp T_2.16;
T_2.13 ;
    %load/vec4 v0x23f4030_0;
    %assign/vec4 v0x23f2cc0_0, 0;
    %jmp T_2.16;
T_2.14 ;
    %load/vec4 v0x23f3530_0;
    %assign/vec4 v0x23f2cc0_0, 0;
    %jmp T_2.16;
T_2.16 ;
    %pop/vec4 1;
    %load/vec4 v0x23f2af0_0;
    %cmpi/e 0, 0, 4;
    %jmp/0xz  T_2.17, 4;
    %load/vec4 v0x23f36f0_0;
    %store/vec4 v0x23f2da0_0, 0, 16;
    %jmp T_2.18;
T_2.17 ;
    %load/vec4 v0x23f2af0_0;
    %cmpi/e 1, 0, 4;
    %jmp/0xz  T_2.19, 4;
    %load/vec4 v0x23f37d0_0;
    %store/vec4 v0x23f2da0_0, 0, 16;
    %jmp T_2.20;
T_2.19 ;
    %load/vec4 v0x23f2af0_0;
    %cmpi/e 2, 0, 4;
    %jmp/0xz  T_2.21, 4;
    %load/vec4 v0x23f38b0_0;
    %store/vec4 v0x23f2da0_0, 0, 16;
    %jmp T_2.22;
T_2.21 ;
    %load/vec4 v0x23f2af0_0;
    %cmpi/e 3, 0, 4;
    %jmp/0xz  T_2.23, 4;
    %load/vec4 v0x23f3a60_0;
    %store/vec4 v0x23f2da0_0, 0, 16;
    %jmp T_2.24;
T_2.23 ;
    %load/vec4 v0x23f2af0_0;
    %cmpi/e 4, 0, 4;
    %jmp/0xz  T_2.25, 4;
    %load/vec4 v0x23f3b00_0;
    %store/vec4 v0x23f2da0_0, 0, 16;
    %jmp T_2.26;
T_2.25 ;
    %load/vec4 v0x23f2af0_0;
    %cmpi/e 5, 0, 4;
    %jmp/0xz  T_2.27, 4;
    %load/vec4 v0x23f3be0_0;
    %store/vec4 v0x23f2da0_0, 0, 16;
    %jmp T_2.28;
T_2.27 ;
    %load/vec4 v0x23f2af0_0;
    %cmpi/e 6, 0, 4;
    %jmp/0xz  T_2.29, 4;
    %load/vec4 v0x23f3cc0_0;
    %store/vec4 v0x23f2da0_0, 0, 16;
    %jmp T_2.30;
T_2.29 ;
    %load/vec4 v0x23f2af0_0;
    %cmpi/e 7, 0, 4;
    %jmp/0xz  T_2.31, 4;
    %load/vec4 v0x23f3da0_0;
    %store/vec4 v0x23f2da0_0, 0, 16;
    %jmp T_2.32;
T_2.31 ;
    %load/vec4 v0x23f2af0_0;
    %cmpi/e 8, 0, 4;
    %jmp/0xz  T_2.33, 4;
    %load/vec4 v0x23f3140_0;
    %store/vec4 v0x23f2da0_0, 0, 16;
    %jmp T_2.34;
T_2.33 ;
    %load/vec4 v0x23f2af0_0;
    %cmpi/e 9, 0, 4;
    %jmp/0xz  T_2.35, 4;
    %load/vec4 v0x23f3370_0;
    %store/vec4 v0x23f2da0_0, 0, 16;
    %jmp T_2.36;
T_2.35 ;
    %load/vec4 v0x23f2af0_0;
    %cmpi/e 10, 0, 4;
    %jmp/0xz  T_2.37, 4;
    %load/vec4 v0x23f3610_0;
    %store/vec4 v0x23f2da0_0, 0, 16;
    %jmp T_2.38;
T_2.37 ;
    %load/vec4 v0x23f2af0_0;
    %cmpi/e 11, 0, 4;
    %jmp/0xz  T_2.39, 4;
    %load/vec4 v0x23f3450_0;
    %store/vec4 v0x23f2da0_0, 0, 16;
    %jmp T_2.40;
T_2.39 ;
    %load/vec4 v0x23f2af0_0;
    %cmpi/e 12, 0, 4;
    %jmp/0xz  T_2.41, 4;
    %load/vec4 v0x23f2fc0_0;
    %store/vec4 v0x23f2da0_0, 0, 16;
    %jmp T_2.42;
T_2.41 ;
    %load/vec4 v0x23f2af0_0;
    %cmpi/e 13, 0, 4;
    %jmp/0xz  T_2.43, 4;
    %load/vec4 v0x23f4030_0;
    %store/vec4 v0x23f2da0_0, 0, 16;
    %jmp T_2.44;
T_2.43 ;
    %load/vec4 v0x23f2af0_0;
    %cmpi/e 14, 0, 4;
    %jmp/0xz  T_2.45, 4;
    %load/vec4 v0x23f3530_0;
    %store/vec4 v0x23f2da0_0, 0, 16;
    %jmp T_2.46;
T_2.45 ;
    %load/vec4 v0x23f32b0_0;
    %store/vec4 v0x23f2da0_0, 0, 16;
T_2.46 ;
T_2.44 ;
T_2.42 ;
T_2.40 ;
T_2.38 ;
T_2.36 ;
T_2.34 ;
T_2.32 ;
T_2.30 ;
T_2.28 ;
T_2.26 ;
T_2.24 ;
T_2.22 ;
T_2.20 ;
T_2.18 ;
    %jmp T_2;
    .thread T_2, $push;
    .scope S_0x23f42b0;
T_3 ;
    %wait E_0x23f45a0;
    %load/vec4 v0x23f4960_0;
    %dup/vec4;
    %pushi/vec4 0, 0, 4;
    %cmp/x;
    %jmp/1 T_3.0, 4;
    %dup/vec4;
    %pushi/vec4 1, 0, 4;
    %cmp/x;
    %jmp/1 T_3.1, 4;
    %dup/vec4;
    %pushi/vec4 2, 0, 4;
    %cmp/x;
    %jmp/1 T_3.2, 4;
    %dup/vec4;
    %pushi/vec4 3, 0, 4;
    %cmp/x;
    %jmp/1 T_3.3, 4;
    %dup/vec4;
    %pushi/vec4 6, 2, 4;
    %cmp/x;
    %jmp/1 T_3.4, 4;
    %dup/vec4;
    %pushi/vec4 7, 2, 4;
    %cmp/x;
    %jmp/1 T_3.5, 4;
    %dup/vec4;
    %pushi/vec4 11, 3, 4;
    %cmp/x;
    %jmp/1 T_3.6, 4;
    %dup/vec4;
    %pushi/vec4 12, 0, 4;
    %cmp/x;
    %jmp/1 T_3.7, 4;
    %dup/vec4;
    %pushi/vec4 13, 0, 4;
    %cmp/x;
    %jmp/1 T_3.8, 4;
    %dup/vec4;
    %pushi/vec4 14, 0, 4;
    %cmp/x;
    %jmp/1 T_3.9, 4;
    %load/vec4 v0x23f4600_0;
    %addi 2, 0, 16;
    %store/vec4 v0x23f4a90_0, 0, 16;
    %jmp T_3.11;
T_3.0 ;
    %load/vec4 v0x23f4600_0;
    %load/vec4 v0x23f46e0_0;
    %and;
    %store/vec4 v0x23f4a90_0, 0, 16;
    %jmp T_3.11;
T_3.1 ;
    %load/vec4 v0x23f4600_0;
    %load/vec4 v0x23f46e0_0;
    %or;
    %store/vec4 v0x23f4a90_0, 0, 16;
    %jmp T_3.11;
T_3.2 ;
    %load/vec4 v0x23f4600_0;
    %inv;
    %store/vec4 v0x23f4a90_0, 0, 16;
    %jmp T_3.11;
T_3.3 ;
    %load/vec4 v0x23f4600_0;
    %load/vec4 v0x23f46e0_0;
    %xor;
    %store/vec4 v0x23f4a90_0, 0, 16;
    %jmp T_3.11;
T_3.4 ;
    %load/vec4 v0x23f4600_0;
    %load/vec4 v0x23f46e0_0;
    %add;
    %load/vec4 v0x23f4960_0;
    %parti/s 1, 0, 2;
    %pad/u 16;
    %add;
    %store/vec4 v0x23f4a90_0, 0, 16;
    %jmp T_3.11;
T_3.5 ;
    %load/vec4 v0x23f4600_0;
    %load/vec4 v0x23f46e0_0;
    %inv;
    %add;
    %load/vec4 v0x23f4960_0;
    %parti/s 1, 0, 2;
    %pad/u 16;
    %add;
    %store/vec4 v0x23f4a90_0, 0, 16;
    %jmp T_3.11;
T_3.6 ;
    %load/vec4 v0x23f4600_0;
    %parti/s 8, 0, 2;
    %pad/u 16;
    %load/vec4 v0x23f46e0_0;
    %parti/s 8, 0, 2;
    %pad/u 16;
    %mul;
    %store/vec4 v0x23f4a90_0, 0, 16;
    %jmp T_3.11;
T_3.7 ;
    %load/vec4 v0x23f4600_0;
    %load/vec4 v0x23f46e0_0;
    %parti/s 4, 0, 2;
    %ix/vec4 4;
    %shiftl 4;
    %store/vec4 v0x23f4a90_0, 0, 16;
    %jmp T_3.11;
T_3.8 ;
    %load/vec4 v0x23f4600_0;
    %load/vec4 v0x23f46e0_0;
    %parti/s 4, 0, 2;
    %ix/vec4 4;
    %shiftr 4;
    %store/vec4 v0x23f4a90_0, 0, 16;
    %jmp T_3.11;
T_3.9 ;
    %load/vec4 v0x23f4600_0;
    %parti/s 1, 7, 4;
    %replicate 8;
    %load/vec4 v0x23f4600_0;
    %parti/s 8, 0, 2;
    %concat/vec4; draw_concat_vec4
    %store/vec4 v0x23f4a90_0, 0, 16;
    %jmp T_3.11;
T_3.11 ;
    %pop/vec4 1;
    %jmp T_3;
    .thread T_3, $push;
    .scope S_0x23f42b0;
T_4 ;
    %wait E_0x23f4520;
    %load/vec4 v0x23f4960_0;
    %parti/s 1, 0, 2;
    %ix/load 4, 0, 0;
    %flag_set/imm 4, 0;
    %store/vec4 v0x23f47b0_0, 4, 1;
    %load/vec4 v0x23f4a90_0;
    %nor/r;
    %ix/load 4, 0, 0;
    %flag_set/imm 4, 0;
    %store/vec4 v0x23f4b70_0, 4, 1;
    %load/vec4 v0x23f4a90_0;
    %parti/s 1, 15, 5;
    %ix/load 4, 1, 0;
    %flag_set/imm 4, 0;
    %store/vec4 v0x23f4b70_0, 4, 1;
    %pushi/vec4 0, 0, 32;
    %store/vec4 v0x23f4880_0, 0, 32;
T_4.0 ;
    %load/vec4 v0x23f4880_0;
    %cmpi/s 16, 0, 32;
    %jmp/0xz T_4.1, 5;
    %load/vec4 v0x23f4600_0;
    %load/vec4 v0x23f4880_0;
    %part/s 1;
    %load/vec4 v0x23f46e0_0;
    %load/vec4 v0x23f4880_0;
    %part/s 1;
    %and;
    %load/vec4 v0x23f4600_0;
    %load/vec4 v0x23f4880_0;
    %part/s 1;
    %load/vec4 v0x23f46e0_0;
    %load/vec4 v0x23f4880_0;
    %part/s 1;
    %xor;
    %load/vec4 v0x23f47b0_0;
    %load/vec4 v0x23f4880_0;
    %part/s 1;
    %and;
    %or;
    %load/vec4 v0x23f4880_0;
    %addi 1, 0, 32;
    %ix/vec4/s 4;
    %store/vec4 v0x23f47b0_0, 4, 1;
    %load/vec4 v0x23f4880_0;
    %addi 1, 0, 32;
    %store/vec4 v0x23f4880_0, 0, 32;
    %jmp T_4.0;
T_4.1 ;
    %load/vec4 v0x23f47b0_0;
    %parti/s 1, 16, 6;
    %ix/load 4, 2, 0;
    %flag_set/imm 4, 0;
    %store/vec4 v0x23f4b70_0, 4, 1;
    %load/vec4 v0x23f47b0_0;
    %parti/s 1, 16, 6;
    %load/vec4 v0x23f47b0_0;
    %parti/s 1, 15, 5;
    %xor;
    %ix/load 4, 3, 0;
    %flag_set/imm 4, 0;
    %store/vec4 v0x23f4b70_0, 4, 1;
    %jmp T_4;
    .thread T_4, $push;
    .scope S_0x23f54b0;
T_5 ;
    %wait E_0x23f5760;
    %load/vec4 v0x23f5ad0_0;
    %load/vec4 v0x23f58a0_0;
    %and;
    %flag_set/vec4 8;
    %jmp/0xz  T_5.0, 8;
    %load/vec4 v0x23f58a0_0;
    %ix/load 4, 4, 0;
    %ix/load 5, 0, 0;
    %flag_set/imm 4, 0;
    %assign/vec4/off/d v0x23f5bc0_0, 4, 5;
    %jmp T_5.1;
T_5.0 ;
    %load/vec4 v0x23f5ad0_0;
    %flag_set/vec4 8;
    %jmp/0xz  T_5.2, 8;
    %load/vec4 v0x23f58a0_0;
    %load/vec4 v0x23f5960_0;
    %concat/vec4; draw_concat_vec4
    %assign/vec4 v0x23f5bc0_0, 0;
T_5.2 ;
T_5.1 ;
    %load/vec4 v0x23f5a30_0;
    %flag_set/vec4 8;
    %jmp/0xz  T_5.4, 8;
    %pushi/vec4 0, 0, 5;
    %assign/vec4 v0x23f5bc0_0, 0;
T_5.4 ;
    %jmp T_5;
    .thread T_5;
    .scope S_0x23f4cf0;
T_6 ;
    %wait E_0x23f4f90;
    %load/vec4 v0x23f5260_0;
    %cmpi/e 0, 0, 1;
    %jmp/0xz  T_6.0, 4;
    %load/vec4 v0x23f5090_0;
    %store/vec4 v0x23f5330_0, 0, 16;
    %jmp T_6.1;
T_6.0 ;
    %load/vec4 v0x23f51a0_0;
    %store/vec4 v0x23f5330_0, 0, 16;
T_6.1 ;
    %jmp T_6;
    .thread T_6, $push;
    .scope S_0x23f1330;
T_7 ;
    %wait E_0x23f1600;
    %load/vec4 v0x23f1740_0;
    %assign/vec4 v0x23f1900_0, 0;
    %jmp T_7;
    .thread T_7;
    .scope S_0x23f1330;
T_8 ;
    %wait E_0x23f15a0;
    %load/vec4 v0x23f1830_0;
    %flag_set/vec4 8;
    %jmp/0xz  T_8.0, 8;
    %pushi/vec4 1, 0, 13;
    %assign/vec4 v0x23f1900_0, 0;
T_8.0 ;
    %jmp T_8;
    .thread T_8, $push;
    .scope S_0x230b090;
T_9 ;
    %delay 10, 0;
    %load/vec4 v0x23f75d0_0;
    %inv;
    %store/vec4 v0x23f75d0_0, 0, 1;
    %jmp T_9;
    .thread T_9;
    .scope S_0x230b090;
T_10 ;
    %vpi_call 2 26 "$dumpfile", "marcee.vcd" {0 0 0};
    %vpi_call 2 27 "$dumpvars", 32'sb00000000000000000000000000000000, S_0x230b090 {0 0 0};
    %pushi/vec4 0, 0, 32;
    %store/vec4 v0x23f7710_0, 0, 32;
    %pushi/vec4 1, 0, 1;
    %store/vec4 v0x23f75d0_0, 0, 1;
    %pushi/vec4 1, 0, 1;
    %store/vec4 v0x23f77f0_0, 0, 1;
    %pushi/vec4 20751, 0, 16;
    %store/vec4 v0x23f7670_0, 0, 16;
    %delay 100, 0;
    %pushi/vec4 0, 0, 1;
    %store/vec4 v0x23f77f0_0, 0, 1;
    %pushi/vec4 20995, 0, 16;
    %store/vec4 v0x23f7670_0, 0, 16;
    %delay 100, 0;
    %pushi/vec4 18694, 0, 16;
    %store/vec4 v0x23f7670_0, 0, 16;
    %delay 100, 0;
    %load/vec4 v0x23f7310_0;
    %pad/u 32;
    %store/vec4 v0x23f7710_0, 0, 32;
T_10.0 ;
    %load/vec4 v0x23f7710_0;
    %cmpi/ne 14, 0, 32;
    %jmp/0xz T_10.1, 4;
    %load/vec4 v0x23f7710_0;
    %cmpi/e 6, 0, 32;
    %jmp/0xz  T_10.2, 4;
    %pushi/vec4 9252, 0, 16;
    %store/vec4 v0x23f7670_0, 0, 16;
    %delay 100, 0;
    %pushi/vec4 9073, 0, 16;
    %store/vec4 v0x23f7670_0, 0, 16;
    %delay 100, 0;
T_10.2 ;
    %pushi/vec4 10346, 0, 16;
    %store/vec4 v0x23f7670_0, 0, 16;
    %delay 100, 0;
    %pushi/vec4 20474, 0, 16;
    %store/vec4 v0x23f7670_0, 0, 16;
    %delay 100, 0;
    %load/vec4 v0x23f7310_0;
    %pad/u 32;
    %store/vec4 v0x23f7710_0, 0, 32;
    %jmp T_10.0;
T_10.1 ;
    %pushi/vec4 24072, 0, 16;
    %store/vec4 v0x23f7670_0, 0, 16;
    %delay 100, 0;
    %pushi/vec4 15552, 0, 16;
    %store/vec4 v0x23f7670_0, 0, 16;
    %delay 100, 0;
    %vpi_call 2 55 "$finish" {0 0 0};
    %end;
    .thread T_10;
# The file index is used to find the file name in the following table.
:file_names 13;
    "N/A";
    "<interactive>";
    "mult.v";
    "./Processor.v";
    "./ControlUnit/ControlUnit.v";
    "./ControlUnit/NextStateLogic.v";
    "./ControlUnit/OutputLogic.v";
    "./ControlUnit/State.v";
    "./Datapath/Datapath.v";
    "./Datapath/FileRegister/FileRegister.v";
    "./Datapath/SimpleFunctionalUnit/FunctionalUnit.v";
    "./Datapath/Basic/Mux2x1p.v";
    "./Datapath/PSR/ProcessorStatusRegister.v";
