#! /usr/local/bin/vvp
:ivl_version "10.1 (stable)" "(v10_1_1)";
:ivl_delay_selection "TYPICAL";
:vpi_time_precision - 10;
:vpi_module "system";
:vpi_module "vhdl_sys";
:vpi_module "v2005_math";
:vpi_module "va_math";
S_0x1de6950 .scope module, "testbench" "testbench" 2 4;
 .timescale -9 -10;
v0x1e10250_0 .var "a", 15 0;
v0x1e10330_0 .var "b", 15 0;
v0x1e10400_0 .var "opcode", 3 0;
v0x1e10500_0 .net "result", 15 0, v0x1e0fff0_0;  1 drivers
v0x1e105d0_0 .net "status", 3 0, v0x1e100d0_0;  1 drivers
S_0x1de6ad0 .scope module, "fu" "FunctionalUnit" 2 11, 3 4 0, S_0x1de6950;
 .timescale 0 0;
    .port_info 0 /INPUT 16 "a"
    .port_info 1 /INPUT 16 "b"
    .port_info 2 /INPUT 4 "opcode"
    .port_info 3 /OUTPUT 16 "result"
    .port_info 4 /OUTPUT 4 "status"
v0x1daacf0_0 .net "a", 15 0, v0x1e10250_0;  1 drivers
v0x1e0fc10_0 .net "b", 15 0, v0x1e10330_0;  1 drivers
v0x1e0fcf0_0 .var "carry", 16 0;
v0x1e0fde0_0 .var/i "i", 31 0;
v0x1e0fec0_0 .net "opcode", 3 0, v0x1e10400_0;  1 drivers
v0x1e0fff0_0 .var "result", 15 0;
v0x1e100d0_0 .var "status", 3 0;
E_0x1de7610/0 .event edge, v0x1e0fec0_0, v0x1e0fff0_0, v0x1e0fde0_0, v0x1daacf0_0;
E_0x1de7610/1 .event edge, v0x1e0fc10_0, v0x1e0fcf0_0;
E_0x1de7610 .event/or E_0x1de7610/0, E_0x1de7610/1;
E_0x1de71d0 .event edge, v0x1e0fec0_0, v0x1daacf0_0, v0x1e0fc10_0;
    .scope S_0x1de6ad0;
T_0 ;
    %wait E_0x1de71d0;
    %load/vec4 v0x1e0fec0_0;
    %dup/vec4;
    %pushi/vec4 0, 0, 4;
    %cmp/x;
    %jmp/1 T_0.0, 4;
    %dup/vec4;
    %pushi/vec4 1, 0, 4;
    %cmp/x;
    %jmp/1 T_0.1, 4;
    %dup/vec4;
    %pushi/vec4 2, 0, 4;
    %cmp/x;
    %jmp/1 T_0.2, 4;
    %dup/vec4;
    %pushi/vec4 3, 0, 4;
    %cmp/x;
    %jmp/1 T_0.3, 4;
    %dup/vec4;
    %pushi/vec4 4, 0, 4;
    %cmp/x;
    %jmp/1 T_0.4, 4;
    %dup/vec4;
    %pushi/vec4 5, 0, 4;
    %cmp/x;
    %jmp/1 T_0.5, 4;
    %dup/vec4;
    %pushi/vec4 11, 3, 4;
    %cmp/x;
    %jmp/1 T_0.6, 4;
    %dup/vec4;
    %pushi/vec4 12, 0, 4;
    %cmp/x;
    %jmp/1 T_0.7, 4;
    %dup/vec4;
    %pushi/vec4 13, 0, 4;
    %cmp/x;
    %jmp/1 T_0.8, 4;
    %dup/vec4;
    %pushi/vec4 14, 0, 4;
    %cmp/x;
    %jmp/1 T_0.9, 4;
    %load/vec4 v0x1daacf0_0;
    %load/vec4 v0x1e0fc10_0;
    %parti/s 4, 0, 2;
    %ix/vec4 4;
    %shiftr 4;
    %store/vec4 v0x1e0fff0_0, 0, 16;
    %jmp T_0.11;
T_0.0 ;
    %load/vec4 v0x1daacf0_0;
    %load/vec4 v0x1e0fc10_0;
    %and;
    %store/vec4 v0x1e0fff0_0, 0, 16;
    %jmp T_0.11;
T_0.1 ;
    %load/vec4 v0x1daacf0_0;
    %load/vec4 v0x1e0fc10_0;
    %or;
    %store/vec4 v0x1e0fff0_0, 0, 16;
    %jmp T_0.11;
T_0.2 ;
    %load/vec4 v0x1daacf0_0;
    %inv;
    %store/vec4 v0x1e0fff0_0, 0, 16;
    %jmp T_0.11;
T_0.3 ;
    %load/vec4 v0x1daacf0_0;
    %load/vec4 v0x1e0fc10_0;
    %xor;
    %store/vec4 v0x1e0fff0_0, 0, 16;
    %jmp T_0.11;
T_0.4 ;
    %load/vec4 v0x1daacf0_0;
    %load/vec4 v0x1e0fc10_0;
    %add;
    %load/vec4 v0x1e0fec0_0;
    %parti/s 1, 0, 2;
    %pad/u 16;
    %add;
    %store/vec4 v0x1e0fff0_0, 0, 16;
    %jmp T_0.11;
T_0.5 ;
    %load/vec4 v0x1daacf0_0;
    %load/vec4 v0x1e0fc10_0;
    %inv;
    %add;
    %load/vec4 v0x1e0fec0_0;
    %parti/s 1, 0, 2;
    %pad/u 16;
    %add;
    %store/vec4 v0x1e0fff0_0, 0, 16;
    %jmp T_0.11;
T_0.6 ;
    %load/vec4 v0x1daacf0_0;
    %parti/s 8, 0, 2;
    %pad/u 16;
    %load/vec4 v0x1e0fc10_0;
    %parti/s 8, 0, 2;
    %pad/u 16;
    %mul;
    %store/vec4 v0x1e0fff0_0, 0, 16;
    %jmp T_0.11;
T_0.7 ;
    %load/vec4 v0x1daacf0_0;
    %load/vec4 v0x1e0fc10_0;
    %parti/s 4, 0, 2;
    %ix/vec4 4;
    %shiftl 4;
    %store/vec4 v0x1e0fff0_0, 0, 16;
    %jmp T_0.11;
T_0.8 ;
    %load/vec4 v0x1daacf0_0;
    %load/vec4 v0x1e0fc10_0;
    %parti/s 4, 0, 2;
    %ix/vec4 4;
    %shiftr 4;
    %store/vec4 v0x1e0fff0_0, 0, 16;
    %jmp T_0.11;
T_0.9 ;
    %load/vec4 v0x1daacf0_0;
    %load/vec4 v0x1e0fc10_0;
    %parti/s 4, 0, 2;
    %ix/vec4 4;
    %shiftl 4;
    %store/vec4 v0x1e0fff0_0, 0, 16;
    %jmp T_0.11;
T_0.11 ;
    %pop/vec4 1;
    %jmp T_0;
    .thread T_0, $push;
    .scope S_0x1de6ad0;
T_1 ;
    %wait E_0x1de7610;
    %load/vec4 v0x1e0fec0_0;
    %parti/s 1, 0, 2;
    %ix/load 4, 0, 0;
    %flag_set/imm 4, 0;
    %store/vec4 v0x1e0fcf0_0, 4, 1;
    %load/vec4 v0x1e0fff0_0;
    %parti/s 1, 15, 5;
    %ix/load 4, 0, 0;
    %flag_set/imm 4, 0;
    %store/vec4 v0x1e100d0_0, 4, 1;
    %load/vec4 v0x1e0fff0_0;
    %nor/r;
    %ix/load 4, 1, 0;
    %flag_set/imm 4, 0;
    %store/vec4 v0x1e100d0_0, 4, 1;
    %pushi/vec4 0, 0, 32;
    %store/vec4 v0x1e0fde0_0, 0, 32;
T_1.0 ;
    %load/vec4 v0x1e0fde0_0;
    %cmpi/s 16, 0, 32;
    %jmp/0xz T_1.1, 5;
    %load/vec4 v0x1daacf0_0;
    %load/vec4 v0x1e0fde0_0;
    %part/s 1;
    %load/vec4 v0x1e0fc10_0;
    %load/vec4 v0x1e0fde0_0;
    %part/s 1;
    %and;
    %load/vec4 v0x1daacf0_0;
    %load/vec4 v0x1e0fde0_0;
    %part/s 1;
    %load/vec4 v0x1e0fc10_0;
    %load/vec4 v0x1e0fde0_0;
    %part/s 1;
    %xor;
    %load/vec4 v0x1e0fcf0_0;
    %load/vec4 v0x1e0fde0_0;
    %part/s 1;
    %and;
    %or;
    %load/vec4 v0x1e0fde0_0;
    %addi 1, 0, 32;
    %ix/vec4/s 4;
    %store/vec4 v0x1e0fcf0_0, 4, 1;
    %load/vec4 v0x1e0fde0_0;
    %addi 1, 0, 32;
    %store/vec4 v0x1e0fde0_0, 0, 32;
    %jmp T_1.0;
T_1.1 ;
    %load/vec4 v0x1e0fcf0_0;
    %parti/s 1, 16, 6;
    %ix/load 4, 2, 0;
    %flag_set/imm 4, 0;
    %store/vec4 v0x1e100d0_0, 4, 1;
    %load/vec4 v0x1e0fcf0_0;
    %parti/s 1, 16, 6;
    %load/vec4 v0x1e0fcf0_0;
    %parti/s 1, 15, 5;
    %xor;
    %ix/load 4, 3, 0;
    %flag_set/imm 4, 0;
    %store/vec4 v0x1e100d0_0, 4, 1;
    %jmp T_1;
    .thread T_1, $push;
    .scope S_0x1de6950;
T_2 ;
    %delay 10, 0;
    %load/vec4 v0x1e10400_0;
    %addi 1, 0, 4;
    %store/vec4 v0x1e10400_0, 0, 4;
    %jmp T_2;
    .thread T_2;
    .scope S_0x1de6950;
T_3 ;
    %vpi_call 2 18 "$dumpfile", "functional_unit.vcd" {0 0 0};
    %vpi_call 2 19 "$dumpvars", 32'sb00000000000000000000000000000000, S_0x1de6950 {0 0 0};
    %pushi/vec4 255, 0, 16;
    %store/vec4 v0x1e10250_0, 0, 16;
    %pushi/vec4 7, 0, 16;
    %store/vec4 v0x1e10330_0, 0, 16;
    %pushi/vec4 0, 0, 4;
    %store/vec4 v0x1e10400_0, 0, 4;
    %delay 170, 0;
    %vpi_call 2 23 "$finish" {0 0 0};
    %end;
    .thread T_3;
# The file index is used to find the file name in the following table.
:file_names 4;
    "N/A";
    "<interactive>";
    "tb.v";
    "./FunctionalUnit.v";
