#! /usr/local/bin/vvp
:ivl_version "10.1 (stable)" "(v10_1_1)";
:ivl_delay_selection "TYPICAL";
:vpi_time_precision + 0;
:vpi_module "system";
:vpi_module "vhdl_sys";
:vpi_module "v2005_math";
:vpi_module "va_math";
S_0x2400d50 .scope module, "FileRegister" "FileRegister" 2 4;
 .timescale 0 0;
    .port_info 0 /INPUT 1 "clk"
    .port_info 1 /INPUT 1 "reset"
    .port_info 2 /INPUT 4 "addrA"
    .port_info 3 /INPUT 4 "addrB"
    .port_info 4 /INPUT 4 "addrD"
    .port_info 5 /INPUT 1 "rw"
    .port_info 6 /INPUT 16 "data"
    .port_info 7 /OUTPUT 16 "busA"
    .port_info 8 /OUTPUT 16 "busB"
    .port_info 9 /OUTPUT 16 "ir"
P_0x2400ed0 .param/l "width" 1 2 17, +C4<00000000000000000000000000010000>;
L_0x2487e70 .functor OR 1, L_0x2487c30, L_0x2487d20, C4<0>, C4<0>;
v0x24568e0_0 .net *"_s11", 0 0, L_0x2487d20;  1 drivers
v0x2476680_0 .net *"_s13", 0 0, L_0x2487e70;  1 drivers
L_0x7f592aa59018 .functor BUFT 1, C4<0000000000000000>, C4<0>, C4<0>, C4<0>;
v0x2476740_0 .net/2u *"_s5", 15 0, L_0x7f592aa59018;  1 drivers
v0x2476830_0 .net *"_s7", 0 0, L_0x2487c30;  1 drivers
L_0x7f592aa59060 .functor BUFT 1, C4<0000000000000000>, C4<0>, C4<0>, C4<0>;
v0x24768f0_0 .net/2u *"_s9", 15 0, L_0x7f592aa59060;  1 drivers
o0x7f592aaa2108 .functor BUFZ 4, C4<zzzz>; HiZ drive
v0x2476a20_0 .net "addrA", 3 0, o0x7f592aaa2108;  0 drivers
o0x7f592aaa2138 .functor BUFZ 4, C4<zzzz>; HiZ drive
v0x2476b00_0 .net "addrB", 3 0, o0x7f592aaa2138;  0 drivers
o0x7f592aaa2168 .functor BUFZ 4, C4<zzzz>; HiZ drive
v0x2476be0_0 .net "addrD", 3 0, o0x7f592aaa2168;  0 drivers
v0x2476cc0_0 .var "busA", 15 0;
v0x2476e30_0 .var "busB", 15 0;
o0x7f592aaa21f8 .functor BUFZ 1, C4<z>; HiZ drive
v0x2476f10_0 .net "clk", 0 0, o0x7f592aaa21f8;  0 drivers
v0x2476fd0_0 .var "const2", 15 0;
o0x7f592aaa2258 .functor BUFZ 16, C4<zzzzzzzzzzzzzzzz>; HiZ drive
v0x24770b0_0 .net "data", 15 0, o0x7f592aaa2258;  0 drivers
v0x2477190_0 .var "displacement", 15 0;
v0x2477270_0 .var "ir", 15 0;
v0x2477350_0 .var "maskl", 15 0;
v0x2477430_0 .var "nimm4", 15 0;
v0x24775e0_0 .var "pc", 15 0;
v0x2477680_0 .var "pimm4", 15 0;
v0x2477760 .array "register", 0 7, 15 0;
o0x7f592aaa23a8 .functor BUFZ 1, C4<z>; HiZ drive
v0x2477820_0 .net "reset", 0 0, o0x7f592aaa23a8;  0 drivers
o0x7f592aaa23d8 .functor BUFZ 1, C4<z>; HiZ drive
v0x24778e0_0 .net "rw", 0 0, o0x7f592aaa23d8;  0 drivers
v0x24779a0_0 .var "temp0", 15 0;
E_0x24369a0 .event edge, L_0x2487e70;
E_0x2437080 .event posedge, v0x2476f10_0;
E_0x24371f0 .event edge, v0x2477820_0;
L_0x2487c30 .cmp/ne 16, v0x2476cc0_0, L_0x7f592aa59018;
L_0x2487d20 .cmp/ne 16, v0x2476e30_0, L_0x7f592aa59060;
    .scope S_0x2400d50;
T_0 ;
    %wait E_0x24371f0;
    %load/vec4 v0x2477820_0;
    %flag_set/vec4 8;
    %jmp/0xz  T_0.0, 8;
    %pushi/vec4 0, 0, 16;
    %ix/load 3, 0, 0;
    %flag_set/imm 4, 0;
    %ix/load 4, 0, 0; Constant delay
    %assign/vec4/a/d v0x2477760, 0, 4;
    %pushi/vec4 0, 0, 16;
    %ix/load 3, 1, 0;
    %flag_set/imm 4, 0;
    %ix/load 4, 0, 0; Constant delay
    %assign/vec4/a/d v0x2477760, 0, 4;
    %pushi/vec4 0, 0, 16;
    %ix/load 3, 2, 0;
    %flag_set/imm 4, 0;
    %ix/load 4, 0, 0; Constant delay
    %assign/vec4/a/d v0x2477760, 0, 4;
    %pushi/vec4 0, 0, 16;
    %ix/load 3, 3, 0;
    %flag_set/imm 4, 0;
    %ix/load 4, 0, 0; Constant delay
    %assign/vec4/a/d v0x2477760, 0, 4;
    %pushi/vec4 0, 0, 16;
    %ix/load 3, 4, 0;
    %flag_set/imm 4, 0;
    %ix/load 4, 0, 0; Constant delay
    %assign/vec4/a/d v0x2477760, 0, 4;
    %pushi/vec4 0, 0, 16;
    %ix/load 3, 5, 0;
    %flag_set/imm 4, 0;
    %ix/load 4, 0, 0; Constant delay
    %assign/vec4/a/d v0x2477760, 0, 4;
    %pushi/vec4 0, 0, 16;
    %ix/load 3, 6, 0;
    %flag_set/imm 4, 0;
    %ix/load 4, 0, 0; Constant delay
    %assign/vec4/a/d v0x2477760, 0, 4;
    %pushi/vec4 0, 0, 16;
    %ix/load 3, 7, 0;
    %flag_set/imm 4, 0;
    %ix/load 4, 0, 0; Constant delay
    %assign/vec4/a/d v0x2477760, 0, 4;
    %pushi/vec4 0, 0, 16;
    %assign/vec4 v0x2477190_0, 0;
    %pushi/vec4 255, 0, 16;
    %assign/vec4 v0x2477350_0, 0;
    %pushi/vec4 15, 0, 16;
    %assign/vec4 v0x2477680_0, 0;
    %pushi/vec4 65528, 0, 16;
    %assign/vec4 v0x2477430_0, 0;
    %pushi/vec4 2, 0, 16;
    %assign/vec4 v0x2476fd0_0, 0;
    %pushi/vec4 0, 0, 16;
    %assign/vec4 v0x24779a0_0, 0;
    %pushi/vec4 0, 0, 16;
    %assign/vec4 v0x24775e0_0, 0;
    %pushi/vec4 0, 0, 16;
    %assign/vec4 v0x2477270_0, 0;
T_0.0 ;
    %jmp T_0;
    .thread T_0, $push;
    .scope S_0x2400d50;
T_1 ;
    %wait E_0x2437080;
    %load/vec4 v0x2476be0_0;
    %pushi/vec4 1, 0, 4;
    %cmp/e;
    %flag_get/vec4 4;
    %load/vec4 v0x24778e0_0;
    %and;
    %flag_set/vec4 8;
    %jmp/0xz  T_1.0, 8;
    %load/vec4 v0x24770b0_0;
    %ix/load 3, 1, 0;
    %flag_set/imm 4, 0;
    %ix/load 4, 0, 0; Constant delay
    %assign/vec4/a/d v0x2477760, 0, 4;
    %jmp T_1.1;
T_1.0 ;
    %load/vec4 v0x2476be0_0;
    %pushi/vec4 2, 0, 4;
    %cmp/e;
    %flag_get/vec4 4;
    %load/vec4 v0x24778e0_0;
    %and;
    %flag_set/vec4 8;
    %jmp/0xz  T_1.2, 8;
    %load/vec4 v0x24770b0_0;
    %ix/load 3, 2, 0;
    %flag_set/imm 4, 0;
    %ix/load 4, 0, 0; Constant delay
    %assign/vec4/a/d v0x2477760, 0, 4;
    %jmp T_1.3;
T_1.2 ;
    %load/vec4 v0x2476be0_0;
    %pushi/vec4 3, 0, 4;
    %cmp/e;
    %flag_get/vec4 4;
    %load/vec4 v0x24778e0_0;
    %and;
    %flag_set/vec4 8;
    %jmp/0xz  T_1.4, 8;
    %load/vec4 v0x24770b0_0;
    %ix/load 3, 3, 0;
    %flag_set/imm 4, 0;
    %ix/load 4, 0, 0; Constant delay
    %assign/vec4/a/d v0x2477760, 0, 4;
    %jmp T_1.5;
T_1.4 ;
    %load/vec4 v0x2476be0_0;
    %pushi/vec4 4, 0, 4;
    %cmp/e;
    %flag_get/vec4 4;
    %load/vec4 v0x24778e0_0;
    %and;
    %flag_set/vec4 8;
    %jmp/0xz  T_1.6, 8;
    %load/vec4 v0x24770b0_0;
    %ix/load 3, 4, 0;
    %flag_set/imm 4, 0;
    %ix/load 4, 0, 0; Constant delay
    %assign/vec4/a/d v0x2477760, 0, 4;
    %jmp T_1.7;
T_1.6 ;
    %load/vec4 v0x2476be0_0;
    %pushi/vec4 5, 0, 4;
    %cmp/e;
    %flag_get/vec4 4;
    %load/vec4 v0x24778e0_0;
    %and;
    %flag_set/vec4 8;
    %jmp/0xz  T_1.8, 8;
    %load/vec4 v0x24770b0_0;
    %ix/load 3, 5, 0;
    %flag_set/imm 4, 0;
    %ix/load 4, 0, 0; Constant delay
    %assign/vec4/a/d v0x2477760, 0, 4;
    %jmp T_1.9;
T_1.8 ;
    %load/vec4 v0x2476be0_0;
    %pushi/vec4 6, 0, 4;
    %cmp/e;
    %flag_get/vec4 4;
    %load/vec4 v0x24778e0_0;
    %and;
    %flag_set/vec4 8;
    %jmp/0xz  T_1.10, 8;
    %load/vec4 v0x24770b0_0;
    %ix/load 3, 6, 0;
    %flag_set/imm 4, 0;
    %ix/load 4, 0, 0; Constant delay
    %assign/vec4/a/d v0x2477760, 0, 4;
    %jmp T_1.11;
T_1.10 ;
    %load/vec4 v0x2476be0_0;
    %pushi/vec4 7, 0, 4;
    %cmp/e;
    %flag_get/vec4 4;
    %load/vec4 v0x24778e0_0;
    %and;
    %flag_set/vec4 8;
    %jmp/0xz  T_1.12, 8;
    %load/vec4 v0x24770b0_0;
    %ix/load 3, 7, 0;
    %flag_set/imm 4, 0;
    %ix/load 4, 0, 0; Constant delay
    %assign/vec4/a/d v0x2477760, 0, 4;
    %jmp T_1.13;
T_1.12 ;
    %load/vec4 v0x2476be0_0;
    %pushi/vec4 8, 0, 4;
    %cmp/e;
    %flag_get/vec4 4;
    %load/vec4 v0x24778e0_0;
    %and;
    %flag_set/vec4 8;
    %jmp/0xz  T_1.14, 8;
    %load/vec4 v0x24770b0_0;
    %assign/vec4 v0x2477190_0, 0;
    %jmp T_1.15;
T_1.14 ;
    %load/vec4 v0x2476be0_0;
    %pushi/vec4 13, 0, 4;
    %cmp/e;
    %flag_get/vec4 4;
    %load/vec4 v0x24778e0_0;
    %and;
    %flag_set/vec4 8;
    %jmp/0xz  T_1.16, 8;
    %load/vec4 v0x24770b0_0;
    %assign/vec4 v0x24779a0_0, 0;
    %jmp T_1.17;
T_1.16 ;
    %load/vec4 v0x2476be0_0;
    %pushi/vec4 14, 0, 4;
    %cmp/e;
    %flag_get/vec4 4;
    %load/vec4 v0x24778e0_0;
    %and;
    %flag_set/vec4 8;
    %jmp/0xz  T_1.18, 8;
    %load/vec4 v0x24770b0_0;
    %assign/vec4 v0x24775e0_0, 0;
    %jmp T_1.19;
T_1.18 ;
    %load/vec4 v0x2476be0_0;
    %pushi/vec4 15, 0, 4;
    %cmp/e;
    %flag_get/vec4 4;
    %load/vec4 v0x24778e0_0;
    %and;
    %flag_set/vec4 8;
    %jmp/0xz  T_1.20, 8;
    %load/vec4 v0x24770b0_0;
    %assign/vec4 v0x2477270_0, 0;
    %jmp T_1.21;
T_1.20 ;
    %pushi/vec4 0, 0, 16;
    %ix/load 3, 0, 0;
    %flag_set/imm 4, 0;
    %ix/load 4, 0, 0; Constant delay
    %assign/vec4/a/d v0x2477760, 0, 4;
    %pushi/vec4 255, 0, 16;
    %assign/vec4 v0x2477350_0, 0;
    %pushi/vec4 15, 0, 16;
    %assign/vec4 v0x2477680_0, 0;
    %pushi/vec4 65528, 0, 16;
    %assign/vec4 v0x2477430_0, 0;
    %pushi/vec4 2, 0, 16;
    %assign/vec4 v0x2476fd0_0, 0;
T_1.21 ;
T_1.19 ;
T_1.17 ;
T_1.15 ;
T_1.13 ;
T_1.11 ;
T_1.9 ;
T_1.7 ;
T_1.5 ;
T_1.3 ;
T_1.1 ;
    %jmp T_1;
    .thread T_1;
    .scope S_0x2400d50;
T_2 ;
    %wait E_0x24369a0;
    %load/vec4 v0x2476a20_0;
    %cmpi/e 0, 0, 4;
    %jmp/0xz  T_2.0, 4;
    %ix/load 4, 0, 0;
    %flag_set/imm 4, 0;
    %load/vec4a v0x2477760, 4;
    %store/vec4 v0x2476cc0_0, 0, 16;
    %jmp T_2.1;
T_2.0 ;
    %load/vec4 v0x2476a20_0;
    %cmpi/e 1, 0, 4;
    %jmp/0xz  T_2.2, 4;
    %ix/load 4, 1, 0;
    %flag_set/imm 4, 0;
    %load/vec4a v0x2477760, 4;
    %store/vec4 v0x2476cc0_0, 0, 16;
    %jmp T_2.3;
T_2.2 ;
    %load/vec4 v0x2476a20_0;
    %cmpi/e 2, 0, 4;
    %jmp/0xz  T_2.4, 4;
    %ix/load 4, 2, 0;
    %flag_set/imm 4, 0;
    %load/vec4a v0x2477760, 4;
    %store/vec4 v0x2476cc0_0, 0, 16;
    %jmp T_2.5;
T_2.4 ;
    %load/vec4 v0x2476a20_0;
    %cmpi/e 3, 0, 4;
    %jmp/0xz  T_2.6, 4;
    %ix/load 4, 3, 0;
    %flag_set/imm 4, 0;
    %load/vec4a v0x2477760, 4;
    %store/vec4 v0x2476cc0_0, 0, 16;
    %jmp T_2.7;
T_2.6 ;
    %load/vec4 v0x2476a20_0;
    %cmpi/e 4, 0, 4;
    %jmp/0xz  T_2.8, 4;
    %ix/load 4, 4, 0;
    %flag_set/imm 4, 0;
    %load/vec4a v0x2477760, 4;
    %store/vec4 v0x2476cc0_0, 0, 16;
    %jmp T_2.9;
T_2.8 ;
    %load/vec4 v0x2476a20_0;
    %cmpi/e 5, 0, 4;
    %jmp/0xz  T_2.10, 4;
    %ix/load 4, 5, 0;
    %flag_set/imm 4, 0;
    %load/vec4a v0x2477760, 4;
    %store/vec4 v0x2476cc0_0, 0, 16;
    %jmp T_2.11;
T_2.10 ;
    %load/vec4 v0x2476a20_0;
    %cmpi/e 6, 0, 4;
    %jmp/0xz  T_2.12, 4;
    %ix/load 4, 6, 0;
    %flag_set/imm 4, 0;
    %load/vec4a v0x2477760, 4;
    %store/vec4 v0x2476cc0_0, 0, 16;
    %jmp T_2.13;
T_2.12 ;
    %load/vec4 v0x2476a20_0;
    %cmpi/e 7, 0, 4;
    %jmp/0xz  T_2.14, 4;
    %ix/load 4, 7, 0;
    %flag_set/imm 4, 0;
    %load/vec4a v0x2477760, 4;
    %store/vec4 v0x2476cc0_0, 0, 16;
    %jmp T_2.15;
T_2.14 ;
    %load/vec4 v0x2476a20_0;
    %cmpi/e 8, 0, 4;
    %jmp/0xz  T_2.16, 4;
    %load/vec4 v0x2477190_0;
    %store/vec4 v0x2476cc0_0, 0, 16;
    %jmp T_2.17;
T_2.16 ;
    %load/vec4 v0x2476a20_0;
    %cmpi/e 9, 0, 4;
    %jmp/0xz  T_2.18, 4;
    %load/vec4 v0x2477350_0;
    %store/vec4 v0x2476cc0_0, 0, 16;
    %jmp T_2.19;
T_2.18 ;
    %load/vec4 v0x2476a20_0;
    %cmpi/e 10, 0, 4;
    %jmp/0xz  T_2.20, 4;
    %load/vec4 v0x2477680_0;
    %store/vec4 v0x2476cc0_0, 0, 16;
    %jmp T_2.21;
T_2.20 ;
    %load/vec4 v0x2476a20_0;
    %cmpi/e 11, 0, 4;
    %jmp/0xz  T_2.22, 4;
    %load/vec4 v0x2477430_0;
    %store/vec4 v0x2476cc0_0, 0, 16;
    %jmp T_2.23;
T_2.22 ;
    %load/vec4 v0x2476a20_0;
    %cmpi/e 12, 0, 4;
    %jmp/0xz  T_2.24, 4;
    %load/vec4 v0x2476fd0_0;
    %store/vec4 v0x2476cc0_0, 0, 16;
    %jmp T_2.25;
T_2.24 ;
    %load/vec4 v0x2476a20_0;
    %cmpi/e 13, 0, 4;
    %jmp/0xz  T_2.26, 4;
    %load/vec4 v0x24779a0_0;
    %store/vec4 v0x2476cc0_0, 0, 16;
    %jmp T_2.27;
T_2.26 ;
    %load/vec4 v0x2476a20_0;
    %cmpi/e 14, 0, 4;
    %jmp/0xz  T_2.28, 4;
    %load/vec4 v0x24775e0_0;
    %store/vec4 v0x2476cc0_0, 0, 16;
    %jmp T_2.29;
T_2.28 ;
    %load/vec4 v0x2477270_0;
    %store/vec4 v0x2476cc0_0, 0, 16;
T_2.29 ;
T_2.27 ;
T_2.25 ;
T_2.23 ;
T_2.21 ;
T_2.19 ;
T_2.17 ;
T_2.15 ;
T_2.13 ;
T_2.11 ;
T_2.9 ;
T_2.7 ;
T_2.5 ;
T_2.3 ;
T_2.1 ;
    %load/vec4 v0x2476b00_0;
    %cmpi/e 0, 0, 4;
    %jmp/0xz  T_2.30, 4;
    %ix/load 4, 0, 0;
    %flag_set/imm 4, 0;
    %load/vec4a v0x2477760, 4;
    %store/vec4 v0x2476e30_0, 0, 16;
    %jmp T_2.31;
T_2.30 ;
    %load/vec4 v0x2476b00_0;
    %cmpi/e 1, 0, 4;
    %jmp/0xz  T_2.32, 4;
    %ix/load 4, 1, 0;
    %flag_set/imm 4, 0;
    %load/vec4a v0x2477760, 4;
    %store/vec4 v0x2476e30_0, 0, 16;
    %jmp T_2.33;
T_2.32 ;
    %load/vec4 v0x2476b00_0;
    %cmpi/e 2, 0, 4;
    %jmp/0xz  T_2.34, 4;
    %ix/load 4, 2, 0;
    %flag_set/imm 4, 0;
    %load/vec4a v0x2477760, 4;
    %store/vec4 v0x2476e30_0, 0, 16;
    %jmp T_2.35;
T_2.34 ;
    %load/vec4 v0x2476b00_0;
    %cmpi/e 3, 0, 4;
    %jmp/0xz  T_2.36, 4;
    %ix/load 4, 3, 0;
    %flag_set/imm 4, 0;
    %load/vec4a v0x2477760, 4;
    %store/vec4 v0x2476e30_0, 0, 16;
    %jmp T_2.37;
T_2.36 ;
    %load/vec4 v0x2476b00_0;
    %cmpi/e 4, 0, 4;
    %jmp/0xz  T_2.38, 4;
    %ix/load 4, 4, 0;
    %flag_set/imm 4, 0;
    %load/vec4a v0x2477760, 4;
    %store/vec4 v0x2476e30_0, 0, 16;
    %jmp T_2.39;
T_2.38 ;
    %load/vec4 v0x2476b00_0;
    %cmpi/e 5, 0, 4;
    %jmp/0xz  T_2.40, 4;
    %ix/load 4, 5, 0;
    %flag_set/imm 4, 0;
    %load/vec4a v0x2477760, 4;
    %store/vec4 v0x2476e30_0, 0, 16;
    %jmp T_2.41;
T_2.40 ;
    %load/vec4 v0x2476b00_0;
    %cmpi/e 6, 0, 4;
    %jmp/0xz  T_2.42, 4;
    %ix/load 4, 6, 0;
    %flag_set/imm 4, 0;
    %load/vec4a v0x2477760, 4;
    %store/vec4 v0x2476e30_0, 0, 16;
    %jmp T_2.43;
T_2.42 ;
    %load/vec4 v0x2476b00_0;
    %cmpi/e 7, 0, 4;
    %jmp/0xz  T_2.44, 4;
    %ix/load 4, 7, 0;
    %flag_set/imm 4, 0;
    %load/vec4a v0x2477760, 4;
    %store/vec4 v0x2476e30_0, 0, 16;
    %jmp T_2.45;
T_2.44 ;
    %load/vec4 v0x2476b00_0;
    %cmpi/e 8, 0, 4;
    %jmp/0xz  T_2.46, 4;
    %load/vec4 v0x2477190_0;
    %store/vec4 v0x2476e30_0, 0, 16;
    %jmp T_2.47;
T_2.46 ;
    %load/vec4 v0x2476b00_0;
    %cmpi/e 9, 0, 4;
    %jmp/0xz  T_2.48, 4;
    %load/vec4 v0x2477350_0;
    %store/vec4 v0x2476e30_0, 0, 16;
    %jmp T_2.49;
T_2.48 ;
    %load/vec4 v0x2476b00_0;
    %cmpi/e 10, 0, 4;
    %jmp/0xz  T_2.50, 4;
    %load/vec4 v0x2477680_0;
    %store/vec4 v0x2476e30_0, 0, 16;
    %jmp T_2.51;
T_2.50 ;
    %load/vec4 v0x2476b00_0;
    %cmpi/e 11, 0, 4;
    %jmp/0xz  T_2.52, 4;
    %load/vec4 v0x2477430_0;
    %store/vec4 v0x2476e30_0, 0, 16;
    %jmp T_2.53;
T_2.52 ;
    %load/vec4 v0x2476b00_0;
    %cmpi/e 12, 0, 4;
    %jmp/0xz  T_2.54, 4;
    %load/vec4 v0x2476fd0_0;
    %store/vec4 v0x2476e30_0, 0, 16;
    %jmp T_2.55;
T_2.54 ;
    %load/vec4 v0x2476b00_0;
    %cmpi/e 13, 0, 4;
    %jmp/0xz  T_2.56, 4;
    %load/vec4 v0x24779a0_0;
    %store/vec4 v0x2476e30_0, 0, 16;
    %jmp T_2.57;
T_2.56 ;
    %load/vec4 v0x2476b00_0;
    %cmpi/e 14, 0, 4;
    %jmp/0xz  T_2.58, 4;
    %load/vec4 v0x24775e0_0;
    %store/vec4 v0x2476e30_0, 0, 16;
    %jmp T_2.59;
T_2.58 ;
    %load/vec4 v0x2477270_0;
    %store/vec4 v0x2476e30_0, 0, 16;
T_2.59 ;
T_2.57 ;
T_2.55 ;
T_2.53 ;
T_2.51 ;
T_2.49 ;
T_2.47 ;
T_2.45 ;
T_2.43 ;
T_2.41 ;
T_2.39 ;
T_2.37 ;
T_2.35 ;
T_2.33 ;
T_2.31 ;
    %jmp T_2;
    .thread T_2, $push;
# The file index is used to find the file name in the following table.
:file_names 3;
    "N/A";
    "<interactive>";
    "FileRegister.v";
