#! /usr/local/bin/vvp
:ivl_version "10.1 (stable)" "(v10_1_1)";
:ivl_delay_selection "TYPICAL";
:vpi_time_precision - 10;
:vpi_module "system";
:vpi_module "vhdl_sys";
:vpi_module "v2005_math";
:vpi_module "va_math";
S_0x2236520 .scope module, "testbench" "testbench" 2 4;
 .timescale -9 -10;
v0x2331100_0 .var "clk", 0 0;
v0x2331210_0 .net "ctrlword", 19 0, L_0x23671c0;  1 drivers
v0x2331320_0 .var "instruction", 15 0;
v0x2331410_0 .var "reset", 0 0;
v0x2331500_0 .net "rw_mem", 0 0, L_0x236a3d0;  1 drivers
v0x2331640_0 .var "status", 4 0;
S_0x22e5bf0 .scope module, "control_unit" "ControlUnit" 2 13, 3 8 0, S_0x2236520;
 .timescale 0 0;
    .port_info 0 /INPUT 1 "clk"
    .port_info 1 /INPUT 1 "reset"
    .port_info 2 /INPUT 16 "instruction"
    .port_info 3 /INPUT 5 "status"
    .port_info 4 /OUTPUT 20 "ctrlword"
    .port_info 5 /OUTPUT 1 "rw_mem"
v0x23309c0_0 .net "clk", 0 0, v0x2331100_0;  1 drivers
v0x2330a80_0 .net "ctrlword", 19 0, L_0x23671c0;  alias, 1 drivers
v0x2330b50_0 .net "instruction", 15 0, v0x2331320_0;  1 drivers
v0x2330c50_0 .net "nextstate", 12 0, L_0x2335140;  1 drivers
v0x2330d40_0 .net "reset", 0 0, v0x2331410_0;  1 drivers
v0x2330e30_0 .net "rw_mem", 0 0, L_0x236a3d0;  alias, 1 drivers
v0x2330ed0_0 .net "state", 12 0, v0x2330850_0;  1 drivers
v0x2330f70_0 .net "status", 4 0, v0x2331640_0;  1 drivers
L_0x2335e20 .part v0x2331320_0, 15, 1;
L_0x2335ec0 .part v0x2331320_0, 11, 4;
S_0x21f3a00 .scope module, "nsl_unit" "NextStateLogic" 3 27, 4 1 0, S_0x22e5bf0;
 .timescale 0 0;
    .port_info 0 /INPUT 1 "opc1"
    .port_info 1 /INPUT 4 "opc2"
    .port_info 2 /INPUT 13 "state"
    .port_info 3 /OUTPUT 13 "nextstate"
L_0x23319c0 .functor NOT 1, L_0x2335e20, C4<0>, C4<0>, C4<0>;
L_0x2331a30 .functor AND 1, L_0x2331920, L_0x23319c0, C4<1>, C4<1>;
L_0x2331ce0 .functor XOR 1, L_0x2331af0, L_0x2331bc0, C4<0>, C4<0>;
L_0x2331df0 .functor NOT 1, L_0x2331ce0, C4<0>, C4<0>, C4<0>;
L_0x2331f50 .functor NOT 1, L_0x2331eb0, C4<0>, C4<0>, C4<0>;
L_0x2332140 .functor AND 1, L_0x2331f50, L_0x2332010, C4<1>, C4<1>;
L_0x2332360 .functor NOT 1, L_0x2332270, C4<0>, C4<0>, C4<0>;
L_0x2332420 .functor AND 1, L_0x2332140, L_0x2332360, C4<1>, C4<1>;
L_0x2332580 .functor OR 1, L_0x2331df0, L_0x2332420, C4<0>, C4<0>;
L_0x2332730 .functor NOT 1, L_0x2332690, C4<0>, C4<0>, C4<0>;
L_0x2332950 .functor NOT 1, L_0x2332850, C4<0>, C4<0>, C4<0>;
L_0x23329c0 .functor AND 1, L_0x2332730, L_0x2332950, C4<1>, C4<1>;
L_0x2332af0 .functor OR 1, L_0x2332580, L_0x23329c0, C4<0>, C4<0>;
L_0x2332c00 .functor AND 1, L_0x2331a30, L_0x2332af0, C4<1>, C4<1>;
L_0x23317f0 .functor NOT 1, L_0x2335e20, C4<0>, C4<0>, C4<0>;
L_0x2333030 .functor AND 1, L_0x2332e30, L_0x23317f0, C4<1>, C4<1>;
L_0x23320b0 .functor NOT 1, L_0x23331d0, C4<0>, C4<0>, C4<0>;
L_0x23333d0 .functor AND 1, L_0x2333030, L_0x23320b0, C4<1>, C4<1>;
L_0x2332a80 .functor AND 1, L_0x23333d0, L_0x2333580, C4<1>, C4<1>;
L_0x2333710 .functor AND 1, L_0x2332a80, L_0x2333670, C4<1>, C4<1>;
L_0x2333a00 .functor NOT 1, L_0x2335e20, C4<0>, C4<0>, C4<0>;
L_0x2333a70 .functor AND 1, L_0x2333960, L_0x2333a00, C4<1>, C4<1>;
L_0x23338d0 .functor AND 1, L_0x2333a70, L_0x2333820, C4<1>, C4<1>;
L_0x2333e20 .functor NOT 1, L_0x2333d80, C4<0>, C4<0>, C4<0>;
L_0x2333b80 .functor AND 1, L_0x23338d0, L_0x2333e20, C4<1>, C4<1>;
L_0x2333c40 .functor NOT 1, L_0x2334000, C4<0>, C4<0>, C4<0>;
L_0x2333ee0 .functor AND 1, L_0x2333b80, L_0x2333c40, C4<1>, C4<1>;
L_0x2334370 .functor AND 1, L_0x2333ee0, L_0x23342d0, C4<1>, C4<1>;
L_0x2334570 .functor AND 1, L_0x23340a0, L_0x2334630, C4<1>, C4<1>;
L_0x2333270 .functor NOT 1, L_0x23347f0, C4<0>, C4<0>, C4<0>;
L_0x2334480 .functor AND 1, L_0x2334570, L_0x2333270, C4<1>, C4<1>;
L_0x23346d0 .functor AND 1, L_0x2334480, L_0x2334ba0, C4<1>, C4<1>;
L_0x2334c40 .functor AND 1, L_0x2334e80, L_0x2335e20, C4<1>, C4<1>;
L_0x2332f70 .functor OR 1, L_0x2334f20, L_0x2332ed0, C4<0>, C4<0>;
L_0x2334d70 .functor OR 1, L_0x2332f70, L_0x2335550, C4<0>, C4<0>;
L_0x2335810 .functor OR 1, L_0x2334d70, L_0x2335a40, C4<0>, C4<0>;
L_0x23359c0 .functor OR 1, L_0x2335810, L_0x2335920, C4<0>, C4<0>;
v0x21f3bd0_0 .net *"_s100", 0 0, L_0x2333b80;  1 drivers
v0x2305e10_0 .net *"_s103", 0 0, L_0x2334000;  1 drivers
v0x2305ef0_0 .net *"_s104", 0 0, L_0x2333c40;  1 drivers
v0x2305fe0_0 .net *"_s106", 0 0, L_0x2333ee0;  1 drivers
v0x23060c0_0 .net *"_s109", 0 0, L_0x23342d0;  1 drivers
v0x23061f0_0 .net *"_s11", 0 0, L_0x2331920;  1 drivers
v0x23062d0_0 .net *"_s110", 0 0, L_0x2334370;  1 drivers
v0x23063b0_0 .net *"_s115", 0 0, L_0x23341a0;  1 drivers
v0x2306490_0 .net *"_s119", 0 0, L_0x23340a0;  1 drivers
v0x2306600_0 .net *"_s12", 0 0, L_0x23319c0;  1 drivers
v0x23066e0_0 .net *"_s121", 0 0, L_0x2334630;  1 drivers
v0x23067c0_0 .net *"_s122", 0 0, L_0x2334570;  1 drivers
v0x23068a0_0 .net *"_s125", 0 0, L_0x23347f0;  1 drivers
v0x2306980_0 .net *"_s126", 0 0, L_0x2333270;  1 drivers
v0x2306a60_0 .net *"_s128", 0 0, L_0x2334480;  1 drivers
v0x2306b40_0 .net *"_s131", 0 0, L_0x2334ba0;  1 drivers
v0x2306c20_0 .net *"_s132", 0 0, L_0x23346d0;  1 drivers
v0x2306dd0_0 .net *"_s137", 0 0, L_0x2334aa0;  1 drivers
v0x2306e70_0 .net *"_s14", 0 0, L_0x2331a30;  1 drivers
v0x2306f50_0 .net *"_s141", 0 0, L_0x2334e80;  1 drivers
v0x2307030_0 .net *"_s142", 0 0, L_0x2334c40;  1 drivers
v0x2307110_0 .net *"_s147", 0 0, L_0x23350a0;  1 drivers
v0x23071f0_0 .net *"_s152", 0 0, L_0x2334f20;  1 drivers
v0x23072d0_0 .net *"_s154", 0 0, L_0x2332ed0;  1 drivers
v0x23073b0_0 .net *"_s155", 0 0, L_0x2332f70;  1 drivers
v0x2307490_0 .net *"_s158", 0 0, L_0x2335550;  1 drivers
v0x2307570_0 .net *"_s159", 0 0, L_0x2334d70;  1 drivers
v0x2307650_0 .net *"_s162", 0 0, L_0x2335a40;  1 drivers
v0x2307730_0 .net *"_s163", 0 0, L_0x2335810;  1 drivers
v0x2307810_0 .net *"_s166", 0 0, L_0x2335920;  1 drivers
v0x23078f0_0 .net *"_s167", 0 0, L_0x23359c0;  1 drivers
v0x23079d0_0 .net *"_s17", 0 0, L_0x2331af0;  1 drivers
v0x2307ab0_0 .net *"_s19", 0 0, L_0x2331bc0;  1 drivers
v0x2306d00_0 .net *"_s20", 0 0, L_0x2331ce0;  1 drivers
v0x2307d80_0 .net *"_s22", 0 0, L_0x2331df0;  1 drivers
v0x2307e60_0 .net *"_s25", 0 0, L_0x2331eb0;  1 drivers
v0x2307f40_0 .net *"_s26", 0 0, L_0x2331f50;  1 drivers
v0x2308020_0 .net *"_s29", 0 0, L_0x2332010;  1 drivers
v0x2308100_0 .net *"_s3", 0 0, L_0x2331750;  1 drivers
v0x23081e0_0 .net *"_s30", 0 0, L_0x2332140;  1 drivers
v0x23082c0_0 .net *"_s33", 0 0, L_0x2332270;  1 drivers
v0x23083a0_0 .net *"_s34", 0 0, L_0x2332360;  1 drivers
v0x2308480_0 .net *"_s36", 0 0, L_0x2332420;  1 drivers
v0x2308560_0 .net *"_s38", 0 0, L_0x2332580;  1 drivers
v0x2308640_0 .net *"_s41", 0 0, L_0x2332690;  1 drivers
v0x2308720_0 .net *"_s42", 0 0, L_0x2332730;  1 drivers
v0x2308800_0 .net *"_s45", 0 0, L_0x2332850;  1 drivers
v0x23088e0_0 .net *"_s46", 0 0, L_0x2332950;  1 drivers
v0x23089c0_0 .net *"_s48", 0 0, L_0x23329c0;  1 drivers
v0x2308aa0_0 .net *"_s50", 0 0, L_0x2332af0;  1 drivers
v0x2308b80_0 .net *"_s52", 0 0, L_0x2332c00;  1 drivers
v0x2308c60_0 .net *"_s57", 0 0, L_0x2332d90;  1 drivers
v0x2308d40_0 .net *"_s61", 0 0, L_0x2332e30;  1 drivers
v0x2308e20_0 .net *"_s62", 0 0, L_0x23317f0;  1 drivers
v0x2308f00_0 .net *"_s64", 0 0, L_0x2333030;  1 drivers
v0x2308fe0_0 .net *"_s67", 0 0, L_0x23331d0;  1 drivers
v0x23090c0_0 .net *"_s68", 0 0, L_0x23320b0;  1 drivers
v0x23091a0_0 .net *"_s7", 0 0, L_0x2331880;  1 drivers
v0x2309280_0 .net *"_s70", 0 0, L_0x23333d0;  1 drivers
v0x2309360_0 .net *"_s73", 0 0, L_0x2333580;  1 drivers
v0x2309440_0 .net *"_s74", 0 0, L_0x2332a80;  1 drivers
v0x2309520_0 .net *"_s77", 0 0, L_0x2333670;  1 drivers
v0x2309600_0 .net *"_s78", 0 0, L_0x2333710;  1 drivers
v0x23096e0_0 .net *"_s83", 0 0, L_0x23334e0;  1 drivers
v0x23097c0_0 .net *"_s87", 0 0, L_0x2333960;  1 drivers
v0x2307b50_0 .net *"_s88", 0 0, L_0x2333a00;  1 drivers
v0x2307c30_0 .net *"_s90", 0 0, L_0x2333a70;  1 drivers
v0x2309c70_0 .net *"_s93", 0 0, L_0x2333820;  1 drivers
v0x2309d10_0 .net *"_s94", 0 0, L_0x23338d0;  1 drivers
v0x2309dd0_0 .net *"_s97", 0 0, L_0x2333d80;  1 drivers
v0x2309eb0_0 .net *"_s98", 0 0, L_0x2333e20;  1 drivers
v0x2309f90_0 .net "nextstate", 12 0, L_0x2335140;  alias, 1 drivers
v0x230a070_0 .net "opc1", 0 0, L_0x2335e20;  1 drivers
v0x230a130_0 .net "opc2", 3 0, L_0x2335ec0;  1 drivers
v0x230a210_0 .net "state", 12 0, v0x2330850_0;  alias, 1 drivers
L_0x2331750 .part v0x2330850_0, 12, 1;
L_0x2331880 .part v0x2330850_0, 0, 1;
L_0x2331920 .part v0x2330850_0, 1, 1;
L_0x2331af0 .part L_0x2335ec0, 3, 1;
L_0x2331bc0 .part L_0x2335ec0, 2, 1;
L_0x2331eb0 .part L_0x2335ec0, 3, 1;
L_0x2332010 .part L_0x2335ec0, 2, 1;
L_0x2332270 .part L_0x2335ec0, 1, 1;
L_0x2332690 .part L_0x2335ec0, 1, 1;
L_0x2332850 .part L_0x2335ec0, 0, 1;
L_0x2332d90 .part v0x2330850_0, 2, 1;
L_0x2332e30 .part v0x2330850_0, 1, 1;
L_0x23331d0 .part L_0x2335ec0, 3, 1;
L_0x2333580 .part L_0x2335ec0, 2, 1;
L_0x2333670 .part L_0x2335ec0, 1, 1;
L_0x23334e0 .part v0x2330850_0, 4, 1;
L_0x2333960 .part v0x2330850_0, 1, 1;
L_0x2333820 .part L_0x2335ec0, 3, 1;
L_0x2333d80 .part L_0x2335ec0, 2, 1;
L_0x2334000 .part L_0x2335ec0, 1, 1;
L_0x23342d0 .part L_0x2335ec0, 0, 1;
L_0x23341a0 .part v0x2330850_0, 6, 1;
L_0x23340a0 .part v0x2330850_0, 1, 1;
L_0x2334630 .part L_0x2335ec0, 3, 1;
L_0x23347f0 .part L_0x2335ec0, 2, 1;
L_0x2334ba0 .part L_0x2335ec0, 1, 1;
L_0x2334aa0 .part v0x2330850_0, 8, 1;
L_0x2334e80 .part v0x2330850_0, 1, 1;
L_0x23350a0 .part v0x2330850_0, 10, 1;
LS_0x2335140_0_0 .concat8 [ 1 1 1 1], L_0x2331750, L_0x2331880, L_0x2332c00, L_0x2332d90;
LS_0x2335140_0_4 .concat8 [ 1 1 1 1], L_0x2333710, L_0x23334e0, L_0x2334370, L_0x23341a0;
LS_0x2335140_0_8 .concat8 [ 1 1 1 1], L_0x23346d0, L_0x2334aa0, L_0x2334c40, L_0x23350a0;
LS_0x2335140_0_12 .concat8 [ 1 0 0 0], L_0x23359c0;
L_0x2335140 .concat8 [ 4 4 4 1], LS_0x2335140_0_0, LS_0x2335140_0_4, LS_0x2335140_0_8, LS_0x2335140_0_12;
L_0x2334f20 .part v0x2330850_0, 3, 1;
L_0x2332ed0 .part v0x2330850_0, 5, 1;
L_0x2335550 .part v0x2330850_0, 7, 1;
L_0x2335a40 .part v0x2330850_0, 9, 1;
L_0x2335920 .part v0x2330850_0, 11, 1;
S_0x230a3a0 .scope module, "ol_unit" "OutputLogic" 3 41, 5 1 0, S_0x22e5bf0;
 .timescale 0 0;
    .port_info 0 /INPUT 13 "state"
    .port_info 1 /INPUT 5 "status"
    .port_info 2 /INPUT 16 "ir"
    .port_info 3 /OUTPUT 20 "ctrlword"
    .port_info 4 /OUTPUT 1 "rw_mem"
L_0x23361d0 .functor AND 1, L_0x2336090, L_0x2336130, C4<1>, C4<1>;
L_0x2336290 .functor OR 1, L_0x2335ff0, L_0x23361d0, C4<0>, C4<0>;
L_0x2336440 .functor OR 1, L_0x2336290, L_0x23363a0, C4<0>, C4<0>;
L_0x2336730 .functor OR 1, L_0x23365f0, L_0x2336690, C4<0>, C4<0>;
L_0x23369f0 .functor OR 1, L_0x2336730, L_0x2336840, C4<0>, C4<0>;
L_0x2336b00 .functor AND 1, L_0x2336550, L_0x23369f0, C4<1>, C4<1>;
L_0x2336c10 .functor OR 1, L_0x2336440, L_0x2336b00, C4<0>, C4<0>;
L_0x2336e60 .functor NOT 1, L_0x2336dc0, C4<0>, C4<0>, C4<0>;
L_0x2336f70 .functor AND 1, L_0x2336d20, L_0x2336e60, C4<1>, C4<1>;
L_0x2337230 .functor OR 1, L_0x2337080, L_0x2337120, C4<0>, C4<0>;
L_0x23373e0 .functor OR 1, L_0x2337230, L_0x2337340, C4<0>, C4<0>;
L_0x23374a0 .functor AND 1, L_0x2336f70, L_0x23373e0, C4<1>, C4<1>;
L_0x2337620 .functor OR 1, L_0x2336c10, L_0x23374a0, C4<0>, C4<0>;
L_0x23371c0 .functor OR 1, L_0x2337620, L_0x2337730, C4<0>, C4<0>;
L_0x23375b0 .functor OR 1, L_0x23371c0, L_0x2337970, C4<0>, C4<0>;
L_0x2337be0 .functor OR 1, L_0x23375b0, L_0x2337ab0, C4<0>, C4<0>;
L_0x2337e20 .functor OR 1, L_0x2337be0, L_0x2337d80, C4<0>, C4<0>;
L_0x2337b50 .functor NOT 1, L_0x2338070, C4<0>, C4<0>, C4<0>;
L_0x23382a0 .functor OR 1, L_0x2337fd0, L_0x2338350, C4<0>, C4<0>;
L_0x23385a0 .functor OR 1, L_0x23382a0, L_0x2338500, C4<0>, C4<0>;
L_0x2338160 .functor AND 1, L_0x2338200, L_0x23385a0, C4<1>, C4<1>;
L_0x2338800 .functor OR 1, L_0x2337b50, L_0x2338160, C4<0>, C4<0>;
L_0x23386b0 .functor AND 1, L_0x2337f30, L_0x2338800, C4<1>, C4<1>;
L_0x2338a70 .functor OR 1, L_0x2337e20, L_0x23386b0, C4<0>, C4<0>;
L_0x23378f0 .functor NOT 1, L_0x2335600, C4<0>, C4<0>, C4<0>;
L_0x23377d0 .functor AND 1, L_0x23378f0, L_0x2338c50, C4<1>, C4<1>;
L_0x2335780 .functor OR 1, L_0x23377d0, L_0x2338b80, C4<0>, C4<0>;
L_0x2339390 .functor AND 1, L_0x23383f0, L_0x2335780, C4<1>, C4<1>;
L_0x23356a0 .functor OR 1, L_0x2338910, L_0x2339390, C4<0>, C4<0>;
L_0x23368e0 .functor AND 1, L_0x23395e0, L_0x2339680, C4<1>, C4<1>;
L_0x23394a0 .functor OR 1, L_0x23356a0, L_0x23368e0, C4<0>, C4<0>;
L_0x2339720 .functor AND 1, L_0x23399c0, L_0x2339a60, C4<1>, C4<1>;
L_0x2339870 .functor OR 1, L_0x23394a0, L_0x2339720, C4<0>, C4<0>;
L_0x2339e60 .functor OR 1, L_0x2339870, L_0x2339dc0, C4<0>, C4<0>;
L_0x2339d00 .functor OR 1, L_0x2339e60, L_0x2339c60, C4<0>, C4<0>;
L_0x2339ba0 .functor NOT 1, L_0x233a250, C4<0>, C4<0>, C4<0>;
L_0x233a0e0 .functor AND 1, L_0x233a1b0, L_0x2339ba0, C4<1>, C4<1>;
L_0x233a2f0 .functor OR 1, L_0x2339fc0, L_0x233a550, C4<0>, C4<0>;
L_0x233a4a0 .functor OR 1, L_0x233a2f0, L_0x233a400, C4<0>, C4<0>;
L_0x233a910 .functor AND 1, L_0x233a0e0, L_0x233a4a0, C4<1>, C4<1>;
L_0x233a730 .functor OR 1, L_0x2339d00, L_0x233a910, C4<0>, C4<0>;
L_0x233a690 .functor NOT 1, L_0x233a5f0, C4<0>, C4<0>, C4<0>;
L_0x233aa20 .functor AND 1, L_0x233ab70, L_0x233a690, C4<1>, C4<1>;
L_0x233af10 .functor OR 1, L_0x233a730, L_0x233aa20, C4<0>, C4<0>;
L_0x233ae50 .functor OR 1, L_0x233af10, L_0x233adb0, C4<0>, C4<0>;
L_0x233b2f0 .functor OR 1, L_0x233ae50, L_0x233ac60, C4<0>, C4<0>;
L_0x233b0c0 .functor OR 1, L_0x233b2f0, L_0x233b020, C4<0>, C4<0>;
L_0x233b270 .functor NOT 1, L_0x233b6a0, C4<0>, C4<0>, C4<0>;
L_0x233b620 .functor OR 1, L_0x233b3b0, L_0x233b450, C4<0>, C4<0>;
L_0x233bbf0 .functor OR 1, L_0x233b620, L_0x233b7e0, C4<0>, C4<0>;
L_0x233b880 .functor AND 1, L_0x233b580, L_0x233bbf0, C4<1>, C4<1>;
L_0x233b990 .functor OR 1, L_0x233b270, L_0x233b880, C4<0>, C4<0>;
L_0x233bd00 .functor AND 1, L_0x233b1d0, L_0x233b990, C4<1>, C4<1>;
L_0x233be10 .functor OR 1, L_0x233b0c0, L_0x233bd00, C4<0>, C4<0>;
L_0x233c030 .functor NOT 1, L_0x233ba50, C4<0>, C4<0>, C4<0>;
L_0x233c4c0 .functor AND 1, L_0x233c030, L_0x233bb40, C4<1>, C4<1>;
L_0x233c1e0 .functor OR 1, L_0x233c4c0, L_0x233c140, C4<0>, C4<0>;
L_0x233c7a0 .functor AND 1, L_0x233bf90, L_0x233c1e0, C4<1>, C4<1>;
L_0x233c5d0 .functor OR 1, L_0x233bef0, L_0x233c7a0, C4<0>, C4<0>;
L_0x233c3a0 .functor AND 1, L_0x233c6e0, L_0x233c300, C4<1>, C4<1>;
L_0x233c8b0 .functor OR 1, L_0x233c5d0, L_0x233c3a0, C4<0>, C4<0>;
L_0x233cb00 .functor AND 1, L_0x233c9c0, L_0x233ca60, C4<1>, C4<1>;
L_0x233d250 .functor OR 1, L_0x233c8b0, L_0x233cb00, C4<0>, C4<0>;
L_0x233d070 .functor OR 1, L_0x233d250, L_0x233d310, C4<0>, C4<0>;
L_0x233d5a0 .functor OR 1, L_0x233d070, L_0x233d180, C4<0>, C4<0>;
L_0x233d450 .functor AND 1, L_0x233d6b0, L_0x233d3b0, C4<1>, C4<1>;
L_0x2339130 .functor OR 1, L_0x233d5a0, L_0x233d450, C4<0>, C4<0>;
L_0x233d750 .functor OR 1, L_0x2339130, L_0x2339240, C4<0>, C4<0>;
L_0x233d900 .functor OR 1, L_0x233d750, L_0x233d860, C4<0>, C4<0>;
L_0x233db50 .functor NOT 1, L_0x233dab0, C4<0>, C4<0>, C4<0>;
L_0x233df00 .functor OR 1, L_0x233ddc0, L_0x233de60, C4<0>, C4<0>;
L_0x233e0b0 .functor OR 1, L_0x233df00, L_0x233e010, C4<0>, C4<0>;
L_0x233e170 .functor AND 1, L_0x233dc10, L_0x233e0b0, C4<1>, C4<1>;
L_0x233e280 .functor OR 1, L_0x233db50, L_0x233e170, C4<0>, C4<0>;
L_0x233e390 .functor AND 1, L_0x233da10, L_0x233e280, C4<1>, C4<1>;
L_0x233e900 .functor OR 1, L_0x233d900, L_0x233e390, C4<0>, C4<0>;
L_0x233e790 .functor NOT 1, L_0x233e6f0, C4<0>, C4<0>, C4<0>;
L_0x233e4b0 .functor AND 1, L_0x233e790, L_0x233e410, C4<1>, C4<1>;
L_0x233eab0 .functor OR 1, L_0x233e4b0, L_0x233ea10, C4<0>, C4<0>;
L_0x233ebc0 .functor AND 1, L_0x233e650, L_0x233eab0, C4<1>, C4<1>;
L_0x233ed20 .functor AND 1, L_0x233f170, L_0x233ec80, C4<1>, C4<1>;
L_0x233ee30 .functor OR 1, L_0x233ebc0, L_0x233ed20, C4<0>, C4<0>;
L_0x233efe0 .functor AND 1, L_0x233eea0, L_0x233ef40, C4<1>, C4<1>;
L_0x233f0f0 .functor OR 1, L_0x233ee30, L_0x233efe0, C4<0>, C4<0>;
L_0x233f350 .functor OR 1, L_0x233f0f0, L_0x233f2b0, C4<0>, C4<0>;
L_0x233f810 .functor OR 1, L_0x233f350, L_0x233f770, C4<0>, C4<0>;
L_0x233fd50 .functor NOT 1, L_0x233fcb0, C4<0>, C4<0>, C4<0>;
L_0x233fe10 .functor AND 1, L_0x233f920, L_0x233fd50, C4<1>, C4<1>;
L_0x233fb00 .functor OR 1, L_0x233f9c0, L_0x233fa60, C4<0>, C4<0>;
L_0x233f4d0 .functor OR 1, L_0x233fb00, L_0x233fc10, C4<0>, C4<0>;
L_0x233f5e0 .functor AND 1, L_0x233fe10, L_0x233f4d0, C4<1>, C4<1>;
L_0x233f6f0 .functor OR 1, L_0x233f810, L_0x233f5e0, C4<0>, C4<0>;
L_0x2340100 .functor NOT 1, L_0x2340060, C4<0>, C4<0>, C4<0>;
L_0x23401c0 .functor AND 1, L_0x233ffc0, L_0x2340100, C4<1>, C4<1>;
L_0x23402d0 .functor OR 1, L_0x233f6f0, L_0x23401c0, C4<0>, C4<0>;
L_0x2340480 .functor OR 1, L_0x23402d0, L_0x23403e0, C4<0>, C4<0>;
L_0x2340630 .functor OR 1, L_0x2340480, L_0x2340590, C4<0>, C4<0>;
L_0x2340880 .functor AND 1, L_0x2340740, L_0x23407e0, C4<1>, C4<1>;
L_0x2340a30 .functor OR 1, L_0x2340880, L_0x2340990, C4<0>, C4<0>;
L_0x2338ff0 .functor OR 1, L_0x2340a30, L_0x2340b40, C4<0>, C4<0>;
L_0x2340fb0 .functor OR 1, L_0x2338ff0, L_0x2340f10, C4<0>, C4<0>;
L_0x2341160 .functor OR 1, L_0x2340fb0, L_0x23410c0, C4<0>, C4<0>;
L_0x2341310 .functor OR 1, L_0x2341160, L_0x2341270, C4<0>, C4<0>;
L_0x2338e30 .functor OR 1, L_0x2341310, L_0x2338d90, C4<0>, C4<0>;
L_0x2341ba0 .functor OR 1, L_0x2338e30, L_0x2338f40, C4<0>, C4<0>;
L_0x2341d50 .functor OR 1, L_0x2341ba0, L_0x2341cb0, C4<0>, C4<0>;
L_0x2340be0 .functor AND 1, L_0x2342210, L_0x23422b0, C4<1>, C4<1>;
L_0x2340d40 .functor OR 1, L_0x2340be0, L_0x2340ca0, C4<0>, C4<0>;
L_0x23423f0 .functor AND 1, L_0x2340e50, L_0x2342350, C4<1>, C4<1>;
L_0x2342500 .functor OR 1, L_0x2340d40, L_0x23423f0, C4<0>, C4<0>;
L_0x2342610 .functor AND 1, L_0x2342a10, L_0x2342ab0, C4<1>, C4<1>;
L_0x2342bf0 .functor OR 1, L_0x2342500, L_0x2342610, C4<0>, C4<0>;
L_0x7f2706a25018 .functor BUFT 1, C4<00000000000000000000000000001010>, C4<0>, C4<0>, C4<0>;
L_0x2342910 .functor OR 32, L_0x7f2706a25018, L_0x23427d0, C4<00000000000000000000000000000000>, C4<00000000000000000000000000000000>;
L_0x23420e0 .functor OR 32, L_0x2342910, L_0x2341fa0, C4<00000000000000000000000000000000>, C4<00000000000000000000000000000000>;
L_0x2343190 .functor NOT 1, L_0x23430a0, C4<0>, C4<0>, C4<0>;
L_0x2343250 .functor AND 1, L_0x2342690, L_0x2343190, C4<1>, C4<1>;
L_0x2343360 .functor OR 1, L_0x2342bf0, L_0x2343250, C4<0>, C4<0>;
L_0x2342e40 .functor OR 1, L_0x2343360, L_0x2342da0, C4<0>, C4<0>;
L_0x2342ff0 .functor OR 1, L_0x2342e40, L_0x2342f50, C4<0>, C4<0>;
L_0x2353900 .functor OR 1, L_0x2342ff0, L_0x23534b0, C4<0>, C4<0>;
L_0x2353ab0 .functor OR 1, L_0x2353900, L_0x2353a10, C4<0>, C4<0>;
L_0x2353d00 .functor NOT 1, L_0x2353c60, C4<0>, C4<0>, C4<0>;
L_0x2353dc0 .functor AND 1, L_0x2353bc0, L_0x2353d00, C4<1>, C4<1>;
L_0x2353ed0 .functor OR 1, L_0x2353ab0, L_0x2353dc0, C4<0>, C4<0>;
L_0x2354120 .functor NOT 1, L_0x2354080, C4<0>, C4<0>, C4<0>;
L_0x2354280 .functor AND 1, L_0x2354120, L_0x23541e0, C4<1>, C4<1>;
L_0x2354430 .functor OR 1, L_0x2354280, L_0x2354390, C4<0>, C4<0>;
L_0x2354540 .functor AND 1, L_0x2353fe0, L_0x2354430, C4<1>, C4<1>;
L_0x2354790 .functor AND 1, L_0x2354650, L_0x23546f0, C4<1>, C4<1>;
L_0x23548a0 .functor OR 1, L_0x2354540, L_0x2354790, C4<0>, C4<0>;
L_0x2353690 .functor AND 1, L_0x2353550, L_0x23535f0, C4<1>, C4<1>;
L_0x23537a0 .functor OR 1, L_0x23548a0, L_0x2353690, C4<0>, C4<0>;
L_0x2354f20 .functor AND 1, L_0x2354de0, L_0x2354e80, C4<1>, C4<1>;
L_0x2354fe0 .functor OR 1, L_0x23537a0, L_0x2354f20, C4<0>, C4<0>;
L_0x2355190 .functor OR 1, L_0x2354fe0, L_0x23550f0, C4<0>, C4<0>;
L_0x2355340 .functor OR 1, L_0x2355190, L_0x23552a0, C4<0>, C4<0>;
L_0x2355590 .functor NOT 1, L_0x23554f0, C4<0>, C4<0>, C4<0>;
L_0x23549b0 .functor AND 1, L_0x2355590, L_0x2355ac0, C4<1>, C4<1>;
L_0x2354c00 .functor AND 1, L_0x2354ac0, L_0x2354b60, C4<1>, C4<1>;
L_0x2354d10 .functor OR 1, L_0x23549b0, L_0x2354c00, C4<0>, C4<0>;
L_0x233ccb0 .functor AND 1, L_0x2355450, L_0x2354d10, C4<1>, C4<1>;
L_0x233ce60 .functor OR 1, L_0x233ccb0, L_0x233cdc0, C4<0>, C4<0>;
L_0x2355c00 .functor AND 1, L_0x233cf70, L_0x2355b60, C4<1>, C4<1>;
L_0x2355d10 .functor OR 1, L_0x233ce60, L_0x2355c00, C4<0>, C4<0>;
L_0x2355f60 .functor AND 1, L_0x2355e20, L_0x2355ec0, C4<1>, C4<1>;
L_0x2356070 .functor OR 1, L_0x2355d10, L_0x2355f60, C4<0>, C4<0>;
L_0x2356360 .functor OR 1, L_0x2356220, L_0x23562c0, C4<0>, C4<0>;
L_0x2355740 .functor OR 1, L_0x2356360, L_0x23556a0, C4<0>, C4<0>;
L_0x2355850 .functor AND 1, L_0x2356180, L_0x2355740, C4<1>, C4<1>;
L_0x2355960 .functor OR 1, L_0x2356070, L_0x2355850, C4<0>, C4<0>;
L_0x2356cb0 .functor OR 1, L_0x2355960, L_0x2356c10, C4<0>, C4<0>;
L_0x2356e10 .functor OR 1, L_0x2356cb0, L_0x2356d70, C4<0>, C4<0>;
L_0x2357490 .functor OR 1, L_0x2356e10, L_0x23573f0, C4<0>, C4<0>;
L_0x2357640 .functor OR 1, L_0x2357490, L_0x23575a0, C4<0>, C4<0>;
L_0x2357890 .functor OR 1, L_0x2357750, L_0x23577f0, C4<0>, C4<0>;
L_0x2357a40 .functor OR 1, L_0x2357890, L_0x23579a0, C4<0>, C4<0>;
L_0x2357bf0 .functor OR 1, L_0x2357a40, L_0x2357b50, C4<0>, C4<0>;
L_0x2357da0 .functor OR 1, L_0x2357bf0, L_0x2357d00, C4<0>, C4<0>;
L_0x2356f20 .functor NOT 1, L_0x2357da0, C4<0>, C4<0>, C4<0>;
L_0x2357120 .functor OR 1, L_0x2356fe0, L_0x2357080, C4<0>, C4<0>;
L_0x2357370 .functor AND 1, L_0x2357230, L_0x23572d0, C4<1>, C4<1>;
L_0x2358450 .functor OR 1, L_0x2357120, L_0x2357370, C4<0>, C4<0>;
L_0x2358600 .functor OR 1, L_0x2358450, L_0x2358560, C4<0>, C4<0>;
L_0x2357eb0 .functor AND 1, L_0x2358710, L_0x23587b0, C4<1>, C4<1>;
L_0x2357fc0 .functor OR 1, L_0x2358600, L_0x2357eb0, C4<0>, C4<0>;
L_0x2358170 .functor OR 1, L_0x2357fc0, L_0x23580d0, C4<0>, C4<0>;
L_0x2358320 .functor OR 1, L_0x2358170, L_0x2358280, C4<0>, C4<0>;
L_0x2358f50 .functor AND 1, L_0x2358e10, L_0x2358eb0, C4<1>, C4<1>;
L_0x2359060 .functor OR 1, L_0x2358320, L_0x2358f50, C4<0>, C4<0>;
L_0x2358850 .functor OR 1, L_0x2359060, L_0x2359170, C4<0>, C4<0>;
L_0x2358a00 .functor OR 1, L_0x2358850, L_0x2358960, C4<0>, C4<0>;
L_0x2358cf0 .functor AND 1, L_0x2358bb0, L_0x2358c50, C4<1>, C4<1>;
L_0x2359810 .functor OR 1, L_0x2358b10, L_0x2358cf0, C4<0>, C4<0>;
L_0x2359a60 .functor AND 1, L_0x2359920, L_0x23599c0, C4<1>, C4<1>;
L_0x2359b70 .functor OR 1, L_0x2359810, L_0x2359a60, C4<0>, C4<0>;
L_0x2359dc0 .functor AND 1, L_0x2359c80, L_0x2359d20, C4<1>, C4<1>;
L_0x2359210 .functor OR 1, L_0x2359b70, L_0x2359dc0, C4<0>, C4<0>;
L_0x23593c0 .functor OR 1, L_0x2359210, L_0x2359320, C4<0>, C4<0>;
L_0x2359570 .functor OR 1, L_0x23593c0, L_0x23594d0, C4<0>, C4<0>;
L_0x235a510 .functor OR 1, L_0x2359680, L_0x235a470, C4<0>, C4<0>;
L_0x235acc0 .functor AND 1, L_0x235ab80, L_0x235ac20, C4<1>, C4<1>;
L_0x2359f20 .functor OR 1, L_0x235a510, L_0x235acc0, C4<0>, C4<0>;
L_0x235a0d0 .functor OR 1, L_0x2359f20, L_0x235a030, C4<0>, C4<0>;
L_0x235a320 .functor AND 1, L_0x235a1e0, L_0x235a280, C4<1>, C4<1>;
L_0x235a5d0 .functor OR 1, L_0x235a0d0, L_0x235a320, C4<0>, C4<0>;
L_0x235a780 .functor OR 1, L_0x235a5d0, L_0x235a6e0, C4<0>, C4<0>;
L_0x235a930 .functor OR 1, L_0x235a780, L_0x235a890, C4<0>, C4<0>;
L_0x235b360 .functor AND 1, L_0x235aa40, L_0x235aae0, C4<1>, C4<1>;
L_0x235b470 .functor OR 1, L_0x235a930, L_0x235b360, C4<0>, C4<0>;
L_0x235bc10 .functor OR 1, L_0x235b470, L_0x235b580, C4<0>, C4<0>;
L_0x235ad80 .functor AND 1, L_0x235bd70, L_0x235be10, C4<1>, C4<1>;
L_0x235ae90 .functor OR 1, L_0x235bcd0, L_0x235ad80, C4<0>, C4<0>;
L_0x235afa0 .functor NOT 1, L_0x235ae90, C4<0>, C4<0>, C4<0>;
L_0x2341ae0 .functor NOT 1, L_0x2341a40, C4<0>, C4<0>, C4<0>;
L_0x235b100 .functor AND 1, L_0x23419a0, L_0x2341ae0, C4<1>, C4<1>;
L_0x235b210 .functor OR 1, L_0x235b060, L_0x235b100, C4<0>, C4<0>;
L_0x235b760 .functor NOT 1, L_0x235b6c0, C4<0>, C4<0>, C4<0>;
L_0x235b820 .functor AND 1, L_0x235b620, L_0x235b760, C4<1>, C4<1>;
L_0x235b9d0 .functor AND 1, L_0x235b820, L_0x235b930, C4<1>, C4<1>;
L_0x2341430 .functor NOT 1, L_0x2341390, C4<0>, C4<0>, C4<0>;
L_0x235bb80 .functor NOT 1, L_0x23414f0, C4<0>, C4<0>, C4<0>;
L_0x23415e0 .functor AND 1, L_0x2341430, L_0x235bb80, C4<1>, C4<1>;
L_0x2341790 .functor NOT 1, L_0x23416f0, C4<0>, C4<0>, C4<0>;
L_0x2341850 .functor AND 1, L_0x23415e0, L_0x2341790, C4<1>, C4<1>;
L_0x235cc00 .functor NOT 1, L_0x235c500, C4<0>, C4<0>, C4<0>;
L_0x235cd60 .functor NOT 1, L_0x235ccc0, C4<0>, C4<0>, C4<0>;
L_0x235ce20 .functor AND 1, L_0x235cc00, L_0x235cd60, C4<1>, C4<1>;
L_0x235cfd0 .functor AND 1, L_0x235ce20, L_0x235cf30, C4<1>, C4<1>;
L_0x235bf00 .functor OR 1, L_0x2341850, L_0x235cfd0, C4<0>, C4<0>;
L_0x235c0b0 .functor NOT 1, L_0x235c010, C4<0>, C4<0>, C4<0>;
L_0x235c210 .functor NOT 1, L_0x235c170, C4<0>, C4<0>, C4<0>;
L_0x235c2d0 .functor AND 1, L_0x235c0b0, L_0x235c210, C4<1>, C4<1>;
L_0x235c480 .functor AND 1, L_0x235c2d0, L_0x235c3e0, C4<1>, C4<1>;
L_0x235c6e0 .functor NOT 1, L_0x235c640, C4<0>, C4<0>, C4<0>;
L_0x235c7a0 .functor AND 1, L_0x235c480, L_0x235c6e0, C4<1>, C4<1>;
L_0x235c8b0 .functor OR 1, L_0x235bf00, L_0x235c7a0, C4<0>, C4<0>;
L_0x235cb00 .functor NOT 1, L_0x235ca60, C4<0>, C4<0>, C4<0>;
L_0x235e770 .functor AND 1, L_0x235c9c0, L_0x235cb00, C4<1>, C4<1>;
L_0x235e920 .functor AND 1, L_0x235e770, L_0x235e880, C4<1>, C4<1>;
L_0x235ead0 .functor AND 1, L_0x235e920, L_0x235ea30, C4<1>, C4<1>;
L_0x235ebe0 .functor OR 1, L_0x235c8b0, L_0x235ead0, C4<0>, C4<0>;
L_0x235ed90 .functor NOT 1, L_0x235ecf0, C4<0>, C4<0>, C4<0>;
L_0x235ef90 .functor XOR 1, L_0x235ee50, L_0x235eef0, C4<0>, C4<0>;
L_0x235f0a0 .functor NOT 1, L_0x235ef90, C4<0>, C4<0>, C4<0>;
L_0x235e0d0 .functor AND 1, L_0x235ed90, L_0x235f0a0, C4<1>, C4<1>;
L_0x235e280 .functor AND 1, L_0x235e0d0, L_0x235e1e0, C4<1>, C4<1>;
L_0x235e430 .functor NOT 1, L_0x235e390, C4<0>, C4<0>, C4<0>;
L_0x235e4f0 .functor AND 1, L_0x235e280, L_0x235e430, C4<1>, C4<1>;
L_0x235e6a0 .functor NOT 1, L_0x235e600, C4<0>, C4<0>, C4<0>;
L_0x235f890 .functor AND 1, L_0x235e4f0, L_0x235e6a0, C4<1>, C4<1>;
L_0x23600e0 .functor OR 1, L_0x235ebe0, L_0x235f890, C4<0>, C4<0>;
L_0x235f200 .functor OR 1, L_0x23600e0, L_0x235f160, C4<0>, C4<0>;
L_0x233dd50 .functor XOR 1, L_0x235f310, L_0x233dcb0, C4<0>, C4<0>;
L_0x235f6b0 .functor AND 1, L_0x233dd50, L_0x235f610, C4<1>, C4<1>;
L_0x235f9a0 .functor NOT 1, L_0x235f7c0, C4<0>, C4<0>, C4<0>;
L_0x235fa60 .functor AND 1, L_0x235f6b0, L_0x235f9a0, C4<1>, C4<1>;
L_0x235fc10 .functor AND 1, L_0x235fa60, L_0x235fb70, C4<1>, C4<1>;
L_0x235fd20 .functor OR 1, L_0x235f200, L_0x235fc10, C4<0>, C4<0>;
L_0x235ff70 .functor XOR 1, L_0x235fe30, L_0x235fed0, C4<0>, C4<0>;
L_0x23601f0 .functor NOT 1, L_0x235ff70, C4<0>, C4<0>, C4<0>;
L_0x2360350 .functor AND 1, L_0x23601f0, L_0x23602b0, C4<1>, C4<1>;
L_0x2360c30 .functor AND 1, L_0x2360350, L_0x2360460, C4<1>, C4<1>;
L_0x2360de0 .functor NOT 1, L_0x2360d40, C4<0>, C4<0>, C4<0>;
L_0x2360ea0 .functor AND 1, L_0x2360c30, L_0x2360de0, C4<1>, C4<1>;
L_0x2360fb0 .functor OR 1, L_0x235fd20, L_0x2360ea0, C4<0>, C4<0>;
L_0x2361200 .functor XOR 1, L_0x23610c0, L_0x2361160, C4<0>, C4<0>;
L_0x2360500 .functor AND 1, L_0x2361200, L_0x2361310, C4<1>, C4<1>;
L_0x23606b0 .functor AND 1, L_0x2360500, L_0x2360610, C4<1>, C4<1>;
L_0x2360860 .functor AND 1, L_0x23606b0, L_0x23607c0, C4<1>, C4<1>;
L_0x2360970 .functor OR 1, L_0x2360fb0, L_0x2360860, C4<0>, C4<0>;
L_0x2360a80 .functor AND 1, L_0x235bae0, L_0x2360970, C4<1>, C4<1>;
L_0x2360b90 .functor OR 1, L_0x235b9d0, L_0x2360a80, C4<0>, C4<0>;
L_0x2361c50 .functor OR 1, L_0x2360b90, L_0x2361bb0, C4<0>, C4<0>;
L_0x2362610 .functor AND 1, L_0x2361d60, L_0x2362570, C4<1>, C4<1>;
L_0x2361450 .functor OR 1, L_0x2361c50, L_0x2362610, C4<0>, C4<0>;
L_0x23616a0 .functor NOT 1, L_0x2361600, C4<0>, C4<0>, C4<0>;
L_0x2361800 .functor NOT 1, L_0x2361760, C4<0>, C4<0>, C4<0>;
L_0x23618c0 .functor AND 1, L_0x23616a0, L_0x2361800, C4<1>, C4<1>;
L_0x2361a70 .functor NOT 1, L_0x23619d0, C4<0>, C4<0>, C4<0>;
L_0x2361e50 .functor AND 1, L_0x23618c0, L_0x2361a70, C4<1>, C4<1>;
L_0x2362000 .functor NOT 1, L_0x2361f60, C4<0>, C4<0>, C4<0>;
L_0x2362160 .functor NOT 1, L_0x23620c0, C4<0>, C4<0>, C4<0>;
L_0x2362220 .functor AND 1, L_0x2362000, L_0x2362160, C4<1>, C4<1>;
L_0x23623d0 .functor AND 1, L_0x2362220, L_0x2362330, C4<1>, C4<1>;
L_0x23624e0 .functor OR 1, L_0x2361e50, L_0x23623d0, C4<0>, C4<0>;
L_0x2362f70 .functor NOT 1, L_0x2362ed0, C4<0>, C4<0>, C4<0>;
L_0x23630d0 .functor NOT 1, L_0x2363030, C4<0>, C4<0>, C4<0>;
L_0x2363190 .functor AND 1, L_0x2362f70, L_0x23630d0, C4<1>, C4<1>;
L_0x2363340 .functor AND 1, L_0x2363190, L_0x23632a0, C4<1>, C4<1>;
L_0x2362680 .functor NOT 1, L_0x2363450, C4<0>, C4<0>, C4<0>;
L_0x2362740 .functor AND 1, L_0x2363340, L_0x2362680, C4<1>, C4<1>;
L_0x2362850 .functor OR 1, L_0x23624e0, L_0x2362740, C4<0>, C4<0>;
L_0x2362aa0 .functor NOT 1, L_0x2362a00, C4<0>, C4<0>, C4<0>;
L_0x2362b60 .functor AND 1, L_0x2362960, L_0x2362aa0, C4<1>, C4<1>;
L_0x2362d10 .functor AND 1, L_0x2362b60, L_0x2362c70, C4<1>, C4<1>;
L_0x2364560 .functor AND 1, L_0x2362d10, L_0x2363cd0, C4<1>, C4<1>;
L_0x2363540 .functor OR 1, L_0x2362850, L_0x2364560, C4<0>, C4<0>;
L_0x23636f0 .functor NOT 1, L_0x2363650, C4<0>, C4<0>, C4<0>;
L_0x23638f0 .functor XOR 1, L_0x23637b0, L_0x2363850, C4<0>, C4<0>;
L_0x2363a00 .functor NOT 1, L_0x23638f0, C4<0>, C4<0>, C4<0>;
L_0x2363ac0 .functor AND 1, L_0x23636f0, L_0x2363a00, C4<1>, C4<1>;
L_0x2363d70 .functor AND 1, L_0x2363ac0, L_0x2363bd0, C4<1>, C4<1>;
L_0x2363f20 .functor NOT 1, L_0x2363e80, C4<0>, C4<0>, C4<0>;
L_0x2363fe0 .functor AND 1, L_0x2363d70, L_0x2363f20, C4<1>, C4<1>;
L_0x2364190 .functor NOT 1, L_0x23640f0, C4<0>, C4<0>, C4<0>;
L_0x2364250 .functor AND 1, L_0x2363fe0, L_0x2364190, C4<1>, C4<1>;
L_0x2364360 .functor OR 1, L_0x2363540, L_0x2364250, C4<0>, C4<0>;
L_0x2364e40 .functor OR 1, L_0x2364360, L_0x2364470, C4<0>, C4<0>;
L_0x2365040 .functor XOR 1, L_0x2364f00, L_0x2364fa0, C4<0>, C4<0>;
L_0x23651f0 .functor AND 1, L_0x2365040, L_0x2365150, C4<1>, C4<1>;
L_0x23653a0 .functor NOT 1, L_0x2365300, C4<0>, C4<0>, C4<0>;
L_0x2365460 .functor AND 1, L_0x23651f0, L_0x23653a0, C4<1>, C4<1>;
L_0x2364620 .functor AND 1, L_0x2365460, L_0x2365570, C4<1>, C4<1>;
L_0x2364730 .functor OR 1, L_0x2364e40, L_0x2364620, C4<0>, C4<0>;
L_0x2364d90 .functor XOR 1, L_0x2364840, L_0x23648e0, C4<0>, C4<0>;
L_0x235f400 .functor NOT 1, L_0x2364d90, C4<0>, C4<0>, C4<0>;
L_0x2365e70 .functor AND 1, L_0x235f400, L_0x235f4c0, C4<1>, C4<1>;
L_0x2366020 .functor AND 1, L_0x2365e70, L_0x2365f80, C4<1>, C4<1>;
L_0x23661d0 .functor NOT 1, L_0x2366130, C4<0>, C4<0>, C4<0>;
L_0x2366290 .functor AND 1, L_0x2366020, L_0x23661d0, C4<1>, C4<1>;
L_0x23663a0 .functor OR 1, L_0x2364730, L_0x2366290, C4<0>, C4<0>;
L_0x23656b0 .functor XOR 1, L_0x23664b0, L_0x2365610, C4<0>, C4<0>;
L_0x2365860 .functor AND 1, L_0x23656b0, L_0x23657c0, C4<1>, C4<1>;
L_0x2365a10 .functor AND 1, L_0x2365860, L_0x2365970, C4<1>, C4<1>;
L_0x2365bc0 .functor AND 1, L_0x2365a10, L_0x2365b20, C4<1>, C4<1>;
L_0x2365cd0 .functor OR 1, L_0x23663a0, L_0x2365bc0, C4<0>, C4<0>;
L_0x2365de0 .functor AND 1, L_0x2361560, L_0x2365cd0, C4<1>, C4<1>;
L_0x2368100 .functor OR 1, L_0x2365de0, L_0x2368060, C4<0>, C4<0>;
L_0x23563d0 .functor AND 1, L_0x2368210, L_0x23682b0, C4<1>, C4<1>;
L_0x2356620 .functor AND 1, L_0x23564e0, L_0x2356580, C4<1>, C4<1>;
L_0x2356730 .functor OR 1, L_0x23563d0, L_0x2356620, C4<0>, C4<0>;
L_0x2356980 .functor AND 1, L_0x2356840, L_0x23568e0, C4<1>, C4<1>;
L_0x2356b30 .functor OR 1, L_0x2356980, L_0x2356a90, C4<0>, C4<0>;
L_0x2367900 .functor OR 1, L_0x2366ed0, L_0x2367860, C4<0>, C4<0>;
L_0x2367ab0 .functor OR 1, L_0x2367900, L_0x2367a10, C4<0>, C4<0>;
L_0x2367bc0 .functor NOT 1, L_0x2367ab0, C4<0>, C4<0>, C4<0>;
L_0x2367c80 .functor AND 1, L_0x2366e30, L_0x2367bc0, C4<1>, C4<1>;
L_0x2367d90 .functor OR 1, L_0x2356b30, L_0x2367c80, C4<0>, C4<0>;
L_0x2366550 .functor AND 1, L_0x2367ea0, L_0x2367f40, C4<1>, C4<1>;
L_0x2366660 .functor OR 1, L_0x2367d90, L_0x2366550, C4<0>, C4<0>;
L_0x23668b0 .functor AND 1, L_0x2366770, L_0x2366810, C4<1>, C4<1>;
L_0x23669c0 .functor OR 1, L_0x2366660, L_0x23668b0, C4<0>, C4<0>;
L_0x2366b70 .functor OR 1, L_0x23669c0, L_0x2366ad0, C4<0>, C4<0>;
L_0x2366d20 .functor OR 1, L_0x2366b70, L_0x2366c80, C4<0>, C4<0>;
L_0x23670b0 .functor AND 1, L_0x2366f70, L_0x2367010, C4<1>, C4<1>;
L_0x2369ee0 .functor AND 1, L_0x2369da0, L_0x2369e40, C4<1>, C4<1>;
L_0x23693c0 .functor AND 1, L_0x2369ee0, L_0x2369ff0, C4<1>, C4<1>;
L_0x2369610 .functor AND 1, L_0x23694d0, L_0x2369570, C4<1>, C4<1>;
L_0x2369720 .functor OR 1, L_0x23693c0, L_0x2369610, C4<0>, C4<0>;
L_0x2369970 .functor AND 1, L_0x2369830, L_0x23698d0, C4<1>, C4<1>;
L_0x2369a80 .functor OR 1, L_0x2369720, L_0x2369970, C4<0>, C4<0>;
L_0x236aac0 .functor OR 1, L_0x2369c30, L_0x236aa20, C4<0>, C4<0>;
L_0x236b610 .functor OR 1, L_0x236aac0, L_0x236abd0, C4<0>, C4<0>;
L_0x236b720 .functor NOT 1, L_0x236b610, C4<0>, C4<0>, C4<0>;
L_0x236b880 .functor OR 1, L_0x236b720, L_0x236b7e0, C4<0>, C4<0>;
L_0x236b990 .functor AND 1, L_0x2369b90, L_0x236b880, C4<1>, C4<1>;
L_0x236a130 .functor OR 1, L_0x2369a80, L_0x236b990, C4<0>, C4<0>;
L_0x236a3d0 .functor AND 1, L_0x236a290, L_0x236a330, C4<1>, C4<1>;
v0x230a610_0 .net *"_s10", 0 0, L_0x2336290;  1 drivers
v0x230a6f0_0 .net *"_s1000", 0 0, L_0x2360860;  1 drivers
v0x230a7d0_0 .net *"_s1002", 0 0, L_0x2360970;  1 drivers
v0x230a8c0_0 .net *"_s1004", 0 0, L_0x2360a80;  1 drivers
v0x230a9a0_0 .net *"_s1006", 0 0, L_0x2360b90;  1 drivers
v0x230aad0_0 .net *"_s1009", 0 0, L_0x2361bb0;  1 drivers
v0x230abb0_0 .net *"_s101", 0 0, L_0x23383f0;  1 drivers
v0x230ac90_0 .net *"_s1010", 0 0, L_0x2361c50;  1 drivers
v0x230ad70_0 .net *"_s1013", 0 0, L_0x2361d60;  1 drivers
v0x230aee0_0 .net *"_s1015", 0 0, L_0x2362570;  1 drivers
v0x230afc0_0 .net *"_s1016", 0 0, L_0x2362610;  1 drivers
v0x230b0a0_0 .net *"_s1018", 0 0, L_0x2361450;  1 drivers
v0x230b180_0 .net *"_s1023", 0 0, L_0x2361560;  1 drivers
v0x230b260_0 .net *"_s1025", 0 0, L_0x2361600;  1 drivers
v0x230b340_0 .net *"_s1026", 0 0, L_0x23616a0;  1 drivers
v0x230b420_0 .net *"_s1029", 0 0, L_0x2361760;  1 drivers
v0x230b500_0 .net *"_s103", 0 0, L_0x2335600;  1 drivers
v0x230b6b0_0 .net *"_s1030", 0 0, L_0x2361800;  1 drivers
v0x230b750_0 .net *"_s1032", 0 0, L_0x23618c0;  1 drivers
v0x230b830_0 .net *"_s1035", 0 0, L_0x23619d0;  1 drivers
v0x230b910_0 .net *"_s1036", 0 0, L_0x2361a70;  1 drivers
v0x230b9f0_0 .net *"_s1038", 0 0, L_0x2361e50;  1 drivers
v0x230bad0_0 .net *"_s104", 0 0, L_0x23378f0;  1 drivers
v0x230bbb0_0 .net *"_s1041", 0 0, L_0x2361f60;  1 drivers
v0x230bc90_0 .net *"_s1042", 0 0, L_0x2362000;  1 drivers
v0x230bd70_0 .net *"_s1045", 0 0, L_0x23620c0;  1 drivers
v0x230be50_0 .net *"_s1046", 0 0, L_0x2362160;  1 drivers
v0x230bf30_0 .net *"_s1048", 0 0, L_0x2362220;  1 drivers
v0x230c010_0 .net *"_s1051", 0 0, L_0x2362330;  1 drivers
v0x230c0f0_0 .net *"_s1052", 0 0, L_0x23623d0;  1 drivers
v0x230c1d0_0 .net *"_s1054", 0 0, L_0x23624e0;  1 drivers
v0x230c2b0_0 .net *"_s1057", 0 0, L_0x2362ed0;  1 drivers
v0x230c390_0 .net *"_s1058", 0 0, L_0x2362f70;  1 drivers
v0x230b5e0_0 .net *"_s1061", 0 0, L_0x2363030;  1 drivers
v0x230c660_0 .net *"_s1062", 0 0, L_0x23630d0;  1 drivers
v0x230c740_0 .net *"_s1064", 0 0, L_0x2363190;  1 drivers
v0x230c820_0 .net *"_s1067", 0 0, L_0x23632a0;  1 drivers
v0x230c900_0 .net *"_s1068", 0 0, L_0x2363340;  1 drivers
v0x230c9e0_0 .net *"_s107", 0 0, L_0x2338c50;  1 drivers
v0x230cac0_0 .net *"_s1071", 0 0, L_0x2363450;  1 drivers
v0x230cba0_0 .net *"_s1072", 0 0, L_0x2362680;  1 drivers
v0x230cc80_0 .net *"_s1074", 0 0, L_0x2362740;  1 drivers
v0x230cd60_0 .net *"_s1076", 0 0, L_0x2362850;  1 drivers
v0x230ce40_0 .net *"_s1079", 0 0, L_0x2362960;  1 drivers
v0x230cf20_0 .net *"_s108", 0 0, L_0x23377d0;  1 drivers
v0x230d000_0 .net *"_s1081", 0 0, L_0x2362a00;  1 drivers
v0x230d0e0_0 .net *"_s1082", 0 0, L_0x2362aa0;  1 drivers
v0x230d1c0_0 .net *"_s1084", 0 0, L_0x2362b60;  1 drivers
v0x230d2a0_0 .net *"_s1087", 0 0, L_0x2362c70;  1 drivers
v0x230d380_0 .net *"_s1088", 0 0, L_0x2362d10;  1 drivers
v0x230d460_0 .net *"_s1091", 0 0, L_0x2363cd0;  1 drivers
v0x230d540_0 .net *"_s1092", 0 0, L_0x2364560;  1 drivers
v0x230d620_0 .net *"_s1094", 0 0, L_0x2363540;  1 drivers
v0x230d700_0 .net *"_s1097", 0 0, L_0x2363650;  1 drivers
v0x230d7e0_0 .net *"_s1098", 0 0, L_0x23636f0;  1 drivers
v0x230d8c0_0 .net *"_s1101", 0 0, L_0x23637b0;  1 drivers
v0x230d9a0_0 .net *"_s1103", 0 0, L_0x2363850;  1 drivers
v0x230da80_0 .net *"_s1104", 0 0, L_0x23638f0;  1 drivers
v0x230db60_0 .net *"_s1106", 0 0, L_0x2363a00;  1 drivers
v0x230dc40_0 .net *"_s1108", 0 0, L_0x2363ac0;  1 drivers
v0x230dd20_0 .net *"_s111", 0 0, L_0x2338b80;  1 drivers
v0x230de00_0 .net *"_s1111", 0 0, L_0x2363bd0;  1 drivers
v0x230dee0_0 .net *"_s1112", 0 0, L_0x2363d70;  1 drivers
v0x230dfc0_0 .net *"_s1115", 0 0, L_0x2363e80;  1 drivers
v0x230e0a0_0 .net *"_s1116", 0 0, L_0x2363f20;  1 drivers
v0x230c430_0 .net *"_s1118", 0 0, L_0x2363fe0;  1 drivers
v0x230c510_0 .net *"_s112", 0 0, L_0x2335780;  1 drivers
v0x230e550_0 .net *"_s1121", 0 0, L_0x23640f0;  1 drivers
v0x230e5f0_0 .net *"_s1122", 0 0, L_0x2364190;  1 drivers
v0x230e6b0_0 .net *"_s1124", 0 0, L_0x2364250;  1 drivers
v0x230e790_0 .net *"_s1126", 0 0, L_0x2364360;  1 drivers
v0x230e870_0 .net *"_s1129", 0 0, L_0x2364470;  1 drivers
v0x230e950_0 .net *"_s1130", 0 0, L_0x2364e40;  1 drivers
v0x230ea30_0 .net *"_s1133", 0 0, L_0x2364f00;  1 drivers
v0x230eb10_0 .net *"_s1135", 0 0, L_0x2364fa0;  1 drivers
v0x230ebf0_0 .net *"_s1136", 0 0, L_0x2365040;  1 drivers
v0x230ecd0_0 .net *"_s1139", 0 0, L_0x2365150;  1 drivers
v0x230edb0_0 .net *"_s114", 0 0, L_0x2339390;  1 drivers
v0x230ee90_0 .net *"_s1140", 0 0, L_0x23651f0;  1 drivers
v0x230ef70_0 .net *"_s1143", 0 0, L_0x2365300;  1 drivers
v0x230f050_0 .net *"_s1144", 0 0, L_0x23653a0;  1 drivers
v0x230f130_0 .net *"_s1146", 0 0, L_0x2365460;  1 drivers
v0x230f210_0 .net *"_s1149", 0 0, L_0x2365570;  1 drivers
v0x230f2f0_0 .net *"_s1150", 0 0, L_0x2364620;  1 drivers
v0x230f3d0_0 .net *"_s1152", 0 0, L_0x2364730;  1 drivers
v0x230f4b0_0 .net *"_s1155", 0 0, L_0x2364840;  1 drivers
v0x230f590_0 .net *"_s1157", 0 0, L_0x23648e0;  1 drivers
v0x230f670_0 .net *"_s1158", 0 0, L_0x2364d90;  1 drivers
v0x230f750_0 .net *"_s116", 0 0, L_0x23356a0;  1 drivers
v0x230f830_0 .net *"_s1160", 0 0, L_0x235f400;  1 drivers
v0x230f910_0 .net *"_s1163", 0 0, L_0x235f4c0;  1 drivers
v0x230f9f0_0 .net *"_s1164", 0 0, L_0x2365e70;  1 drivers
v0x230fad0_0 .net *"_s1167", 0 0, L_0x2365f80;  1 drivers
v0x230fbb0_0 .net *"_s1168", 0 0, L_0x2366020;  1 drivers
v0x230fc90_0 .net *"_s1171", 0 0, L_0x2366130;  1 drivers
v0x230fd70_0 .net *"_s1172", 0 0, L_0x23661d0;  1 drivers
v0x230fe50_0 .net *"_s1174", 0 0, L_0x2366290;  1 drivers
v0x230ff30_0 .net *"_s1176", 0 0, L_0x23663a0;  1 drivers
v0x2310010_0 .net *"_s1179", 0 0, L_0x23664b0;  1 drivers
v0x23100f0_0 .net *"_s1181", 0 0, L_0x2365610;  1 drivers
v0x23101d0_0 .net *"_s1182", 0 0, L_0x23656b0;  1 drivers
v0x23102b0_0 .net *"_s1185", 0 0, L_0x23657c0;  1 drivers
v0x2310390_0 .net *"_s1186", 0 0, L_0x2365860;  1 drivers
v0x2310470_0 .net *"_s1189", 0 0, L_0x2365970;  1 drivers
v0x2310550_0 .net *"_s119", 0 0, L_0x23395e0;  1 drivers
v0x2310630_0 .net *"_s1190", 0 0, L_0x2365a10;  1 drivers
v0x2310710_0 .net *"_s1193", 0 0, L_0x2365b20;  1 drivers
v0x23107f0_0 .net *"_s1194", 0 0, L_0x2365bc0;  1 drivers
v0x23108d0_0 .net *"_s1196", 0 0, L_0x2365cd0;  1 drivers
v0x23109b0_0 .net *"_s1198", 0 0, L_0x2365de0;  1 drivers
v0x2310a90_0 .net *"_s1201", 0 0, L_0x2368060;  1 drivers
v0x2310b70_0 .net *"_s1202", 0 0, L_0x2368100;  1 drivers
v0x2310c50_0 .net *"_s1207", 0 0, L_0x2368210;  1 drivers
v0x2310d30_0 .net *"_s1209", 0 0, L_0x23682b0;  1 drivers
v0x2310e10_0 .net *"_s121", 0 0, L_0x2339680;  1 drivers
v0x2310ef0_0 .net *"_s1210", 0 0, L_0x23563d0;  1 drivers
v0x2310fd0_0 .net *"_s1213", 0 0, L_0x23564e0;  1 drivers
v0x23110b0_0 .net *"_s1215", 0 0, L_0x2356580;  1 drivers
v0x2311190_0 .net *"_s1216", 0 0, L_0x2356620;  1 drivers
v0x2311270_0 .net *"_s1218", 0 0, L_0x2356730;  1 drivers
v0x2311350_0 .net *"_s122", 0 0, L_0x23368e0;  1 drivers
v0x2311430_0 .net *"_s1223", 0 0, L_0x2356840;  1 drivers
v0x2311510_0 .net *"_s1225", 0 0, L_0x23568e0;  1 drivers
v0x23115f0_0 .net *"_s1226", 0 0, L_0x2356980;  1 drivers
v0x23116d0_0 .net *"_s1229", 0 0, L_0x2356a90;  1 drivers
v0x23117b0_0 .net *"_s1230", 0 0, L_0x2356b30;  1 drivers
v0x2311890_0 .net *"_s1233", 0 0, L_0x2366e30;  1 drivers
v0x2311970_0 .net *"_s1235", 0 0, L_0x2366ed0;  1 drivers
v0x2311a50_0 .net *"_s1237", 0 0, L_0x2367860;  1 drivers
v0x230e180_0 .net *"_s1238", 0 0, L_0x2367900;  1 drivers
v0x230e260_0 .net *"_s124", 0 0, L_0x23394a0;  1 drivers
v0x230e340_0 .net *"_s1241", 0 0, L_0x2367a10;  1 drivers
v0x230e420_0 .net *"_s1242", 0 0, L_0x2367ab0;  1 drivers
v0x2312300_0 .net *"_s1244", 0 0, L_0x2367bc0;  1 drivers
v0x23123a0_0 .net *"_s1246", 0 0, L_0x2367c80;  1 drivers
v0x2312480_0 .net *"_s1248", 0 0, L_0x2367d90;  1 drivers
v0x2312560_0 .net *"_s1251", 0 0, L_0x2367ea0;  1 drivers
v0x2312640_0 .net *"_s1253", 0 0, L_0x2367f40;  1 drivers
v0x2312720_0 .net *"_s1254", 0 0, L_0x2366550;  1 drivers
v0x2312800_0 .net *"_s1256", 0 0, L_0x2366660;  1 drivers
v0x23128e0_0 .net *"_s1259", 0 0, L_0x2366770;  1 drivers
v0x23129c0_0 .net *"_s1261", 0 0, L_0x2366810;  1 drivers
v0x2312aa0_0 .net *"_s1262", 0 0, L_0x23668b0;  1 drivers
v0x2312b80_0 .net *"_s1264", 0 0, L_0x23669c0;  1 drivers
v0x2312c60_0 .net *"_s1267", 0 0, L_0x2366ad0;  1 drivers
v0x2312d40_0 .net *"_s1268", 0 0, L_0x2366b70;  1 drivers
v0x2312e20_0 .net *"_s127", 0 0, L_0x23399c0;  1 drivers
v0x2312f00_0 .net *"_s1271", 0 0, L_0x2366c80;  1 drivers
v0x2312fe0_0 .net *"_s1272", 0 0, L_0x2366d20;  1 drivers
v0x23130c0_0 .net *"_s1277", 0 0, L_0x2366f70;  1 drivers
v0x23131a0_0 .net *"_s1279", 0 0, L_0x2367010;  1 drivers
v0x2313280_0 .net *"_s1280", 0 0, L_0x23670b0;  1 drivers
v0x2313360_0 .net *"_s1286", 0 0, L_0x2369da0;  1 drivers
v0x2313440_0 .net *"_s1288", 0 0, L_0x2369e40;  1 drivers
v0x2313520_0 .net *"_s1289", 0 0, L_0x2369ee0;  1 drivers
v0x2313600_0 .net *"_s129", 0 0, L_0x2339a60;  1 drivers
v0x23136e0_0 .net *"_s1292", 0 0, L_0x2369ff0;  1 drivers
v0x23137c0_0 .net *"_s1293", 0 0, L_0x23693c0;  1 drivers
v0x23138a0_0 .net *"_s1296", 0 0, L_0x23694d0;  1 drivers
v0x2313980_0 .net *"_s1298", 0 0, L_0x2369570;  1 drivers
v0x2313a60_0 .net *"_s1299", 0 0, L_0x2369610;  1 drivers
v0x2313b40_0 .net *"_s13", 0 0, L_0x23363a0;  1 drivers
v0x2313c20_0 .net *"_s130", 0 0, L_0x2339720;  1 drivers
v0x2313d00_0 .net *"_s1301", 0 0, L_0x2369720;  1 drivers
v0x2313de0_0 .net *"_s1304", 0 0, L_0x2369830;  1 drivers
v0x2313ec0_0 .net *"_s1306", 0 0, L_0x23698d0;  1 drivers
v0x2313fa0_0 .net *"_s1307", 0 0, L_0x2369970;  1 drivers
v0x2314080_0 .net *"_s1309", 0 0, L_0x2369a80;  1 drivers
v0x2314160_0 .net *"_s1312", 0 0, L_0x2369b90;  1 drivers
v0x2314240_0 .net *"_s1314", 0 0, L_0x2369c30;  1 drivers
v0x2314320_0 .net *"_s1316", 0 0, L_0x236aa20;  1 drivers
v0x2314400_0 .net *"_s1317", 0 0, L_0x236aac0;  1 drivers
v0x23144e0_0 .net *"_s132", 0 0, L_0x2339870;  1 drivers
v0x23145c0_0 .net *"_s1320", 0 0, L_0x236abd0;  1 drivers
v0x23146a0_0 .net *"_s1321", 0 0, L_0x236b610;  1 drivers
v0x2314780_0 .net *"_s1323", 0 0, L_0x236b720;  1 drivers
v0x2314860_0 .net *"_s1326", 0 0, L_0x236b7e0;  1 drivers
v0x2314940_0 .net *"_s1327", 0 0, L_0x236b880;  1 drivers
v0x2314a20_0 .net *"_s1329", 0 0, L_0x236b990;  1 drivers
v0x2314b00_0 .net *"_s1331", 0 0, L_0x236a130;  1 drivers
v0x2314be0_0 .net *"_s1334", 0 0, L_0x236a290;  1 drivers
v0x2314cc0_0 .net *"_s1336", 0 0, L_0x236a330;  1 drivers
v0x2314da0_0 .net *"_s135", 0 0, L_0x2339dc0;  1 drivers
v0x2314e80_0 .net *"_s136", 0 0, L_0x2339e60;  1 drivers
v0x2314f60_0 .net *"_s139", 0 0, L_0x2339c60;  1 drivers
v0x2315040_0 .net *"_s14", 0 0, L_0x2336440;  1 drivers
v0x2315120_0 .net *"_s140", 0 0, L_0x2339d00;  1 drivers
v0x2315200_0 .net *"_s143", 0 0, L_0x233a1b0;  1 drivers
v0x23152e0_0 .net *"_s145", 0 0, L_0x233a250;  1 drivers
v0x23153c0_0 .net *"_s146", 0 0, L_0x2339ba0;  1 drivers
v0x23154a0_0 .net *"_s148", 0 0, L_0x233a0e0;  1 drivers
v0x2315580_0 .net *"_s151", 0 0, L_0x2339fc0;  1 drivers
v0x2315660_0 .net *"_s153", 0 0, L_0x233a550;  1 drivers
v0x2315740_0 .net *"_s154", 0 0, L_0x233a2f0;  1 drivers
v0x2315820_0 .net *"_s157", 0 0, L_0x233a400;  1 drivers
v0x2315900_0 .net *"_s158", 0 0, L_0x233a4a0;  1 drivers
v0x23159e0_0 .net *"_s160", 0 0, L_0x233a910;  1 drivers
v0x2315ac0_0 .net *"_s162", 0 0, L_0x233a730;  1 drivers
v0x2315ba0_0 .net *"_s165", 0 0, L_0x233ab70;  1 drivers
v0x2315c80_0 .net *"_s167", 0 0, L_0x233a5f0;  1 drivers
v0x2315d60_0 .net *"_s168", 0 0, L_0x233a690;  1 drivers
v0x2315e40_0 .net *"_s17", 0 0, L_0x2336550;  1 drivers
v0x2315f20_0 .net *"_s170", 0 0, L_0x233aa20;  1 drivers
v0x2316000_0 .net *"_s172", 0 0, L_0x233af10;  1 drivers
v0x23160e0_0 .net *"_s175", 0 0, L_0x233adb0;  1 drivers
v0x23161c0_0 .net *"_s176", 0 0, L_0x233ae50;  1 drivers
v0x23162a0_0 .net *"_s179", 0 0, L_0x233ac60;  1 drivers
v0x2316380_0 .net *"_s180", 0 0, L_0x233b2f0;  1 drivers
v0x2316460_0 .net *"_s183", 0 0, L_0x233b020;  1 drivers
v0x2316540_0 .net *"_s184", 0 0, L_0x233b0c0;  1 drivers
v0x2316620_0 .net *"_s187", 0 0, L_0x233b1d0;  1 drivers
v0x2316700_0 .net *"_s189", 0 0, L_0x233b6a0;  1 drivers
v0x23167e0_0 .net *"_s19", 0 0, L_0x23365f0;  1 drivers
v0x23168c0_0 .net *"_s190", 0 0, L_0x233b270;  1 drivers
v0x23169a0_0 .net *"_s193", 0 0, L_0x233b580;  1 drivers
v0x2316a80_0 .net *"_s195", 0 0, L_0x233b3b0;  1 drivers
v0x2316b60_0 .net *"_s197", 0 0, L_0x233b450;  1 drivers
v0x2316c40_0 .net *"_s198", 0 0, L_0x233b620;  1 drivers
v0x2316d20_0 .net *"_s201", 0 0, L_0x233b7e0;  1 drivers
v0x2316e00_0 .net *"_s202", 0 0, L_0x233bbf0;  1 drivers
v0x2316ee0_0 .net *"_s204", 0 0, L_0x233b880;  1 drivers
v0x2316fc0_0 .net *"_s206", 0 0, L_0x233b990;  1 drivers
v0x23170a0_0 .net *"_s208", 0 0, L_0x233bd00;  1 drivers
v0x2317180_0 .net *"_s21", 0 0, L_0x2336690;  1 drivers
v0x2317260_0 .net *"_s210", 0 0, L_0x233be10;  1 drivers
v0x2317340_0 .net *"_s215", 0 0, L_0x233bef0;  1 drivers
v0x2317420_0 .net *"_s217", 0 0, L_0x233bf90;  1 drivers
v0x2317500_0 .net *"_s219", 0 0, L_0x233ba50;  1 drivers
v0x23175e0_0 .net *"_s22", 0 0, L_0x2336730;  1 drivers
v0x23176c0_0 .net *"_s220", 0 0, L_0x233c030;  1 drivers
v0x23177a0_0 .net *"_s223", 0 0, L_0x233bb40;  1 drivers
v0x2317880_0 .net *"_s224", 0 0, L_0x233c4c0;  1 drivers
v0x2317960_0 .net *"_s227", 0 0, L_0x233c140;  1 drivers
v0x2317a40_0 .net *"_s228", 0 0, L_0x233c1e0;  1 drivers
v0x2317b20_0 .net *"_s230", 0 0, L_0x233c7a0;  1 drivers
v0x2317c00_0 .net *"_s232", 0 0, L_0x233c5d0;  1 drivers
v0x2317ce0_0 .net *"_s235", 0 0, L_0x233c6e0;  1 drivers
v0x2317dc0_0 .net *"_s237", 0 0, L_0x233c300;  1 drivers
v0x2317ea0_0 .net *"_s238", 0 0, L_0x233c3a0;  1 drivers
v0x2317f80_0 .net *"_s240", 0 0, L_0x233c8b0;  1 drivers
v0x2318060_0 .net *"_s243", 0 0, L_0x233c9c0;  1 drivers
v0x2318140_0 .net *"_s245", 0 0, L_0x233ca60;  1 drivers
v0x2318220_0 .net *"_s246", 0 0, L_0x233cb00;  1 drivers
v0x2318300_0 .net *"_s248", 0 0, L_0x233d250;  1 drivers
v0x23183e0_0 .net *"_s25", 0 0, L_0x2336840;  1 drivers
v0x23184c0_0 .net *"_s251", 0 0, L_0x233d310;  1 drivers
v0x23185a0_0 .net *"_s252", 0 0, L_0x233d070;  1 drivers
v0x2318680_0 .net *"_s255", 0 0, L_0x233d180;  1 drivers
v0x2318760_0 .net *"_s256", 0 0, L_0x233d5a0;  1 drivers
v0x2318840_0 .net *"_s259", 0 0, L_0x233d6b0;  1 drivers
v0x2318920_0 .net *"_s26", 0 0, L_0x23369f0;  1 drivers
v0x2318a00_0 .net *"_s261", 0 0, L_0x233d3b0;  1 drivers
v0x2318ae0_0 .net *"_s262", 0 0, L_0x233d450;  1 drivers
v0x2318bc0_0 .net *"_s264", 0 0, L_0x2339130;  1 drivers
v0x2318ca0_0 .net *"_s267", 0 0, L_0x2339240;  1 drivers
v0x2318d80_0 .net *"_s268", 0 0, L_0x233d750;  1 drivers
v0x2318e60_0 .net *"_s271", 0 0, L_0x233d860;  1 drivers
v0x2311b30_0 .net *"_s272", 0 0, L_0x233d900;  1 drivers
v0x2311c10_0 .net *"_s275", 0 0, L_0x233da10;  1 drivers
v0x2311cf0_0 .net *"_s277", 0 0, L_0x233dab0;  1 drivers
v0x2311dd0_0 .net *"_s278", 0 0, L_0x233db50;  1 drivers
v0x2311eb0_0 .net *"_s28", 0 0, L_0x2336b00;  1 drivers
v0x2311f90_0 .net *"_s281", 0 0, L_0x233dc10;  1 drivers
v0x2312070_0 .net *"_s283", 0 0, L_0x233ddc0;  1 drivers
v0x2312150_0 .net *"_s285", 0 0, L_0x233de60;  1 drivers
v0x2312230_0 .net *"_s286", 0 0, L_0x233df00;  1 drivers
v0x2319f30_0 .net *"_s289", 0 0, L_0x233e010;  1 drivers
v0x231a010_0 .net *"_s290", 0 0, L_0x233e0b0;  1 drivers
v0x231a0f0_0 .net *"_s292", 0 0, L_0x233e170;  1 drivers
v0x231a1d0_0 .net *"_s294", 0 0, L_0x233e280;  1 drivers
v0x231a2b0_0 .net *"_s296", 0 0, L_0x233e390;  1 drivers
v0x231a390_0 .net *"_s298", 0 0, L_0x233e900;  1 drivers
v0x231a470_0 .net *"_s3", 0 0, L_0x2335ff0;  1 drivers
v0x231a550_0 .net *"_s30", 0 0, L_0x2336c10;  1 drivers
v0x231a630_0 .net *"_s303", 0 0, L_0x233e650;  1 drivers
v0x231a710_0 .net *"_s305", 0 0, L_0x233e6f0;  1 drivers
v0x231a7f0_0 .net *"_s306", 0 0, L_0x233e790;  1 drivers
v0x231a8d0_0 .net *"_s309", 0 0, L_0x233e410;  1 drivers
v0x231a9b0_0 .net *"_s310", 0 0, L_0x233e4b0;  1 drivers
v0x231aa90_0 .net *"_s313", 0 0, L_0x233ea10;  1 drivers
v0x231ab70_0 .net *"_s314", 0 0, L_0x233eab0;  1 drivers
v0x231ac50_0 .net *"_s316", 0 0, L_0x233ebc0;  1 drivers
v0x231ad30_0 .net *"_s319", 0 0, L_0x233f170;  1 drivers
v0x231ae10_0 .net *"_s321", 0 0, L_0x233ec80;  1 drivers
v0x231aef0_0 .net *"_s322", 0 0, L_0x233ed20;  1 drivers
v0x231afd0_0 .net *"_s324", 0 0, L_0x233ee30;  1 drivers
v0x231b0b0_0 .net *"_s327", 0 0, L_0x233eea0;  1 drivers
v0x231b190_0 .net *"_s329", 0 0, L_0x233ef40;  1 drivers
v0x231b270_0 .net *"_s33", 0 0, L_0x2336d20;  1 drivers
v0x231b350_0 .net *"_s330", 0 0, L_0x233efe0;  1 drivers
v0x231b430_0 .net *"_s332", 0 0, L_0x233f0f0;  1 drivers
v0x231b510_0 .net *"_s335", 0 0, L_0x233f2b0;  1 drivers
v0x231b5f0_0 .net *"_s336", 0 0, L_0x233f350;  1 drivers
v0x231b6d0_0 .net *"_s339", 0 0, L_0x233f770;  1 drivers
v0x231b7b0_0 .net *"_s340", 0 0, L_0x233f810;  1 drivers
v0x231b890_0 .net *"_s343", 0 0, L_0x233f920;  1 drivers
v0x231b970_0 .net *"_s345", 0 0, L_0x233fcb0;  1 drivers
v0x231ba50_0 .net *"_s346", 0 0, L_0x233fd50;  1 drivers
v0x231bb30_0 .net *"_s348", 0 0, L_0x233fe10;  1 drivers
v0x231bc10_0 .net *"_s35", 0 0, L_0x2336dc0;  1 drivers
v0x231bcf0_0 .net *"_s351", 0 0, L_0x233f9c0;  1 drivers
v0x231bdd0_0 .net *"_s353", 0 0, L_0x233fa60;  1 drivers
v0x231beb0_0 .net *"_s354", 0 0, L_0x233fb00;  1 drivers
v0x231bf90_0 .net *"_s357", 0 0, L_0x233fc10;  1 drivers
v0x231c070_0 .net *"_s358", 0 0, L_0x233f4d0;  1 drivers
v0x231c150_0 .net *"_s36", 0 0, L_0x2336e60;  1 drivers
v0x231c230_0 .net *"_s360", 0 0, L_0x233f5e0;  1 drivers
v0x231c310_0 .net *"_s362", 0 0, L_0x233f6f0;  1 drivers
v0x231c3f0_0 .net *"_s365", 0 0, L_0x233ffc0;  1 drivers
v0x231c4d0_0 .net *"_s367", 0 0, L_0x2340060;  1 drivers
v0x231c5b0_0 .net *"_s368", 0 0, L_0x2340100;  1 drivers
v0x231c690_0 .net *"_s370", 0 0, L_0x23401c0;  1 drivers
v0x231c770_0 .net *"_s372", 0 0, L_0x23402d0;  1 drivers
v0x231c850_0 .net *"_s375", 0 0, L_0x23403e0;  1 drivers
v0x231c930_0 .net *"_s376", 0 0, L_0x2340480;  1 drivers
v0x231ca10_0 .net *"_s379", 0 0, L_0x2340590;  1 drivers
v0x231caf0_0 .net *"_s38", 0 0, L_0x2336f70;  1 drivers
v0x231cbd0_0 .net *"_s380", 0 0, L_0x2340630;  1 drivers
v0x231ccb0_0 .net *"_s385", 0 0, L_0x2340740;  1 drivers
v0x231cd90_0 .net *"_s387", 0 0, L_0x23407e0;  1 drivers
v0x231ce70_0 .net *"_s388", 0 0, L_0x2340880;  1 drivers
v0x231cf50_0 .net *"_s391", 0 0, L_0x2340990;  1 drivers
v0x231d030_0 .net *"_s392", 0 0, L_0x2340a30;  1 drivers
v0x231d110_0 .net *"_s395", 0 0, L_0x2340b40;  1 drivers
v0x231d1f0_0 .net *"_s396", 0 0, L_0x2338ff0;  1 drivers
v0x231d2d0_0 .net *"_s399", 0 0, L_0x2340f10;  1 drivers
v0x231d3b0_0 .net *"_s400", 0 0, L_0x2340fb0;  1 drivers
v0x231d490_0 .net *"_s403", 0 0, L_0x23410c0;  1 drivers
v0x231d570_0 .net *"_s404", 0 0, L_0x2341160;  1 drivers
v0x231d650_0 .net *"_s407", 0 0, L_0x2341270;  1 drivers
v0x231d730_0 .net *"_s408", 0 0, L_0x2341310;  1 drivers
v0x231d810_0 .net *"_s41", 0 0, L_0x2337080;  1 drivers
v0x231d8f0_0 .net *"_s411", 0 0, L_0x2338d90;  1 drivers
v0x231d9d0_0 .net *"_s412", 0 0, L_0x2338e30;  1 drivers
v0x231dab0_0 .net *"_s415", 0 0, L_0x2338f40;  1 drivers
v0x231db90_0 .net *"_s416", 0 0, L_0x2341ba0;  1 drivers
v0x231dc70_0 .net *"_s419", 0 0, L_0x2341cb0;  1 drivers
v0x231dd50_0 .net *"_s420", 0 0, L_0x2341d50;  1 drivers
v0x231de30_0 .net *"_s425", 0 0, L_0x2342210;  1 drivers
v0x231df10_0 .net *"_s427", 0 0, L_0x23422b0;  1 drivers
v0x231dff0_0 .net *"_s428", 0 0, L_0x2340be0;  1 drivers
v0x231e0d0_0 .net *"_s43", 0 0, L_0x2337120;  1 drivers
v0x231e1b0_0 .net *"_s431", 0 0, L_0x2340ca0;  1 drivers
v0x231e290_0 .net *"_s432", 0 0, L_0x2340d40;  1 drivers
v0x231e370_0 .net *"_s435", 0 0, L_0x2340e50;  1 drivers
v0x231e450_0 .net *"_s437", 0 0, L_0x2342350;  1 drivers
v0x231e530_0 .net *"_s438", 0 0, L_0x23423f0;  1 drivers
v0x231e610_0 .net *"_s44", 0 0, L_0x2337230;  1 drivers
v0x231e6f0_0 .net *"_s440", 0 0, L_0x2342500;  1 drivers
v0x231e7d0_0 .net *"_s443", 0 0, L_0x2342a10;  1 drivers
v0x231e8b0_0 .net *"_s445", 0 0, L_0x2342ab0;  1 drivers
v0x231e990_0 .net *"_s446", 0 0, L_0x2342610;  1 drivers
v0x231ea70_0 .net *"_s448", 0 0, L_0x2342bf0;  1 drivers
v0x231eb50_0 .net *"_s451", 0 0, L_0x2342690;  1 drivers
v0x231ec30_0 .net/2u *"_s452", 31 0, L_0x7f2706a25018;  1 drivers
v0x231ed10_0 .net *"_s455", 0 0, L_0x2342730;  1 drivers
v0x231edf0_0 .net *"_s456", 31 0, L_0x23427d0;  1 drivers
L_0x7f2706a25060 .functor BUFT 1, C4<0000000000000000000000000000000>, C4<0>, C4<0>, C4<0>;
v0x231eed0_0 .net *"_s459", 30 0, L_0x7f2706a25060;  1 drivers
v0x231efb0_0 .net *"_s460", 31 0, L_0x2342910;  1 drivers
v0x231f090_0 .net *"_s463", 0 0, L_0x2341f00;  1 drivers
v0x231f170_0 .net *"_s464", 31 0, L_0x2341fa0;  1 drivers
L_0x7f2706a250a8 .functor BUFT 1, C4<0000000000000000000000000000000>, C4<0>, C4<0>, C4<0>;
v0x231f250_0 .net *"_s467", 30 0, L_0x7f2706a250a8;  1 drivers
v0x231f330_0 .net *"_s468", 31 0, L_0x23420e0;  1 drivers
v0x231f410_0 .net *"_s47", 0 0, L_0x2337340;  1 drivers
v0x231f4f0_0 .net *"_s471", 0 0, L_0x23430a0;  1 drivers
v0x231f5d0_0 .net *"_s472", 0 0, L_0x2343190;  1 drivers
v0x231f6b0_0 .net *"_s474", 0 0, L_0x2343250;  1 drivers
v0x231f790_0 .net *"_s476", 0 0, L_0x2343360;  1 drivers
v0x231f870_0 .net *"_s479", 0 0, L_0x2342da0;  1 drivers
v0x231f950_0 .net *"_s48", 0 0, L_0x23373e0;  1 drivers
v0x231fa30_0 .net *"_s480", 0 0, L_0x2342e40;  1 drivers
v0x231fb10_0 .net *"_s483", 0 0, L_0x2342f50;  1 drivers
v0x231fbf0_0 .net *"_s484", 0 0, L_0x2342ff0;  1 drivers
v0x231fcd0_0 .net *"_s487", 0 0, L_0x23534b0;  1 drivers
v0x231fdb0_0 .net *"_s488", 0 0, L_0x2353900;  1 drivers
v0x231fe90_0 .net *"_s491", 0 0, L_0x2353a10;  1 drivers
v0x231ff70_0 .net *"_s492", 0 0, L_0x2353ab0;  1 drivers
v0x2320050_0 .net *"_s495", 0 0, L_0x2353bc0;  1 drivers
v0x2320130_0 .net *"_s497", 0 0, L_0x2353c60;  1 drivers
v0x2320210_0 .net *"_s498", 0 0, L_0x2353d00;  1 drivers
v0x23202f0_0 .net *"_s5", 0 0, L_0x2336090;  1 drivers
v0x23203d0_0 .net *"_s50", 0 0, L_0x23374a0;  1 drivers
v0x23204b0_0 .net *"_s500", 0 0, L_0x2353dc0;  1 drivers
v0x2320590_0 .net *"_s502", 0 0, L_0x2353ed0;  1 drivers
v0x2320670_0 .net *"_s507", 0 0, L_0x2353fe0;  1 drivers
v0x2320750_0 .net *"_s509", 0 0, L_0x2354080;  1 drivers
v0x2320830_0 .net *"_s510", 0 0, L_0x2354120;  1 drivers
v0x2320910_0 .net *"_s513", 0 0, L_0x23541e0;  1 drivers
v0x23209f0_0 .net *"_s514", 0 0, L_0x2354280;  1 drivers
v0x2320ad0_0 .net *"_s517", 0 0, L_0x2354390;  1 drivers
v0x2320bb0_0 .net *"_s518", 0 0, L_0x2354430;  1 drivers
v0x2320c90_0 .net *"_s52", 0 0, L_0x2337620;  1 drivers
v0x2320d70_0 .net *"_s520", 0 0, L_0x2354540;  1 drivers
v0x2320e50_0 .net *"_s523", 0 0, L_0x2354650;  1 drivers
v0x2320f30_0 .net *"_s525", 0 0, L_0x23546f0;  1 drivers
v0x2321010_0 .net *"_s526", 0 0, L_0x2354790;  1 drivers
v0x23210f0_0 .net *"_s528", 0 0, L_0x23548a0;  1 drivers
v0x23211d0_0 .net *"_s531", 0 0, L_0x2353550;  1 drivers
v0x23212b0_0 .net *"_s533", 0 0, L_0x23535f0;  1 drivers
v0x2321390_0 .net *"_s534", 0 0, L_0x2353690;  1 drivers
v0x2321470_0 .net *"_s536", 0 0, L_0x23537a0;  1 drivers
v0x2321550_0 .net *"_s539", 0 0, L_0x2354de0;  1 drivers
v0x2321630_0 .net *"_s541", 0 0, L_0x2354e80;  1 drivers
v0x2321710_0 .net *"_s542", 0 0, L_0x2354f20;  1 drivers
v0x23217f0_0 .net *"_s544", 0 0, L_0x2354fe0;  1 drivers
v0x23218d0_0 .net *"_s547", 0 0, L_0x23550f0;  1 drivers
v0x23219b0_0 .net *"_s548", 0 0, L_0x2355190;  1 drivers
v0x2321a90_0 .net *"_s55", 0 0, L_0x2337730;  1 drivers
v0x2321b70_0 .net *"_s551", 0 0, L_0x23552a0;  1 drivers
v0x2321c50_0 .net *"_s552", 0 0, L_0x2355340;  1 drivers
v0x2321d30_0 .net *"_s557", 0 0, L_0x2355450;  1 drivers
v0x2321e10_0 .net *"_s559", 0 0, L_0x23554f0;  1 drivers
v0x2321ef0_0 .net *"_s56", 0 0, L_0x23371c0;  1 drivers
v0x2321fd0_0 .net *"_s560", 0 0, L_0x2355590;  1 drivers
v0x23220b0_0 .net *"_s563", 0 0, L_0x2355ac0;  1 drivers
v0x2322190_0 .net *"_s564", 0 0, L_0x23549b0;  1 drivers
v0x2322270_0 .net *"_s567", 0 0, L_0x2354ac0;  1 drivers
v0x2322350_0 .net *"_s569", 0 0, L_0x2354b60;  1 drivers
v0x2322430_0 .net *"_s570", 0 0, L_0x2354c00;  1 drivers
v0x2322510_0 .net *"_s572", 0 0, L_0x2354d10;  1 drivers
v0x23225f0_0 .net *"_s574", 0 0, L_0x233ccb0;  1 drivers
v0x23226d0_0 .net *"_s577", 0 0, L_0x233cdc0;  1 drivers
v0x23227b0_0 .net *"_s578", 0 0, L_0x233ce60;  1 drivers
v0x2322890_0 .net *"_s581", 0 0, L_0x233cf70;  1 drivers
v0x2322970_0 .net *"_s583", 0 0, L_0x2355b60;  1 drivers
v0x2322a50_0 .net *"_s584", 0 0, L_0x2355c00;  1 drivers
v0x2322b30_0 .net *"_s586", 0 0, L_0x2355d10;  1 drivers
v0x2322c10_0 .net *"_s589", 0 0, L_0x2355e20;  1 drivers
v0x2322cf0_0 .net *"_s59", 0 0, L_0x2337970;  1 drivers
v0x2322dd0_0 .net *"_s591", 0 0, L_0x2355ec0;  1 drivers
v0x2322eb0_0 .net *"_s592", 0 0, L_0x2355f60;  1 drivers
v0x2322f90_0 .net *"_s594", 0 0, L_0x2356070;  1 drivers
v0x2323070_0 .net *"_s597", 0 0, L_0x2356180;  1 drivers
v0x2323150_0 .net *"_s599", 0 0, L_0x2356220;  1 drivers
v0x2323230_0 .net *"_s60", 0 0, L_0x23375b0;  1 drivers
v0x2323310_0 .net *"_s601", 0 0, L_0x23562c0;  1 drivers
v0x23233f0_0 .net *"_s602", 0 0, L_0x2356360;  1 drivers
v0x23234d0_0 .net *"_s605", 0 0, L_0x23556a0;  1 drivers
v0x23235b0_0 .net *"_s606", 0 0, L_0x2355740;  1 drivers
v0x2323690_0 .net *"_s608", 0 0, L_0x2355850;  1 drivers
v0x2323770_0 .net *"_s610", 0 0, L_0x2355960;  1 drivers
v0x2323850_0 .net *"_s613", 0 0, L_0x2356c10;  1 drivers
v0x2323930_0 .net *"_s614", 0 0, L_0x2356cb0;  1 drivers
v0x2323a10_0 .net *"_s617", 0 0, L_0x2356d70;  1 drivers
v0x2323af0_0 .net *"_s618", 0 0, L_0x2356e10;  1 drivers
v0x2323bd0_0 .net *"_s621", 0 0, L_0x23573f0;  1 drivers
v0x2323cb0_0 .net *"_s622", 0 0, L_0x2357490;  1 drivers
v0x2323d90_0 .net *"_s625", 0 0, L_0x23575a0;  1 drivers
v0x2323e70_0 .net *"_s626", 0 0, L_0x2357640;  1 drivers
v0x2323f50_0 .net *"_s63", 0 0, L_0x2337ab0;  1 drivers
v0x2324030_0 .net *"_s631", 0 0, L_0x2357750;  1 drivers
v0x2324110_0 .net *"_s633", 0 0, L_0x23577f0;  1 drivers
v0x23241f0_0 .net *"_s634", 0 0, L_0x2357890;  1 drivers
v0x23242d0_0 .net *"_s637", 0 0, L_0x23579a0;  1 drivers
v0x23243b0_0 .net *"_s638", 0 0, L_0x2357a40;  1 drivers
v0x2324490_0 .net *"_s64", 0 0, L_0x2337be0;  1 drivers
v0x2324570_0 .net *"_s641", 0 0, L_0x2357b50;  1 drivers
v0x2324650_0 .net *"_s642", 0 0, L_0x2357bf0;  1 drivers
v0x2324730_0 .net *"_s645", 0 0, L_0x2357d00;  1 drivers
v0x2324810_0 .net *"_s646", 0 0, L_0x2357da0;  1 drivers
v0x23248f0_0 .net *"_s648", 0 0, L_0x2356f20;  1 drivers
v0x23249d0_0 .net *"_s653", 0 0, L_0x2356fe0;  1 drivers
v0x2324ab0_0 .net *"_s655", 0 0, L_0x2357080;  1 drivers
v0x2324b90_0 .net *"_s656", 0 0, L_0x2357120;  1 drivers
v0x2324c70_0 .net *"_s659", 0 0, L_0x2357230;  1 drivers
v0x2324d50_0 .net *"_s661", 0 0, L_0x23572d0;  1 drivers
v0x2324e30_0 .net *"_s662", 0 0, L_0x2357370;  1 drivers
v0x2324f10_0 .net *"_s664", 0 0, L_0x2358450;  1 drivers
v0x2324ff0_0 .net *"_s667", 0 0, L_0x2358560;  1 drivers
v0x23250d0_0 .net *"_s668", 0 0, L_0x2358600;  1 drivers
v0x23251b0_0 .net *"_s67", 0 0, L_0x2337d80;  1 drivers
v0x2325290_0 .net *"_s671", 0 0, L_0x2358710;  1 drivers
v0x2325370_0 .net *"_s673", 0 0, L_0x23587b0;  1 drivers
v0x2325450_0 .net *"_s674", 0 0, L_0x2357eb0;  1 drivers
v0x2325530_0 .net *"_s676", 0 0, L_0x2357fc0;  1 drivers
v0x2325610_0 .net *"_s679", 0 0, L_0x23580d0;  1 drivers
v0x23256f0_0 .net *"_s68", 0 0, L_0x2337e20;  1 drivers
v0x23257d0_0 .net *"_s680", 0 0, L_0x2358170;  1 drivers
v0x23258b0_0 .net *"_s683", 0 0, L_0x2358280;  1 drivers
v0x2325990_0 .net *"_s684", 0 0, L_0x2358320;  1 drivers
v0x2325a70_0 .net *"_s687", 0 0, L_0x2358e10;  1 drivers
v0x2325b50_0 .net *"_s689", 0 0, L_0x2358eb0;  1 drivers
v0x2325c30_0 .net *"_s690", 0 0, L_0x2358f50;  1 drivers
v0x2325d10_0 .net *"_s692", 0 0, L_0x2359060;  1 drivers
v0x2325df0_0 .net *"_s695", 0 0, L_0x2359170;  1 drivers
v0x2325ed0_0 .net *"_s696", 0 0, L_0x2358850;  1 drivers
v0x2325fb0_0 .net *"_s699", 0 0, L_0x2358960;  1 drivers
v0x2326090_0 .net *"_s7", 0 0, L_0x2336130;  1 drivers
v0x2326170_0 .net *"_s700", 0 0, L_0x2358a00;  1 drivers
v0x2326250_0 .net *"_s705", 0 0, L_0x2358b10;  1 drivers
v0x2326330_0 .net *"_s707", 0 0, L_0x2358bb0;  1 drivers
v0x2326410_0 .net *"_s709", 0 0, L_0x2358c50;  1 drivers
v0x23264f0_0 .net *"_s71", 0 0, L_0x2337f30;  1 drivers
v0x23265d0_0 .net *"_s710", 0 0, L_0x2358cf0;  1 drivers
v0x23266b0_0 .net *"_s712", 0 0, L_0x2359810;  1 drivers
v0x2326790_0 .net *"_s715", 0 0, L_0x2359920;  1 drivers
v0x2326870_0 .net *"_s717", 0 0, L_0x23599c0;  1 drivers
v0x2326950_0 .net *"_s718", 0 0, L_0x2359a60;  1 drivers
v0x2326a30_0 .net *"_s720", 0 0, L_0x2359b70;  1 drivers
v0x2326b10_0 .net *"_s723", 0 0, L_0x2359c80;  1 drivers
v0x2326bf0_0 .net *"_s725", 0 0, L_0x2359d20;  1 drivers
v0x2326cd0_0 .net *"_s726", 0 0, L_0x2359dc0;  1 drivers
v0x2326db0_0 .net *"_s728", 0 0, L_0x2359210;  1 drivers
v0x2326e90_0 .net *"_s73", 0 0, L_0x2338070;  1 drivers
v0x2326f70_0 .net *"_s731", 0 0, L_0x2359320;  1 drivers
v0x2327050_0 .net *"_s732", 0 0, L_0x23593c0;  1 drivers
v0x2327130_0 .net *"_s735", 0 0, L_0x23594d0;  1 drivers
v0x2327210_0 .net *"_s736", 0 0, L_0x2359570;  1 drivers
v0x23272f0_0 .net *"_s74", 0 0, L_0x2337b50;  1 drivers
v0x23273d0_0 .net *"_s741", 0 0, L_0x2359680;  1 drivers
v0x23274b0_0 .net *"_s743", 0 0, L_0x235a470;  1 drivers
v0x2327590_0 .net *"_s744", 0 0, L_0x235a510;  1 drivers
v0x2327670_0 .net *"_s747", 0 0, L_0x235ab80;  1 drivers
v0x2318f40_0 .net *"_s749", 0 0, L_0x235ac20;  1 drivers
v0x2319020_0 .net *"_s750", 0 0, L_0x235acc0;  1 drivers
v0x2319100_0 .net *"_s752", 0 0, L_0x2359f20;  1 drivers
v0x23191e0_0 .net *"_s755", 0 0, L_0x235a030;  1 drivers
v0x23192c0_0 .net *"_s756", 0 0, L_0x235a0d0;  1 drivers
v0x23193a0_0 .net *"_s759", 0 0, L_0x235a1e0;  1 drivers
v0x2319480_0 .net *"_s761", 0 0, L_0x235a280;  1 drivers
v0x2319560_0 .net *"_s762", 0 0, L_0x235a320;  1 drivers
v0x2319640_0 .net *"_s764", 0 0, L_0x235a5d0;  1 drivers
v0x2319720_0 .net *"_s767", 0 0, L_0x235a6e0;  1 drivers
v0x2319800_0 .net *"_s768", 0 0, L_0x235a780;  1 drivers
v0x23198e0_0 .net *"_s77", 0 0, L_0x2338200;  1 drivers
v0x23199c0_0 .net *"_s771", 0 0, L_0x235a890;  1 drivers
v0x2319aa0_0 .net *"_s772", 0 0, L_0x235a930;  1 drivers
v0x2319b80_0 .net *"_s775", 0 0, L_0x235aa40;  1 drivers
v0x2319c60_0 .net *"_s777", 0 0, L_0x235aae0;  1 drivers
v0x2319d40_0 .net *"_s778", 0 0, L_0x235b360;  1 drivers
v0x2319e20_0 .net *"_s780", 0 0, L_0x235b470;  1 drivers
v0x2329720_0 .net *"_s783", 0 0, L_0x235b580;  1 drivers
v0x2329800_0 .net *"_s784", 0 0, L_0x235bc10;  1 drivers
v0x23298e0_0 .net *"_s789", 0 0, L_0x235bcd0;  1 drivers
v0x23299c0_0 .net *"_s79", 0 0, L_0x2337fd0;  1 drivers
v0x2329aa0_0 .net *"_s791", 0 0, L_0x235bd70;  1 drivers
v0x2329b80_0 .net *"_s793", 0 0, L_0x235be10;  1 drivers
v0x2329c60_0 .net *"_s794", 0 0, L_0x235ad80;  1 drivers
v0x2329d40_0 .net *"_s796", 0 0, L_0x235ae90;  1 drivers
v0x2329e20_0 .net *"_s798", 0 0, L_0x235afa0;  1 drivers
v0x2329f00_0 .net *"_s8", 0 0, L_0x23361d0;  1 drivers
v0x2329fe0_0 .net *"_s803", 0 0, L_0x235b060;  1 drivers
v0x232a0c0_0 .net *"_s805", 0 0, L_0x23419a0;  1 drivers
v0x232a1a0_0 .net *"_s807", 0 0, L_0x2341a40;  1 drivers
v0x232a280_0 .net *"_s808", 0 0, L_0x2341ae0;  1 drivers
v0x232a360_0 .net *"_s81", 0 0, L_0x2338350;  1 drivers
v0x232a440_0 .net *"_s810", 0 0, L_0x235b100;  1 drivers
v0x232a520_0 .net *"_s812", 0 0, L_0x235b210;  1 drivers
v0x232a600_0 .net *"_s817", 0 0, L_0x235b620;  1 drivers
v0x232a6e0_0 .net *"_s819", 0 0, L_0x235b6c0;  1 drivers
v0x232a7c0_0 .net *"_s82", 0 0, L_0x23382a0;  1 drivers
v0x232a8a0_0 .net *"_s820", 0 0, L_0x235b760;  1 drivers
v0x232a980_0 .net *"_s822", 0 0, L_0x235b820;  1 drivers
v0x232aa60_0 .net *"_s825", 0 0, L_0x235b930;  1 drivers
v0x232ab40_0 .net *"_s826", 0 0, L_0x235b9d0;  1 drivers
v0x232ac20_0 .net *"_s829", 0 0, L_0x235bae0;  1 drivers
v0x232ad00_0 .net *"_s831", 0 0, L_0x2341390;  1 drivers
v0x232ade0_0 .net *"_s832", 0 0, L_0x2341430;  1 drivers
v0x232aec0_0 .net *"_s835", 0 0, L_0x23414f0;  1 drivers
v0x232afa0_0 .net *"_s836", 0 0, L_0x235bb80;  1 drivers
v0x232b080_0 .net *"_s838", 0 0, L_0x23415e0;  1 drivers
v0x232b160_0 .net *"_s841", 0 0, L_0x23416f0;  1 drivers
v0x232b240_0 .net *"_s842", 0 0, L_0x2341790;  1 drivers
v0x232b320_0 .net *"_s844", 0 0, L_0x2341850;  1 drivers
v0x232b400_0 .net *"_s847", 0 0, L_0x235c500;  1 drivers
v0x232b4e0_0 .net *"_s848", 0 0, L_0x235cc00;  1 drivers
v0x232b5c0_0 .net *"_s85", 0 0, L_0x2338500;  1 drivers
v0x232b6a0_0 .net *"_s851", 0 0, L_0x235ccc0;  1 drivers
v0x232b780_0 .net *"_s852", 0 0, L_0x235cd60;  1 drivers
v0x232b860_0 .net *"_s854", 0 0, L_0x235ce20;  1 drivers
v0x232b940_0 .net *"_s857", 0 0, L_0x235cf30;  1 drivers
v0x232ba20_0 .net *"_s858", 0 0, L_0x235cfd0;  1 drivers
v0x232bb00_0 .net *"_s86", 0 0, L_0x23385a0;  1 drivers
v0x232bbe0_0 .net *"_s860", 0 0, L_0x235bf00;  1 drivers
v0x232bcc0_0 .net *"_s863", 0 0, L_0x235c010;  1 drivers
v0x232bda0_0 .net *"_s864", 0 0, L_0x235c0b0;  1 drivers
v0x232be80_0 .net *"_s867", 0 0, L_0x235c170;  1 drivers
v0x232bf60_0 .net *"_s868", 0 0, L_0x235c210;  1 drivers
v0x232c040_0 .net *"_s870", 0 0, L_0x235c2d0;  1 drivers
v0x232c120_0 .net *"_s873", 0 0, L_0x235c3e0;  1 drivers
v0x232c200_0 .net *"_s874", 0 0, L_0x235c480;  1 drivers
v0x232c2e0_0 .net *"_s877", 0 0, L_0x235c640;  1 drivers
v0x232c3c0_0 .net *"_s878", 0 0, L_0x235c6e0;  1 drivers
v0x232c4a0_0 .net *"_s88", 0 0, L_0x2338160;  1 drivers
v0x232c580_0 .net *"_s880", 0 0, L_0x235c7a0;  1 drivers
v0x232c660_0 .net *"_s882", 0 0, L_0x235c8b0;  1 drivers
v0x232c740_0 .net *"_s885", 0 0, L_0x235c9c0;  1 drivers
v0x232c820_0 .net *"_s887", 0 0, L_0x235ca60;  1 drivers
v0x232c900_0 .net *"_s888", 0 0, L_0x235cb00;  1 drivers
v0x232c9e0_0 .net *"_s890", 0 0, L_0x235e770;  1 drivers
v0x232cac0_0 .net *"_s893", 0 0, L_0x235e880;  1 drivers
v0x232cba0_0 .net *"_s894", 0 0, L_0x235e920;  1 drivers
v0x232cc80_0 .net *"_s897", 0 0, L_0x235ea30;  1 drivers
v0x232cd60_0 .net *"_s898", 0 0, L_0x235ead0;  1 drivers
v0x232ce40_0 .net *"_s90", 0 0, L_0x2338800;  1 drivers
v0x232cf20_0 .net *"_s900", 0 0, L_0x235ebe0;  1 drivers
v0x232d000_0 .net *"_s903", 0 0, L_0x235ecf0;  1 drivers
v0x232d0e0_0 .net *"_s904", 0 0, L_0x235ed90;  1 drivers
v0x232d1c0_0 .net *"_s907", 0 0, L_0x235ee50;  1 drivers
v0x232d2a0_0 .net *"_s909", 0 0, L_0x235eef0;  1 drivers
v0x232d380_0 .net *"_s910", 0 0, L_0x235ef90;  1 drivers
v0x232d460_0 .net *"_s912", 0 0, L_0x235f0a0;  1 drivers
v0x232d540_0 .net *"_s914", 0 0, L_0x235e0d0;  1 drivers
v0x232d620_0 .net *"_s917", 0 0, L_0x235e1e0;  1 drivers
v0x232d700_0 .net *"_s918", 0 0, L_0x235e280;  1 drivers
v0x232d7e0_0 .net *"_s92", 0 0, L_0x23386b0;  1 drivers
v0x232d8c0_0 .net *"_s921", 0 0, L_0x235e390;  1 drivers
v0x232d9a0_0 .net *"_s922", 0 0, L_0x235e430;  1 drivers
v0x232da80_0 .net *"_s924", 0 0, L_0x235e4f0;  1 drivers
v0x232db60_0 .net *"_s927", 0 0, L_0x235e600;  1 drivers
v0x232dc40_0 .net *"_s928", 0 0, L_0x235e6a0;  1 drivers
v0x232dd20_0 .net *"_s930", 0 0, L_0x235f890;  1 drivers
v0x232de00_0 .net *"_s932", 0 0, L_0x23600e0;  1 drivers
v0x232dee0_0 .net *"_s935", 0 0, L_0x235f160;  1 drivers
v0x232dfc0_0 .net *"_s936", 0 0, L_0x235f200;  1 drivers
v0x232e0a0_0 .net *"_s939", 0 0, L_0x235f310;  1 drivers
v0x232e180_0 .net *"_s94", 0 0, L_0x2338a70;  1 drivers
v0x232e260_0 .net *"_s941", 0 0, L_0x233dcb0;  1 drivers
v0x232e340_0 .net *"_s942", 0 0, L_0x233dd50;  1 drivers
v0x232e420_0 .net *"_s945", 0 0, L_0x235f610;  1 drivers
v0x232e500_0 .net *"_s946", 0 0, L_0x235f6b0;  1 drivers
v0x232e5e0_0 .net *"_s949", 0 0, L_0x235f7c0;  1 drivers
v0x232e6c0_0 .net *"_s950", 0 0, L_0x235f9a0;  1 drivers
v0x232e7a0_0 .net *"_s952", 0 0, L_0x235fa60;  1 drivers
v0x232e880_0 .net *"_s955", 0 0, L_0x235fb70;  1 drivers
v0x232e960_0 .net *"_s956", 0 0, L_0x235fc10;  1 drivers
v0x232ea40_0 .net *"_s958", 0 0, L_0x235fd20;  1 drivers
v0x232eb20_0 .net *"_s961", 0 0, L_0x235fe30;  1 drivers
v0x232ec00_0 .net *"_s963", 0 0, L_0x235fed0;  1 drivers
v0x232ece0_0 .net *"_s964", 0 0, L_0x235ff70;  1 drivers
v0x232edc0_0 .net *"_s966", 0 0, L_0x23601f0;  1 drivers
v0x232eea0_0 .net *"_s969", 0 0, L_0x23602b0;  1 drivers
v0x232ef80_0 .net *"_s970", 0 0, L_0x2360350;  1 drivers
v0x232f060_0 .net *"_s973", 0 0, L_0x2360460;  1 drivers
v0x232f140_0 .net *"_s974", 0 0, L_0x2360c30;  1 drivers
v0x232f220_0 .net *"_s977", 0 0, L_0x2360d40;  1 drivers
v0x232f300_0 .net *"_s978", 0 0, L_0x2360de0;  1 drivers
v0x232f3e0_0 .net *"_s980", 0 0, L_0x2360ea0;  1 drivers
v0x232f4c0_0 .net *"_s982", 0 0, L_0x2360fb0;  1 drivers
v0x232f5a0_0 .net *"_s985", 0 0, L_0x23610c0;  1 drivers
v0x232f680_0 .net *"_s987", 0 0, L_0x2361160;  1 drivers
v0x232f760_0 .net *"_s988", 0 0, L_0x2361200;  1 drivers
v0x232f840_0 .net *"_s99", 0 0, L_0x2338910;  1 drivers
v0x232f920_0 .net *"_s991", 0 0, L_0x2361310;  1 drivers
v0x232fa00_0 .net *"_s992", 0 0, L_0x2360500;  1 drivers
v0x232fae0_0 .net *"_s995", 0 0, L_0x2360610;  1 drivers
v0x232fbc0_0 .net *"_s996", 0 0, L_0x23606b0;  1 drivers
v0x232fca0_0 .net *"_s999", 0 0, L_0x23607c0;  1 drivers
v0x232fd80_0 .net "ctrlword", 19 0, L_0x23671c0;  alias, 1 drivers
v0x232fe60_0 .net "ir", 15 0, v0x2331320_0;  alias, 1 drivers
v0x232ff40_0 .net "rw_mem", 0 0, L_0x236a3d0;  alias, 1 drivers
v0x2330000_0 .net "state", 12 0, v0x2330850_0;  alias, 1 drivers
v0x23300f0_0 .net "status", 4 0, v0x2331640_0;  alias, 1 drivers
L_0x2335ff0 .part v0x2330850_0, 0, 1;
L_0x2336090 .part v0x2330850_0, 2, 1;
L_0x2336130 .part v0x2331320_0, 4, 1;
L_0x23363a0 .part v0x2330850_0, 5, 1;
L_0x2336550 .part v0x2330850_0, 6, 1;
L_0x23365f0 .part v0x2331320_0, 10, 1;
L_0x2336690 .part v0x2331320_0, 9, 1;
L_0x2336840 .part v0x2331320_0, 8, 1;
L_0x2336d20 .part v0x2330850_0, 7, 1;
L_0x2336dc0 .part v0x2331320_0, 7, 1;
L_0x2337080 .part v0x2331320_0, 10, 1;
L_0x2337120 .part v0x2331320_0, 9, 1;
L_0x2337340 .part v0x2331320_0, 8, 1;
L_0x2337730 .part v0x2330850_0, 8, 1;
L_0x2337970 .part v0x2330850_0, 9, 1;
L_0x2337ab0 .part v0x2330850_0, 10, 1;
L_0x2337d80 .part v0x2330850_0, 11, 1;
L_0x2337f30 .part v0x2330850_0, 12, 1;
L_0x2338070 .part v0x2331640_0, 4, 1;
L_0x2338200 .part v0x2331640_0, 4, 1;
L_0x2337fd0 .part v0x2331320_0, 10, 1;
L_0x2338350 .part v0x2331320_0, 9, 1;
L_0x2338500 .part v0x2331320_0, 8, 1;
L_0x2338910 .part v0x2330850_0, 0, 1;
L_0x23383f0 .part v0x2330850_0, 2, 1;
L_0x2335600 .part v0x2331320_0, 4, 1;
L_0x2338c50 .part v0x2331320_0, 2, 1;
L_0x2338b80 .part v0x2331320_0, 4, 1;
L_0x23395e0 .part v0x2330850_0, 3, 1;
L_0x2339680 .part v0x2331320_0, 7, 1;
L_0x23399c0 .part v0x2330850_0, 4, 1;
L_0x2339a60 .part v0x2331320_0, 7, 1;
L_0x2339dc0 .part v0x2330850_0, 5, 1;
L_0x2339c60 .part v0x2330850_0, 6, 1;
L_0x233a1b0 .part v0x2330850_0, 7, 1;
L_0x233a250 .part v0x2331320_0, 7, 1;
L_0x2339fc0 .part v0x2331320_0, 10, 1;
L_0x233a550 .part v0x2331320_0, 9, 1;
L_0x233a400 .part v0x2331320_0, 8, 1;
L_0x233ab70 .part v0x2330850_0, 8, 1;
L_0x233a5f0 .part v0x2331320_0, 11, 1;
L_0x233adb0 .part v0x2330850_0, 9, 1;
L_0x233ac60 .part v0x2330850_0, 10, 1;
L_0x233b020 .part v0x2330850_0, 11, 1;
L_0x233b1d0 .part v0x2330850_0, 12, 1;
L_0x233b6a0 .part v0x2331640_0, 4, 1;
L_0x233b580 .part v0x2331640_0, 4, 1;
L_0x233b3b0 .part v0x2331320_0, 10, 1;
L_0x233b450 .part v0x2331320_0, 9, 1;
L_0x233b7e0 .part v0x2331320_0, 8, 1;
L_0x233bef0 .part v0x2330850_0, 0, 1;
L_0x233bf90 .part v0x2330850_0, 2, 1;
L_0x233ba50 .part v0x2331320_0, 4, 1;
L_0x233bb40 .part v0x2331320_0, 1, 1;
L_0x233c140 .part v0x2331320_0, 4, 1;
L_0x233c6e0 .part v0x2330850_0, 3, 1;
L_0x233c300 .part v0x2331320_0, 6, 1;
L_0x233c9c0 .part v0x2330850_0, 4, 1;
L_0x233ca60 .part v0x2331320_0, 6, 1;
L_0x233d310 .part v0x2330850_0, 6, 1;
L_0x233d180 .part v0x2330850_0, 8, 1;
L_0x233d6b0 .part v0x2330850_0, 9, 1;
L_0x233d3b0 .part v0x2331320_0, 11, 1;
L_0x2339240 .part v0x2330850_0, 10, 1;
L_0x233d860 .part v0x2330850_0, 11, 1;
L_0x233da10 .part v0x2330850_0, 12, 1;
L_0x233dab0 .part v0x2331640_0, 4, 1;
L_0x233dc10 .part v0x2331640_0, 4, 1;
L_0x233ddc0 .part v0x2331320_0, 10, 1;
L_0x233de60 .part v0x2331320_0, 9, 1;
L_0x233e010 .part v0x2331320_0, 8, 1;
L_0x233e650 .part v0x2330850_0, 2, 1;
L_0x233e6f0 .part v0x2331320_0, 4, 1;
L_0x233e410 .part v0x2331320_0, 0, 1;
L_0x233ea10 .part v0x2331320_0, 4, 1;
L_0x233f170 .part v0x2330850_0, 3, 1;
L_0x233ec80 .part v0x2331320_0, 5, 1;
L_0x233eea0 .part v0x2330850_0, 4, 1;
L_0x233ef40 .part v0x2331320_0, 5, 1;
L_0x233f2b0 .part v0x2330850_0, 5, 1;
L_0x233f770 .part v0x2330850_0, 6, 1;
L_0x233f920 .part v0x2330850_0, 7, 1;
L_0x233fcb0 .part v0x2331320_0, 7, 1;
L_0x233f9c0 .part v0x2331320_0, 10, 1;
L_0x233fa60 .part v0x2331320_0, 9, 1;
L_0x233fc10 .part v0x2331320_0, 8, 1;
L_0x233ffc0 .part v0x2330850_0, 8, 1;
L_0x2340060 .part v0x2331320_0, 11, 1;
L_0x23403e0 .part v0x2330850_0, 9, 1;
L_0x2340590 .part v0x2330850_0, 11, 1;
L_0x2340740 .part v0x2330850_0, 2, 1;
L_0x23407e0 .part v0x2331320_0, 4, 1;
L_0x2340990 .part v0x2330850_0, 3, 1;
L_0x2340b40 .part v0x2330850_0, 6, 1;
L_0x2340f10 .part v0x2330850_0, 7, 1;
L_0x23410c0 .part v0x2330850_0, 8, 1;
L_0x2341270 .part v0x2330850_0, 9, 1;
L_0x2338d90 .part v0x2330850_0, 10, 1;
L_0x2338f40 .part v0x2330850_0, 11, 1;
L_0x2341cb0 .part v0x2330850_0, 12, 1;
L_0x2342210 .part v0x2330850_0, 2, 1;
L_0x23422b0 .part v0x2331320_0, 2, 1;
L_0x2340ca0 .part v0x2330850_0, 3, 1;
L_0x2340e50 .part v0x2330850_0, 4, 1;
L_0x2342350 .part v0x2331320_0, 2, 1;
L_0x2342a10 .part v0x2330850_0, 5, 1;
L_0x2342ab0 .part v0x2331320_0, 10, 1;
L_0x2342690 .part v0x2330850_0, 6, 1;
L_0x2342730 .part v0x2331320_0, 9, 1;
L_0x23427d0 .concat [ 1 31 0 0], L_0x2342730, L_0x7f2706a25060;
L_0x2341f00 .part v0x2331320_0, 8, 1;
L_0x2341fa0 .concat [ 1 31 0 0], L_0x2341f00, L_0x7f2706a250a8;
L_0x23430a0 .part/v v0x2331320_0, L_0x23420e0, 1;
L_0x2342da0 .part v0x2330850_0, 7, 1;
L_0x2342f50 .part v0x2330850_0, 9, 1;
L_0x23534b0 .part v0x2330850_0, 10, 1;
L_0x2353a10 .part v0x2330850_0, 11, 1;
L_0x2353bc0 .part v0x2330850_0, 12, 1;
L_0x2353c60 .part v0x2331640_0, 4, 1;
L_0x2353fe0 .part v0x2330850_0, 2, 1;
L_0x2354080 .part v0x2331320_0, 4, 1;
L_0x23541e0 .part v0x2331320_0, 1, 1;
L_0x2354390 .part v0x2331320_0, 4, 1;
L_0x2354650 .part v0x2330850_0, 4, 1;
L_0x23546f0 .part v0x2331320_0, 1, 1;
L_0x2353550 .part v0x2330850_0, 5, 1;
L_0x23535f0 .part v0x2331320_0, 9, 1;
L_0x2354de0 .part v0x2330850_0, 8, 1;
L_0x2354e80 .part v0x2331320_0, 11, 1;
L_0x23550f0 .part v0x2330850_0, 10, 1;
L_0x23552a0 .part v0x2330850_0, 11, 1;
L_0x2355450 .part v0x2330850_0, 2, 1;
L_0x23554f0 .part v0x2331320_0, 4, 1;
L_0x2355ac0 .part v0x2331320_0, 0, 1;
L_0x2354ac0 .part v0x2331320_0, 4, 1;
L_0x2354b60 .part v0x2331320_0, 3, 1;
L_0x233cdc0 .part v0x2330850_0, 3, 1;
L_0x233cf70 .part v0x2330850_0, 4, 1;
L_0x2355b60 .part v0x2331320_0, 0, 1;
L_0x2355e20 .part v0x2330850_0, 5, 1;
L_0x2355ec0 .part v0x2331320_0, 8, 1;
L_0x2356180 .part v0x2330850_0, 6, 1;
L_0x2356220 .part v0x2331320_0, 10, 1;
L_0x23562c0 .part v0x2331320_0, 9, 1;
L_0x23556a0 .part v0x2331320_0, 8, 1;
L_0x2356c10 .part v0x2330850_0, 7, 1;
L_0x2356d70 .part v0x2330850_0, 8, 1;
L_0x23573f0 .part v0x2330850_0, 9, 1;
L_0x23575a0 .part v0x2330850_0, 11, 1;
L_0x2357750 .part v0x2330850_0, 1, 1;
L_0x23577f0 .part v0x2330850_0, 3, 1;
L_0x23579a0 .part v0x2330850_0, 5, 1;
L_0x2357b50 .part v0x2330850_0, 9, 1;
L_0x2357d00 .part v0x2330850_0, 10, 1;
L_0x2356fe0 .part v0x2330850_0, 0, 1;
L_0x2357080 .part v0x2330850_0, 2, 1;
L_0x2357230 .part v0x2330850_0, 3, 1;
L_0x23572d0 .part v0x2331320_0, 10, 1;
L_0x2358560 .part v0x2330850_0, 4, 1;
L_0x2358710 .part v0x2330850_0, 5, 1;
L_0x23587b0 .part v0x2331320_0, 10, 1;
L_0x23580d0 .part v0x2330850_0, 6, 1;
L_0x2358280 .part v0x2330850_0, 8, 1;
L_0x2358e10 .part v0x2330850_0, 9, 1;
L_0x2358eb0 .part v0x2331320_0, 10, 1;
L_0x2359170 .part v0x2330850_0, 10, 1;
L_0x2358960 .part v0x2330850_0, 12, 1;
L_0x2358b10 .part v0x2330850_0, 0, 1;
L_0x2358bb0 .part v0x2330850_0, 3, 1;
L_0x2358c50 .part v0x2331320_0, 9, 1;
L_0x2359920 .part v0x2330850_0, 5, 1;
L_0x23599c0 .part v0x2331320_0, 9, 1;
L_0x2359c80 .part v0x2330850_0, 9, 1;
L_0x2359d20 .part v0x2331320_0, 9, 1;
L_0x2359320 .part v0x2330850_0, 10, 1;
L_0x23594d0 .part v0x2330850_0, 12, 1;
L_0x2359680 .part v0x2330850_0, 0, 1;
L_0x235a470 .part v0x2330850_0, 2, 1;
L_0x235ab80 .part v0x2330850_0, 3, 1;
L_0x235ac20 .part v0x2331320_0, 8, 1;
L_0x235a030 .part v0x2330850_0, 4, 1;
L_0x235a1e0 .part v0x2330850_0, 5, 1;
L_0x235a280 .part v0x2331320_0, 8, 1;
L_0x235a6e0 .part v0x2330850_0, 6, 1;
L_0x235a890 .part v0x2330850_0, 8, 1;
L_0x235aa40 .part v0x2330850_0, 9, 1;
L_0x235aae0 .part v0x2331320_0, 8, 1;
L_0x235b580 .part v0x2330850_0, 10, 1;
L_0x235bcd0 .part v0x2330850_0, 1, 1;
L_0x235bd70 .part v0x2330850_0, 5, 1;
L_0x235be10 .part v0x2331320_0, 11, 1;
L_0x235b060 .part v0x2330850_0, 0, 1;
L_0x23419a0 .part v0x2330850_0, 5, 1;
L_0x2341a40 .part v0x2331320_0, 11, 1;
L_0x235b620 .part v0x2330850_0, 3, 1;
L_0x235b6c0 .part v0x2331320_0, 4, 1;
L_0x235b930 .part v0x2331320_0, 3, 1;
L_0x235bae0 .part v0x2330850_0, 7, 1;
L_0x2341390 .part v0x2331320_0, 10, 1;
L_0x23414f0 .part v0x2331320_0, 9, 1;
L_0x23416f0 .part v0x2331320_0, 8, 1;
L_0x235c500 .part v0x2331320_0, 10, 1;
L_0x235ccc0 .part v0x2331320_0, 9, 1;
L_0x235cf30 .part v0x2331320_0, 8, 1;
L_0x235c010 .part v0x2331640_0, 0, 1;
L_0x235c170 .part v0x2331320_0, 10, 1;
L_0x235c3e0 .part v0x2331320_0, 9, 1;
L_0x235c640 .part v0x2331320_0, 8, 1;
L_0x235c9c0 .part v0x2331640_0, 0, 1;
L_0x235ca60 .part v0x2331320_0, 10, 1;
L_0x235e880 .part v0x2331320_0, 9, 1;
L_0x235ea30 .part v0x2331320_0, 8, 1;
L_0x235ecf0 .part v0x2331640_0, 0, 1;
L_0x235ee50 .part v0x2331640_0, 1, 1;
L_0x235eef0 .part v0x2331640_0, 2, 1;
L_0x235e1e0 .part v0x2331320_0, 10, 1;
L_0x235e390 .part v0x2331320_0, 9, 1;
L_0x235e600 .part v0x2331320_0, 8, 1;
L_0x235f160 .part v0x2331640_0, 0, 1;
L_0x235f310 .part v0x2331640_0, 1, 1;
L_0x233dcb0 .part v0x2331640_0, 2, 1;
L_0x235f610 .part v0x2331320_0, 10, 1;
L_0x235f7c0 .part v0x2331320_0, 9, 1;
L_0x235fb70 .part v0x2331320_0, 8, 1;
L_0x235fe30 .part v0x2331640_0, 1, 1;
L_0x235fed0 .part v0x2331640_0, 2, 1;
L_0x23602b0 .part v0x2331320_0, 10, 1;
L_0x2360460 .part v0x2331320_0, 9, 1;
L_0x2360d40 .part v0x2331320_0, 8, 1;
L_0x23610c0 .part v0x2331640_0, 1, 1;
L_0x2361160 .part v0x2331640_0, 2, 1;
L_0x2361310 .part v0x2331320_0, 10, 1;
L_0x2360610 .part v0x2331320_0, 9, 1;
L_0x23607c0 .part v0x2331320_0, 8, 1;
L_0x2361bb0 .part v0x2330850_0, 11, 1;
L_0x2361d60 .part v0x2330850_0, 12, 1;
L_0x2362570 .part v0x2331640_0, 4, 1;
L_0x2361560 .part v0x2330850_0, 7, 1;
L_0x2361600 .part v0x2331320_0, 10, 1;
L_0x2361760 .part v0x2331320_0, 9, 1;
L_0x23619d0 .part v0x2331320_0, 8, 1;
L_0x2361f60 .part v0x2331320_0, 10, 1;
L_0x23620c0 .part v0x2331320_0, 9, 1;
L_0x2362330 .part v0x2331320_0, 8, 1;
L_0x2362ed0 .part v0x2331640_0, 0, 1;
L_0x2363030 .part v0x2331320_0, 10, 1;
L_0x23632a0 .part v0x2331320_0, 9, 1;
L_0x2363450 .part v0x2331320_0, 8, 1;
L_0x2362960 .part v0x2331640_0, 0, 1;
L_0x2362a00 .part v0x2331320_0, 10, 1;
L_0x2362c70 .part v0x2331320_0, 9, 1;
L_0x2363cd0 .part v0x2331320_0, 8, 1;
L_0x2363650 .part v0x2331640_0, 0, 1;
L_0x23637b0 .part v0x2331640_0, 1, 1;
L_0x2363850 .part v0x2331640_0, 2, 1;
L_0x2363bd0 .part v0x2331320_0, 10, 1;
L_0x2363e80 .part v0x2331320_0, 9, 1;
L_0x23640f0 .part v0x2331320_0, 8, 1;
L_0x2364470 .part v0x2331640_0, 0, 1;
L_0x2364f00 .part v0x2331640_0, 1, 1;
L_0x2364fa0 .part v0x2331640_0, 2, 1;
L_0x2365150 .part v0x2331320_0, 10, 1;
L_0x2365300 .part v0x2331320_0, 9, 1;
L_0x2365570 .part v0x2331320_0, 8, 1;
L_0x2364840 .part v0x2331640_0, 1, 1;
L_0x23648e0 .part v0x2331640_0, 2, 1;
L_0x235f4c0 .part v0x2331320_0, 10, 1;
L_0x2365f80 .part v0x2331320_0, 9, 1;
L_0x2366130 .part v0x2331320_0, 8, 1;
L_0x23664b0 .part v0x2331640_0, 1, 1;
L_0x2365610 .part v0x2331640_0, 2, 1;
L_0x23657c0 .part v0x2331320_0, 10, 1;
L_0x2365970 .part v0x2331320_0, 9, 1;
L_0x2365b20 .part v0x2331320_0, 8, 1;
L_0x2368060 .part v0x2330850_0, 11, 1;
L_0x2368210 .part v0x2330850_0, 3, 1;
L_0x23682b0 .part v0x2331320_0, 14, 1;
L_0x23564e0 .part v0x2330850_0, 9, 1;
L_0x2356580 .part v0x2331320_0, 11, 1;
L_0x2356840 .part v0x2330850_0, 3, 1;
L_0x23568e0 .part v0x2331320_0, 13, 1;
L_0x2356a90 .part v0x2330850_0, 4, 1;
L_0x2366e30 .part v0x2330850_0, 6, 1;
L_0x2366ed0 .part v0x2331320_0, 10, 1;
L_0x2367860 .part v0x2331320_0, 9, 1;
L_0x2367a10 .part v0x2331320_0, 8, 1;
L_0x2367ea0 .part v0x2330850_0, 7, 1;
L_0x2367f40 .part v0x2331320_0, 7, 1;
L_0x2366770 .part v0x2330850_0, 9, 1;
L_0x2366810 .part v0x2331320_0, 11, 1;
L_0x2366ad0 .part v0x2330850_0, 11, 1;
L_0x2366c80 .part v0x2330850_0, 12, 1;
L_0x2366f70 .part v0x2330850_0, 3, 1;
L_0x2367010 .part v0x2331320_0, 12, 1;
LS_0x23671c0_0_0 .concat8 [ 1 1 1 1], L_0x236a130, L_0x23670b0, L_0x2366d20, L_0x2356730;
LS_0x23671c0_0_4 .concat8 [ 1 1 1 1], L_0x2368100, L_0x2361450, L_0x235b210, L_0x235afa0;
LS_0x23671c0_0_8 .concat8 [ 1 1 1 1], L_0x235bc10, L_0x2359570, L_0x2358a00, L_0x2356f20;
LS_0x23671c0_0_12 .concat8 [ 1 1 1 1], L_0x2357640, L_0x2355340, L_0x2353ed0, L_0x2341d50;
LS_0x23671c0_0_16 .concat8 [ 1 1 1 1], L_0x2340630, L_0x233e900, L_0x233be10, L_0x2338a70;
LS_0x23671c0_1_0 .concat8 [ 4 4 4 4], LS_0x23671c0_0_0, LS_0x23671c0_0_4, LS_0x23671c0_0_8, LS_0x23671c0_0_12;
LS_0x23671c0_1_4 .concat8 [ 4 0 0 0], LS_0x23671c0_0_16;
L_0x23671c0 .concat8 [ 16 4 0 0], LS_0x23671c0_1_0, LS_0x23671c0_1_4;
L_0x2369da0 .part v0x2330850_0, 2, 1;
L_0x2369e40 .part v0x2331320_0, 4, 1;
L_0x2369ff0 .part v0x2331320_0, 3, 1;
L_0x23694d0 .part v0x2330850_0, 3, 1;
L_0x2369570 .part v0x2331320_0, 11, 1;
L_0x2369830 .part v0x2330850_0, 4, 1;
L_0x23698d0 .part v0x2331320_0, 4, 1;
L_0x2369b90 .part v0x2330850_0, 7, 1;
L_0x2369c30 .part v0x2331320_0, 10, 1;
L_0x236aa20 .part v0x2331320_0, 9, 1;
L_0x236abd0 .part v0x2331320_0, 8, 1;
L_0x236b7e0 .part v0x2331320_0, 7, 1;
L_0x236a290 .part v0x2330850_0, 5, 1;
L_0x236a330 .part v0x2331320_0, 11, 1;
S_0x2330280 .scope module, "state_unit" "State" 3 34, 6 1 0, S_0x22e5bf0;
 .timescale 0 0;
    .port_info 0 /INPUT 13 "d"
    .port_info 1 /OUTPUT 13 "q"
    .port_info 2 /INPUT 1 "clk"
    .port_info 3 /INPUT 1 "preset"
v0x23305b0_0 .net "clk", 0 0, v0x2331100_0;  alias, 1 drivers
v0x2330690_0 .net "d", 12 0, L_0x2335140;  alias, 1 drivers
v0x2330780_0 .net "preset", 0 0, v0x2331410_0;  alias, 1 drivers
v0x2330850_0 .var "q", 12 0;
E_0x23304f0 .event edge, v0x2330780_0;
E_0x2330550 .event posedge, v0x23305b0_0;
    .scope S_0x2330280;
T_0 ;
    %wait E_0x2330550;
    %load/vec4 v0x2330690_0;
    %assign/vec4 v0x2330850_0, 0;
    %jmp T_0;
    .thread T_0;
    .scope S_0x2330280;
T_1 ;
    %wait E_0x23304f0;
    %load/vec4 v0x2330780_0;
    %flag_set/vec4 8;
    %jmp/0xz  T_1.0, 8;
    %pushi/vec4 1, 0, 13;
    %assign/vec4 v0x2330850_0, 0;
T_1.0 ;
    %jmp T_1;
    .thread T_1, $push;
    .scope S_0x2236520;
T_2 ;
    %delay 10, 0;
    %load/vec4 v0x2331100_0;
    %inv;
    %store/vec4 v0x2331100_0, 0, 1;
    %jmp T_2;
    .thread T_2;
    .scope S_0x2236520;
T_3 ;
    %vpi_call 2 20 "$dumpfile", "controlunit.vcd" {0 0 0};
    %vpi_call 2 21 "$dumpvars", 32'sb00000000000000000000000000000000, S_0x2236520 {0 0 0};
    %pushi/vec4 1, 0, 1;
    %store/vec4 v0x2331100_0, 0, 1;
    %pushi/vec4 0, 0, 5;
    %store/vec4 v0x2331640_0, 0, 5;
    %pushi/vec4 1, 0, 1;
    %store/vec4 v0x2331410_0, 0, 1;
    %pushi/vec4 8994, 0, 16;
    %store/vec4 v0x2331320_0, 0, 16;
    %delay 100, 0;
    %pushi/vec4 14081, 0, 16;
    %store/vec4 v0x2331320_0, 0, 16;
    %delay 100, 0;
    %pushi/vec4 16145, 0, 16;
    %store/vec4 v0x2331320_0, 0, 16;
    %delay 100, 0;
    %pushi/vec4 18439, 0, 16;
    %store/vec4 v0x2331320_0, 0, 16;
    %delay 100, 0;
    %pushi/vec4 18943, 0, 16;
    %store/vec4 v0x2331320_0, 0, 16;
    %delay 100, 0;
    %pushi/vec4 22527, 0, 16;
    %store/vec4 v0x2331320_0, 0, 16;
    %delay 100, 0;
    %pushi/vec4 24575, 0, 16;
    %store/vec4 v0x2331320_0, 0, 16;
    %delay 100, 0;
    %pushi/vec4 65520, 0, 16;
    %store/vec4 v0x2331320_0, 0, 16;
    %delay 120, 0;
    %vpi_call 2 34 "$finish" {0 0 0};
    %end;
    .thread T_3;
# The file index is used to find the file name in the following table.
:file_names 7;
    "N/A";
    "<interactive>";
    "testbench.v";
    "./ControlUnit.v";
    "./NextStateLogic.v";
    "./OutputLogic.v";
    "./State.v";
